Simulator report for exp3_2
Wed Dec 14 20:39:56 2022
Quartus II Version 9.0 Build 132 02/25/2009 SJ Full Version


---------------------
; Table of Contents ;
---------------------
  1. Legal Notice
  2. Simulator Summary
  3. Simulator Settings
  4. Simulation Waveforms
  5. Coverage Summary
  6. Complete 1/0-Value Coverage
  7. Missing 1-Value Coverage
  8. Missing 0-Value Coverage
  9. Simulator INI Usage
 10. Simulator Messages



----------------
; Legal Notice ;
----------------
Copyright (C) 1991-2009 Altera Corporation
Your use of Altera Corporation's design tools, logic functions 
and other software and tools, and its AMPP partner logic 
functions, and any output files from any of the foregoing 
(including device programming or simulation files), and any 
associated documentation or information are expressly subject 
to the terms and conditions of the Altera Program License 
Subscription Agreement, Altera MegaCore Function License 
Agreement, or other applicable license agreement, including, 
without limitation, that your use is for the sole purpose of 
programming logic devices manufactured by Altera and sold by 
Altera or its authorized distributors.  Please refer to the 
applicable agreement for further details.



+--------------------------------------------+
; Simulator Summary                          ;
+-----------------------------+--------------+
; Type                        ; Value        ;
+-----------------------------+--------------+
; Simulation Start Time       ; 0 ps         ;
; Simulation End Time         ; 1.0 us       ;
; Simulation Netlist Size     ; 110 nodes    ;
; Simulation Coverage         ;      52.59 % ;
; Total Number of Transitions ; 1801         ;
; Simulation Breakpoints      ; 0            ;
; Family                      ; Cyclone      ;
+-----------------------------+--------------+


+-------------------------------------------------------------------------------------------------------------------------+
; Simulator Settings                                                                                                      ;
+--------------------------------------------------------------------------------------------+------------+---------------+
; Option                                                                                     ; Setting    ; Default Value ;
+--------------------------------------------------------------------------------------------+------------+---------------+
; Simulation mode                                                                            ; Functional ; Timing        ;
; Start time                                                                                 ; 0 ns       ; 0 ns          ;
; Simulation results format                                                                  ; CVWF       ;               ;
; Vector input source                                                                        ; exp3_2.vwf ;               ;
; Add pins automatically to simulation output waveforms                                      ; On         ; On            ;
; Check outputs                                                                              ; Off        ; Off           ;
; Report simulation coverage                                                                 ; On         ; On            ;
; Display complete 1/0 value coverage report                                                 ; On         ; On            ;
; Display missing 1-value coverage report                                                    ; On         ; On            ;
; Display missing 0-value coverage report                                                    ; On         ; On            ;
; Detect setup and hold time violations                                                      ; Off        ; Off           ;
; Detect glitches                                                                            ; Off        ; Off           ;
; Disable timing delays in Timing Simulation                                                 ; Off        ; Off           ;
; Generate Signal Activity File                                                              ; Off        ; Off           ;
; Generate VCD File for PowerPlay Power Analyzer                                             ; Off        ; Off           ;
; Group bus channels in simulation results                                                   ; Off        ; Off           ;
; Preserve fewer signal transitions to reduce memory requirements                            ; On         ; On            ;
; Trigger vector comparison with the specified mode                                          ; INPUT_EDGE ; INPUT_EDGE    ;
; Disable setup and hold time violations detection in input registers of bi-directional pins ; Off        ; Off           ;
; Overwrite Waveform Inputs With Simulation Outputs                                          ; Off        ;               ;
; Perform Glitch Filtering in Timing Simulation                                              ; Auto       ; Auto          ;
+--------------------------------------------------------------------------------------------+------------+---------------+


+----------------------+
; Simulation Waveforms ;
+----------------------+
Waveform report data cannot be output to ASCII.
Please use Quartus II to view the waveform report data.


+--------------------------------------------------------------------+
; Coverage Summary                                                   ;
+-----------------------------------------------------+--------------+
; Type                                                ; Value        ;
+-----------------------------------------------------+--------------+
; Total coverage as a percentage                      ;      52.59 % ;
; Total nodes checked                                 ; 110          ;
; Total output ports checked                          ; 116          ;
; Total output ports with complete 1/0-value coverage ; 61           ;
; Total output ports with no 1/0-value coverage       ; 55           ;
; Total output ports with no 1-value coverage         ; 55           ;
; Total output ports with no 0-value coverage         ; 55           ;
+-----------------------------------------------------+--------------+


The following table displays output ports that toggle between 1 and 0 during simulation.
+---------------------------------------------------------------------------------------------------------------------------------------------------------------------------------------------------------------+
; Complete 1/0-Value Coverage                                                                                                                                                                                   ;
+-------------------------------------------------------------------------------------------+------------------------------------------------------------------------------------------------+------------------+
; Node Name                                                                                 ; Output Port Name                                                                               ; Output Port Type ;
+-------------------------------------------------------------------------------------------+------------------------------------------------------------------------------------------------+------------------+
; |exp3_2|cp                                                                                ; |exp3_2|cp                                                                                     ; out              ;
; |exp3_2|inst1                                                                             ; |exp3_2|inst1                                                                                  ; out0             ;
; |exp3_2|q4                                                                                ; |exp3_2|q4                                                                                     ; pin_out          ;
; |exp3_2|q0                                                                                ; |exp3_2|q0                                                                                     ; pin_out          ;
; |exp3_2|q1                                                                                ; |exp3_2|q1                                                                                     ; pin_out          ;
; |exp3_2|q2                                                                                ; |exp3_2|q2                                                                                     ; pin_out          ;
; |exp3_2|q3                                                                                ; |exp3_2|q3                                                                                     ; pin_out          ;
; |exp3_2|My74161:inst|Q[0]                                                                 ; |exp3_2|My74161:inst|Q[0]                                                                      ; regout           ;
; |exp3_2|My74161:inst|Q~4                                                                  ; |exp3_2|My74161:inst|Q~4                                                                       ; out              ;
; |exp3_2|My74161:inst|Q~5                                                                  ; |exp3_2|My74161:inst|Q~5                                                                       ; out              ;
; |exp3_2|My74161:inst|Q~6                                                                  ; |exp3_2|My74161:inst|Q~6                                                                       ; out              ;
; |exp3_2|My74161:inst|Q~7                                                                  ; |exp3_2|My74161:inst|Q~7                                                                       ; out              ;
; |exp3_2|My74161:inst|Q[3]                                                                 ; |exp3_2|My74161:inst|Q[3]                                                                      ; regout           ;
; |exp3_2|My74161:inst|Q[2]                                                                 ; |exp3_2|My74161:inst|Q[2]                                                                      ; regout           ;
; |exp3_2|My74161:inst|Q[1]                                                                 ; |exp3_2|My74161:inst|Q[1]                                                                      ; regout           ;
; |exp3_2|My74161:inst|co~0                                                                 ; |exp3_2|My74161:inst|co~0                                                                      ; out0             ;
; |exp3_2|My74161:inst|co~1                                                                 ; |exp3_2|My74161:inst|co~1                                                                      ; out0             ;
; |exp3_2|My74161:inst|co~2                                                                 ; |exp3_2|My74161:inst|co~2                                                                      ; out0             ;
; |exp3_2|My74161:inst7|Q[0]                                                                ; |exp3_2|My74161:inst7|Q[0]                                                                     ; regout           ;
; |exp3_2|My74161:inst7|Q~3                                                                 ; |exp3_2|My74161:inst7|Q~3                                                                      ; out              ;
; |exp3_2|My74161:inst7|Q~7                                                                 ; |exp3_2|My74161:inst7|Q~7                                                                      ; out              ;
; |exp3_2|My74161:inst7|lpm_add_sub:Add0|result_node[0]                                     ; |exp3_2|My74161:inst7|lpm_add_sub:Add0|result_node[0]                                          ; out0             ;
; |exp3_2|My74161:inst7|lpm_add_sub:Add0|result_node[1]                                     ; |exp3_2|My74161:inst7|lpm_add_sub:Add0|result_node[1]                                          ; out0             ;
; |exp3_2|My74161:inst7|lpm_add_sub:Add0|addcore:adder|unreg_res_node[0]~0                  ; |exp3_2|My74161:inst7|lpm_add_sub:Add0|addcore:adder|unreg_res_node[0]~0                       ; out0             ;
; |exp3_2|My74161:inst7|lpm_add_sub:Add0|addcore:adder|unreg_res_node[0]                    ; |exp3_2|My74161:inst7|lpm_add_sub:Add0|addcore:adder|unreg_res_node[0]                         ; out0             ;
; |exp3_2|My74161:inst7|lpm_add_sub:Add0|addcore:adder|_~0                                  ; |exp3_2|My74161:inst7|lpm_add_sub:Add0|addcore:adder|_~0                                       ; out0             ;
; |exp3_2|My74161:inst7|lpm_add_sub:Add0|addcore:adder|_~3                                  ; |exp3_2|My74161:inst7|lpm_add_sub:Add0|addcore:adder|_~3                                       ; out0             ;
; |exp3_2|My74161:inst7|lpm_add_sub:Add0|addcore:adder|unreg_res_node[1]                    ; |exp3_2|My74161:inst7|lpm_add_sub:Add0|addcore:adder|unreg_res_node[1]                         ; out0             ;
; |exp3_2|My74161:inst7|lpm_add_sub:Add0|addcore:adder|a_csnbuffer:result_node|cs_buffer[1] ; |exp3_2|My74161:inst7|lpm_add_sub:Add0|addcore:adder|a_csnbuffer:result_node|cs_buffer[1]      ; sout             ;
; |exp3_2|My74161:inst7|lpm_add_sub:Add0|addcore:adder|a_csnbuffer:result_node|cs_buffer[0] ; |exp3_2|My74161:inst7|lpm_add_sub:Add0|addcore:adder|a_csnbuffer:result_node|cs_buffer[0]~COUT ; cout             ;
; |exp3_2|My74161:inst7|lpm_add_sub:Add0|addcore:adder|a_csnbuffer:result_node|cs_buffer[0] ; |exp3_2|My74161:inst7|lpm_add_sub:Add0|addcore:adder|a_csnbuffer:result_node|cs_buffer[0]      ; sout             ;
; |exp3_2|My74161:inst|lpm_add_sub:Add0|result_node[0]                                      ; |exp3_2|My74161:inst|lpm_add_sub:Add0|result_node[0]                                           ; out0             ;
; |exp3_2|My74161:inst|lpm_add_sub:Add0|result_node[1]                                      ; |exp3_2|My74161:inst|lpm_add_sub:Add0|result_node[1]                                           ; out0             ;
; |exp3_2|My74161:inst|lpm_add_sub:Add0|result_node[2]                                      ; |exp3_2|My74161:inst|lpm_add_sub:Add0|result_node[2]                                           ; out0             ;
; |exp3_2|My74161:inst|lpm_add_sub:Add0|result_node[3]                                      ; |exp3_2|My74161:inst|lpm_add_sub:Add0|result_node[3]                                           ; out0             ;
; |exp3_2|My74161:inst|lpm_add_sub:Add0|addcore:adder|unreg_res_node[0]~0                   ; |exp3_2|My74161:inst|lpm_add_sub:Add0|addcore:adder|unreg_res_node[0]~0                        ; out0             ;
; |exp3_2|My74161:inst|lpm_add_sub:Add0|addcore:adder|unreg_res_node[0]                     ; |exp3_2|My74161:inst|lpm_add_sub:Add0|addcore:adder|unreg_res_node[0]                          ; out0             ;
; |exp3_2|My74161:inst|lpm_add_sub:Add0|addcore:adder|_~0                                   ; |exp3_2|My74161:inst|lpm_add_sub:Add0|addcore:adder|_~0                                        ; out0             ;
; |exp3_2|My74161:inst|lpm_add_sub:Add0|addcore:adder|_~3                                   ; |exp3_2|My74161:inst|lpm_add_sub:Add0|addcore:adder|_~3                                        ; out0             ;
; |exp3_2|My74161:inst|lpm_add_sub:Add0|addcore:adder|unreg_res_node[3]~1                   ; |exp3_2|My74161:inst|lpm_add_sub:Add0|addcore:adder|unreg_res_node[3]~1                        ; out0             ;
; |exp3_2|My74161:inst|lpm_add_sub:Add0|addcore:adder|unreg_res_node[2]~2                   ; |exp3_2|My74161:inst|lpm_add_sub:Add0|addcore:adder|unreg_res_node[2]~2                        ; out0             ;
; |exp3_2|My74161:inst|lpm_add_sub:Add0|addcore:adder|unreg_res_node[1]~3                   ; |exp3_2|My74161:inst|lpm_add_sub:Add0|addcore:adder|unreg_res_node[1]~3                        ; out0             ;
; |exp3_2|My74161:inst|lpm_add_sub:Add0|addcore:adder|unreg_res_node[3]                     ; |exp3_2|My74161:inst|lpm_add_sub:Add0|addcore:adder|unreg_res_node[3]                          ; out0             ;
; |exp3_2|My74161:inst|lpm_add_sub:Add0|addcore:adder|unreg_res_node[2]                     ; |exp3_2|My74161:inst|lpm_add_sub:Add0|addcore:adder|unreg_res_node[2]                          ; out0             ;
; |exp3_2|My74161:inst|lpm_add_sub:Add0|addcore:adder|unreg_res_node[1]                     ; |exp3_2|My74161:inst|lpm_add_sub:Add0|addcore:adder|unreg_res_node[1]                          ; out0             ;
; |exp3_2|My74161:inst|lpm_add_sub:Add0|addcore:adder|_~7                                   ; |exp3_2|My74161:inst|lpm_add_sub:Add0|addcore:adder|_~7                                        ; out0             ;
; |exp3_2|My74161:inst|lpm_add_sub:Add0|addcore:adder|_~8                                   ; |exp3_2|My74161:inst|lpm_add_sub:Add0|addcore:adder|_~8                                        ; out0             ;
; |exp3_2|My74161:inst|lpm_add_sub:Add0|addcore:adder|_~9                                   ; |exp3_2|My74161:inst|lpm_add_sub:Add0|addcore:adder|_~9                                        ; out0             ;
; |exp3_2|My74161:inst|lpm_add_sub:Add0|addcore:adder|_~10                                  ; |exp3_2|My74161:inst|lpm_add_sub:Add0|addcore:adder|_~10                                       ; out0             ;
; |exp3_2|My74161:inst|lpm_add_sub:Add0|addcore:adder|_~11                                  ; |exp3_2|My74161:inst|lpm_add_sub:Add0|addcore:adder|_~11                                       ; out0             ;
; |exp3_2|My74161:inst|lpm_add_sub:Add0|addcore:adder|_~12                                  ; |exp3_2|My74161:inst|lpm_add_sub:Add0|addcore:adder|_~12                                       ; out0             ;
; |exp3_2|My74161:inst|lpm_add_sub:Add0|addcore:adder|_~13                                  ; |exp3_2|My74161:inst|lpm_add_sub:Add0|addcore:adder|_~13                                       ; out0             ;
; |exp3_2|My74161:inst|lpm_add_sub:Add0|addcore:adder|_~14                                  ; |exp3_2|My74161:inst|lpm_add_sub:Add0|addcore:adder|_~14                                       ; out0             ;
; |exp3_2|My74161:inst|lpm_add_sub:Add0|addcore:adder|_~15                                  ; |exp3_2|My74161:inst|lpm_add_sub:Add0|addcore:adder|_~15                                       ; out0             ;
; |exp3_2|My74161:inst|lpm_add_sub:Add0|addcore:adder|a_csnbuffer:result_node|cs_buffer[3]  ; |exp3_2|My74161:inst|lpm_add_sub:Add0|addcore:adder|a_csnbuffer:result_node|cs_buffer[3]       ; sout             ;
; |exp3_2|My74161:inst|lpm_add_sub:Add0|addcore:adder|a_csnbuffer:result_node|cs_buffer[2]  ; |exp3_2|My74161:inst|lpm_add_sub:Add0|addcore:adder|a_csnbuffer:result_node|cs_buffer[2]~COUT  ; cout             ;
; |exp3_2|My74161:inst|lpm_add_sub:Add0|addcore:adder|a_csnbuffer:result_node|cs_buffer[2]  ; |exp3_2|My74161:inst|lpm_add_sub:Add0|addcore:adder|a_csnbuffer:result_node|cs_buffer[2]       ; sout             ;
; |exp3_2|My74161:inst|lpm_add_sub:Add0|addcore:adder|a_csnbuffer:result_node|cs_buffer[1]  ; |exp3_2|My74161:inst|lpm_add_sub:Add0|addcore:adder|a_csnbuffer:result_node|cs_buffer[1]~COUT  ; cout             ;
; |exp3_2|My74161:inst|lpm_add_sub:Add0|addcore:adder|a_csnbuffer:result_node|cs_buffer[1]  ; |exp3_2|My74161:inst|lpm_add_sub:Add0|addcore:adder|a_csnbuffer:result_node|cs_buffer[1]       ; sout             ;
; |exp3_2|My74161:inst|lpm_add_sub:Add0|addcore:adder|a_csnbuffer:result_node|cs_buffer[0]  ; |exp3_2|My74161:inst|lpm_add_sub:Add0|addcore:adder|a_csnbuffer:result_node|cs_buffer[0]~COUT  ; cout             ;
; |exp3_2|My74161:inst|lpm_add_sub:Add0|addcore:adder|a_csnbuffer:result_node|cs_buffer[0]  ; |exp3_2|My74161:inst|lpm_add_sub:Add0|addcore:adder|a_csnbuffer:result_node|cs_buffer[0]       ; sout             ;
+-------------------------------------------------------------------------------------------+------------------------------------------------------------------------------------------------+------------------+


The following table displays output ports that do not toggle to 1 during simulation.
+---------------------------------------------------------------------------------------------------------------------------------------------------------------------------------------------------------------+
; Missing 1-Value Coverage                                                                                                                                                                                      ;
+-------------------------------------------------------------------------------------------+------------------------------------------------------------------------------------------------+------------------+
; Node Name                                                                                 ; Output Port Name                                                                               ; Output Port Type ;
+-------------------------------------------------------------------------------------------+------------------------------------------------------------------------------------------------+------------------+
; |exp3_2|q7                                                                                ; |exp3_2|q7                                                                                     ; pin_out          ;
; |exp3_2|Reset                                                                             ; |exp3_2|Reset                                                                                  ; out              ;
; |exp3_2|q6                                                                                ; |exp3_2|q6                                                                                     ; pin_out          ;
; |exp3_2|q5                                                                                ; |exp3_2|q5                                                                                     ; pin_out          ;
; |exp3_2|My74161:inst7|Q~0                                                                 ; |exp3_2|My74161:inst7|Q~0                                                                      ; out              ;
; |exp3_2|My74161:inst7|Q~1                                                                 ; |exp3_2|My74161:inst7|Q~1                                                                      ; out              ;
; |exp3_2|My74161:inst7|Q~2                                                                 ; |exp3_2|My74161:inst7|Q~2                                                                      ; out              ;
; |exp3_2|My74161:inst7|Q~4                                                                 ; |exp3_2|My74161:inst7|Q~4                                                                      ; out              ;
; |exp3_2|My74161:inst7|Q~5                                                                 ; |exp3_2|My74161:inst7|Q~5                                                                      ; out              ;
; |exp3_2|My74161:inst7|Q~6                                                                 ; |exp3_2|My74161:inst7|Q~6                                                                      ; out              ;
; |exp3_2|My74161:inst7|Q[3]                                                                ; |exp3_2|My74161:inst7|Q[3]                                                                     ; regout           ;
; |exp3_2|My74161:inst7|Q[2]                                                                ; |exp3_2|My74161:inst7|Q[2]                                                                     ; regout           ;
; |exp3_2|My74161:inst7|Q[1]                                                                ; |exp3_2|My74161:inst7|Q[1]                                                                     ; regout           ;
; |exp3_2|My74161:inst7|lpm_add_sub:Add0|result_node[2]                                     ; |exp3_2|My74161:inst7|lpm_add_sub:Add0|result_node[2]                                          ; out0             ;
; |exp3_2|My74161:inst7|lpm_add_sub:Add0|result_node[3]                                     ; |exp3_2|My74161:inst7|lpm_add_sub:Add0|result_node[3]                                          ; out0             ;
; |exp3_2|My74161:inst7|lpm_add_sub:Add0|addcore:adder|datab_node[0]~0                      ; |exp3_2|My74161:inst7|lpm_add_sub:Add0|addcore:adder|datab_node[0]~0                           ; out0             ;
; |exp3_2|My74161:inst7|lpm_add_sub:Add0|addcore:adder|datab_node[0]                        ; |exp3_2|My74161:inst7|lpm_add_sub:Add0|addcore:adder|datab_node[0]                             ; out0             ;
; |exp3_2|My74161:inst7|lpm_add_sub:Add0|addcore:adder|_~1                                  ; |exp3_2|My74161:inst7|lpm_add_sub:Add0|addcore:adder|_~1                                       ; out0             ;
; |exp3_2|My74161:inst7|lpm_add_sub:Add0|addcore:adder|_~2                                  ; |exp3_2|My74161:inst7|lpm_add_sub:Add0|addcore:adder|_~2                                       ; out0             ;
; |exp3_2|My74161:inst7|lpm_add_sub:Add0|addcore:adder|datab_node[3]~1                      ; |exp3_2|My74161:inst7|lpm_add_sub:Add0|addcore:adder|datab_node[3]~1                           ; out0             ;
; |exp3_2|My74161:inst7|lpm_add_sub:Add0|addcore:adder|datab_node[3]                        ; |exp3_2|My74161:inst7|lpm_add_sub:Add0|addcore:adder|datab_node[3]                             ; out0             ;
; |exp3_2|My74161:inst7|lpm_add_sub:Add0|addcore:adder|datab_node[2]                        ; |exp3_2|My74161:inst7|lpm_add_sub:Add0|addcore:adder|datab_node[2]                             ; out0             ;
; |exp3_2|My74161:inst7|lpm_add_sub:Add0|addcore:adder|datab_node[1]                        ; |exp3_2|My74161:inst7|lpm_add_sub:Add0|addcore:adder|datab_node[1]                             ; out0             ;
; |exp3_2|My74161:inst7|lpm_add_sub:Add0|addcore:adder|unreg_res_node[3]~1                  ; |exp3_2|My74161:inst7|lpm_add_sub:Add0|addcore:adder|unreg_res_node[3]~1                       ; out0             ;
; |exp3_2|My74161:inst7|lpm_add_sub:Add0|addcore:adder|unreg_res_node[2]~2                  ; |exp3_2|My74161:inst7|lpm_add_sub:Add0|addcore:adder|unreg_res_node[2]~2                       ; out0             ;
; |exp3_2|My74161:inst7|lpm_add_sub:Add0|addcore:adder|unreg_res_node[1]~3                  ; |exp3_2|My74161:inst7|lpm_add_sub:Add0|addcore:adder|unreg_res_node[1]~3                       ; out0             ;
; |exp3_2|My74161:inst7|lpm_add_sub:Add0|addcore:adder|unreg_res_node[3]                    ; |exp3_2|My74161:inst7|lpm_add_sub:Add0|addcore:adder|unreg_res_node[3]                         ; out0             ;
; |exp3_2|My74161:inst7|lpm_add_sub:Add0|addcore:adder|unreg_res_node[2]                    ; |exp3_2|My74161:inst7|lpm_add_sub:Add0|addcore:adder|unreg_res_node[2]                         ; out0             ;
; |exp3_2|My74161:inst7|lpm_add_sub:Add0|addcore:adder|_~4                                  ; |exp3_2|My74161:inst7|lpm_add_sub:Add0|addcore:adder|_~4                                       ; out0             ;
; |exp3_2|My74161:inst7|lpm_add_sub:Add0|addcore:adder|_~5                                  ; |exp3_2|My74161:inst7|lpm_add_sub:Add0|addcore:adder|_~5                                       ; out0             ;
; |exp3_2|My74161:inst7|lpm_add_sub:Add0|addcore:adder|_~6                                  ; |exp3_2|My74161:inst7|lpm_add_sub:Add0|addcore:adder|_~6                                       ; out0             ;
; |exp3_2|My74161:inst7|lpm_add_sub:Add0|addcore:adder|_~7                                  ; |exp3_2|My74161:inst7|lpm_add_sub:Add0|addcore:adder|_~7                                       ; out0             ;
; |exp3_2|My74161:inst7|lpm_add_sub:Add0|addcore:adder|_~8                                  ; |exp3_2|My74161:inst7|lpm_add_sub:Add0|addcore:adder|_~8                                       ; out0             ;
; |exp3_2|My74161:inst7|lpm_add_sub:Add0|addcore:adder|_~9                                  ; |exp3_2|My74161:inst7|lpm_add_sub:Add0|addcore:adder|_~9                                       ; out0             ;
; |exp3_2|My74161:inst7|lpm_add_sub:Add0|addcore:adder|_~10                                 ; |exp3_2|My74161:inst7|lpm_add_sub:Add0|addcore:adder|_~10                                      ; out0             ;
; |exp3_2|My74161:inst7|lpm_add_sub:Add0|addcore:adder|_~11                                 ; |exp3_2|My74161:inst7|lpm_add_sub:Add0|addcore:adder|_~11                                      ; out0             ;
; |exp3_2|My74161:inst7|lpm_add_sub:Add0|addcore:adder|_~12                                 ; |exp3_2|My74161:inst7|lpm_add_sub:Add0|addcore:adder|_~12                                      ; out0             ;
; |exp3_2|My74161:inst7|lpm_add_sub:Add0|addcore:adder|_~13                                 ; |exp3_2|My74161:inst7|lpm_add_sub:Add0|addcore:adder|_~13                                      ; out0             ;
; |exp3_2|My74161:inst7|lpm_add_sub:Add0|addcore:adder|_~14                                 ; |exp3_2|My74161:inst7|lpm_add_sub:Add0|addcore:adder|_~14                                      ; out0             ;
; |exp3_2|My74161:inst7|lpm_add_sub:Add0|addcore:adder|_~15                                 ; |exp3_2|My74161:inst7|lpm_add_sub:Add0|addcore:adder|_~15                                      ; out0             ;
; |exp3_2|My74161:inst7|lpm_add_sub:Add0|addcore:adder|a_csnbuffer:result_node|cs_buffer[3] ; |exp3_2|My74161:inst7|lpm_add_sub:Add0|addcore:adder|a_csnbuffer:result_node|cs_buffer[3]      ; sout             ;
; |exp3_2|My74161:inst7|lpm_add_sub:Add0|addcore:adder|a_csnbuffer:result_node|cs_buffer[2] ; |exp3_2|My74161:inst7|lpm_add_sub:Add0|addcore:adder|a_csnbuffer:result_node|cs_buffer[2]~COUT ; cout             ;
; |exp3_2|My74161:inst7|lpm_add_sub:Add0|addcore:adder|a_csnbuffer:result_node|cs_buffer[2] ; |exp3_2|My74161:inst7|lpm_add_sub:Add0|addcore:adder|a_csnbuffer:result_node|cs_buffer[2]      ; sout             ;
; |exp3_2|My74161:inst7|lpm_add_sub:Add0|addcore:adder|a_csnbuffer:result_node|cs_buffer[1] ; |exp3_2|My74161:inst7|lpm_add_sub:Add0|addcore:adder|a_csnbuffer:result_node|cs_buffer[1]~COUT ; cout             ;
; |exp3_2|My74161:inst|lpm_add_sub:Add0|addcore:adder|datab_node[0]~0                       ; |exp3_2|My74161:inst|lpm_add_sub:Add0|addcore:adder|datab_node[0]~0                            ; out0             ;
; |exp3_2|My74161:inst|lpm_add_sub:Add0|addcore:adder|datab_node[0]                         ; |exp3_2|My74161:inst|lpm_add_sub:Add0|addcore:adder|datab_node[0]                              ; out0             ;
; |exp3_2|My74161:inst|lpm_add_sub:Add0|addcore:adder|_~1                                   ; |exp3_2|My74161:inst|lpm_add_sub:Add0|addcore:adder|_~1                                        ; out0             ;
; |exp3_2|My74161:inst|lpm_add_sub:Add0|addcore:adder|_~2                                   ; |exp3_2|My74161:inst|lpm_add_sub:Add0|addcore:adder|_~2                                        ; out0             ;
; |exp3_2|My74161:inst|lpm_add_sub:Add0|addcore:adder|datab_node[3]~1                       ; |exp3_2|My74161:inst|lpm_add_sub:Add0|addcore:adder|datab_node[3]~1                            ; out0             ;
; |exp3_2|My74161:inst|lpm_add_sub:Add0|addcore:adder|datab_node[3]                         ; |exp3_2|My74161:inst|lpm_add_sub:Add0|addcore:adder|datab_node[3]                              ; out0             ;
; |exp3_2|My74161:inst|lpm_add_sub:Add0|addcore:adder|datab_node[2]                         ; |exp3_2|My74161:inst|lpm_add_sub:Add0|addcore:adder|datab_node[2]                              ; out0             ;
; |exp3_2|My74161:inst|lpm_add_sub:Add0|addcore:adder|datab_node[1]                         ; |exp3_2|My74161:inst|lpm_add_sub:Add0|addcore:adder|datab_node[1]                              ; out0             ;
; |exp3_2|My74161:inst|lpm_add_sub:Add0|addcore:adder|_~4                                   ; |exp3_2|My74161:inst|lpm_add_sub:Add0|addcore:adder|_~4                                        ; out0             ;
; |exp3_2|My74161:inst|lpm_add_sub:Add0|addcore:adder|_~5                                   ; |exp3_2|My74161:inst|lpm_add_sub:Add0|addcore:adder|_~5                                        ; out0             ;
; |exp3_2|My74161:inst|lpm_add_sub:Add0|addcore:adder|_~6                                   ; |exp3_2|My74161:inst|lpm_add_sub:Add0|addcore:adder|_~6                                        ; out0             ;
+-------------------------------------------------------------------------------------------+------------------------------------------------------------------------------------------------+------------------+


The following table displays output ports that do not toggle to 0 during simulation.
+---------------------------------------------------------------------------------------------------------------------------------------------------------------------------------------------------------------+
; Missing 0-Value Coverage                                                                                                                                                                                      ;
+-------------------------------------------------------------------------------------------+------------------------------------------------------------------------------------------------+------------------+
; Node Name                                                                                 ; Output Port Name                                                                               ; Output Port Type ;
+-------------------------------------------------------------------------------------------+------------------------------------------------------------------------------------------------+------------------+
; |exp3_2|q7                                                                                ; |exp3_2|q7                                                                                     ; pin_out          ;
; |exp3_2|Reset                                                                             ; |exp3_2|Reset                                                                                  ; out              ;
; |exp3_2|q6                                                                                ; |exp3_2|q6                                                                                     ; pin_out          ;
; |exp3_2|q5                                                                                ; |exp3_2|q5                                                                                     ; pin_out          ;
; |exp3_2|My74161:inst7|Q~0                                                                 ; |exp3_2|My74161:inst7|Q~0                                                                      ; out              ;
; |exp3_2|My74161:inst7|Q~1                                                                 ; |exp3_2|My74161:inst7|Q~1                                                                      ; out              ;
; |exp3_2|My74161:inst7|Q~2                                                                 ; |exp3_2|My74161:inst7|Q~2                                                                      ; out              ;
; |exp3_2|My74161:inst7|Q~4                                                                 ; |exp3_2|My74161:inst7|Q~4                                                                      ; out              ;
; |exp3_2|My74161:inst7|Q~5                                                                 ; |exp3_2|My74161:inst7|Q~5                                                                      ; out              ;
; |exp3_2|My74161:inst7|Q~6                                                                 ; |exp3_2|My74161:inst7|Q~6                                                                      ; out              ;
; |exp3_2|My74161:inst7|Q[3]                                                                ; |exp3_2|My74161:inst7|Q[3]                                                                     ; regout           ;
; |exp3_2|My74161:inst7|Q[2]                                                                ; |exp3_2|My74161:inst7|Q[2]                                                                     ; regout           ;
; |exp3_2|My74161:inst7|Q[1]                                                                ; |exp3_2|My74161:inst7|Q[1]                                                                     ; regout           ;
; |exp3_2|My74161:inst7|lpm_add_sub:Add0|result_node[2]                                     ; |exp3_2|My74161:inst7|lpm_add_sub:Add0|result_node[2]                                          ; out0             ;
; |exp3_2|My74161:inst7|lpm_add_sub:Add0|result_node[3]                                     ; |exp3_2|My74161:inst7|lpm_add_sub:Add0|result_node[3]                                          ; out0             ;
; |exp3_2|My74161:inst7|lpm_add_sub:Add0|addcore:adder|datab_node[0]~0                      ; |exp3_2|My74161:inst7|lpm_add_sub:Add0|addcore:adder|datab_node[0]~0                           ; out0             ;
; |exp3_2|My74161:inst7|lpm_add_sub:Add0|addcore:adder|datab_node[0]                        ; |exp3_2|My74161:inst7|lpm_add_sub:Add0|addcore:adder|datab_node[0]                             ; out0             ;
; |exp3_2|My74161:inst7|lpm_add_sub:Add0|addcore:adder|_~1                                  ; |exp3_2|My74161:inst7|lpm_add_sub:Add0|addcore:adder|_~1                                       ; out0             ;
; |exp3_2|My74161:inst7|lpm_add_sub:Add0|addcore:adder|_~2                                  ; |exp3_2|My74161:inst7|lpm_add_sub:Add0|addcore:adder|_~2                                       ; out0             ;
; |exp3_2|My74161:inst7|lpm_add_sub:Add0|addcore:adder|datab_node[3]~1                      ; |exp3_2|My74161:inst7|lpm_add_sub:Add0|addcore:adder|datab_node[3]~1                           ; out0             ;
; |exp3_2|My74161:inst7|lpm_add_sub:Add0|addcore:adder|datab_node[3]                        ; |exp3_2|My74161:inst7|lpm_add_sub:Add0|addcore:adder|datab_node[3]                             ; out0             ;
; |exp3_2|My74161:inst7|lpm_add_sub:Add0|addcore:adder|datab_node[2]                        ; |exp3_2|My74161:inst7|lpm_add_sub:Add0|addcore:adder|datab_node[2]                             ; out0             ;
; |exp3_2|My74161:inst7|lpm_add_sub:Add0|addcore:adder|datab_node[1]                        ; |exp3_2|My74161:inst7|lpm_add_sub:Add0|addcore:adder|datab_node[1]                             ; out0             ;
; |exp3_2|My74161:inst7|lpm_add_sub:Add0|addcore:adder|unreg_res_node[3]~1                  ; |exp3_2|My74161:inst7|lpm_add_sub:Add0|addcore:adder|unreg_res_node[3]~1                       ; out0             ;
; |exp3_2|My74161:inst7|lpm_add_sub:Add0|addcore:adder|unreg_res_node[2]~2                  ; |exp3_2|My74161:inst7|lpm_add_sub:Add0|addcore:adder|unreg_res_node[2]~2                       ; out0             ;
; |exp3_2|My74161:inst7|lpm_add_sub:Add0|addcore:adder|unreg_res_node[1]~3                  ; |exp3_2|My74161:inst7|lpm_add_sub:Add0|addcore:adder|unreg_res_node[1]~3                       ; out0             ;
; |exp3_2|My74161:inst7|lpm_add_sub:Add0|addcore:adder|unreg_res_node[3]                    ; |exp3_2|My74161:inst7|lpm_add_sub:Add0|addcore:adder|unreg_res_node[3]                         ; out0             ;
; |exp3_2|My74161:inst7|lpm_add_sub:Add0|addcore:adder|unreg_res_node[2]                    ; |exp3_2|My74161:inst7|lpm_add_sub:Add0|addcore:adder|unreg_res_node[2]                         ; out0             ;
; |exp3_2|My74161:inst7|lpm_add_sub:Add0|addcore:adder|_~4                                  ; |exp3_2|My74161:inst7|lpm_add_sub:Add0|addcore:adder|_~4                                       ; out0             ;
; |exp3_2|My74161:inst7|lpm_add_sub:Add0|addcore:adder|_~5                                  ; |exp3_2|My74161:inst7|lpm_add_sub:Add0|addcore:adder|_~5                                       ; out0             ;
; |exp3_2|My74161:inst7|lpm_add_sub:Add0|addcore:adder|_~6                                  ; |exp3_2|My74161:inst7|lpm_add_sub:Add0|addcore:adder|_~6                                       ; out0             ;
; |exp3_2|My74161:inst7|lpm_add_sub:Add0|addcore:adder|_~7                                  ; |exp3_2|My74161:inst7|lpm_add_sub:Add0|addcore:adder|_~7                                       ; out0             ;
; |exp3_2|My74161:inst7|lpm_add_sub:Add0|addcore:adder|_~8                                  ; |exp3_2|My74161:inst7|lpm_add_sub:Add0|addcore:adder|_~8                                       ; out0             ;
; |exp3_2|My74161:inst7|lpm_add_sub:Add0|addcore:adder|_~9                                  ; |exp3_2|My74161:inst7|lpm_add_sub:Add0|addcore:adder|_~9                                       ; out0             ;
; |exp3_2|My74161:inst7|lpm_add_sub:Add0|addcore:adder|_~10                                 ; |exp3_2|My74161:inst7|lpm_add_sub:Add0|addcore:adder|_~10                                      ; out0             ;
; |exp3_2|My74161:inst7|lpm_add_sub:Add0|addcore:adder|_~11                                 ; |exp3_2|My74161:inst7|lpm_add_sub:Add0|addcore:adder|_~11                                      ; out0             ;
; |exp3_2|My74161:inst7|lpm_add_sub:Add0|addcore:adder|_~12                                 ; |exp3_2|My74161:inst7|lpm_add_sub:Add0|addcore:adder|_~12                                      ; out0             ;
; |exp3_2|My74161:inst7|lpm_add_sub:Add0|addcore:adder|_~13                                 ; |exp3_2|My74161:inst7|lpm_add_sub:Add0|addcore:adder|_~13                                      ; out0             ;
; |exp3_2|My74161:inst7|lpm_add_sub:Add0|addcore:adder|_~14                                 ; |exp3_2|My74161:inst7|lpm_add_sub:Add0|addcore:adder|_~14                                      ; out0             ;
; |exp3_2|My74161:inst7|lpm_add_sub:Add0|addcore:adder|_~15                                 ; |exp3_2|My74161:inst7|lpm_add_sub:Add0|addcore:adder|_~15                                      ; out0             ;
; |exp3_2|My74161:inst7|lpm_add_sub:Add0|addcore:adder|a_csnbuffer:result_node|cs_buffer[3] ; |exp3_2|My74161:inst7|lpm_add_sub:Add0|addcore:adder|a_csnbuffer:result_node|cs_buffer[3]      ; sout             ;
; |exp3_2|My74161:inst7|lpm_add_sub:Add0|addcore:adder|a_csnbuffer:result_node|cs_buffer[2] ; |exp3_2|My74161:inst7|lpm_add_sub:Add0|addcore:adder|a_csnbuffer:result_node|cs_buffer[2]~COUT ; cout             ;
; |exp3_2|My74161:inst7|lpm_add_sub:Add0|addcore:adder|a_csnbuffer:result_node|cs_buffer[2] ; |exp3_2|My74161:inst7|lpm_add_sub:Add0|addcore:adder|a_csnbuffer:result_node|cs_buffer[2]      ; sout             ;
; |exp3_2|My74161:inst7|lpm_add_sub:Add0|addcore:adder|a_csnbuffer:result_node|cs_buffer[1] ; |exp3_2|My74161:inst7|lpm_add_sub:Add0|addcore:adder|a_csnbuffer:result_node|cs_buffer[1]~COUT ; cout             ;
; |exp3_2|My74161:inst|lpm_add_sub:Add0|addcore:adder|datab_node[0]~0                       ; |exp3_2|My74161:inst|lpm_add_sub:Add0|addcore:adder|datab_node[0]~0                            ; out0             ;
; |exp3_2|My74161:inst|lpm_add_sub:Add0|addcore:adder|datab_node[0]                         ; |exp3_2|My74161:inst|lpm_add_sub:Add0|addcore:adder|datab_node[0]                              ; out0             ;
; |exp3_2|My74161:inst|lpm_add_sub:Add0|addcore:adder|_~1                                   ; |exp3_2|My74161:inst|lpm_add_sub:Add0|addcore:adder|_~1                                        ; out0             ;
; |exp3_2|My74161:inst|lpm_add_sub:Add0|addcore:adder|_~2                                   ; |exp3_2|My74161:inst|lpm_add_sub:Add0|addcore:adder|_~2                                        ; out0             ;
; |exp3_2|My74161:inst|lpm_add_sub:Add0|addcore:adder|datab_node[3]~1                       ; |exp3_2|My74161:inst|lpm_add_sub:Add0|addcore:adder|datab_node[3]~1                            ; out0             ;
; |exp3_2|My74161:inst|lpm_add_sub:Add0|addcore:adder|datab_node[3]                         ; |exp3_2|My74161:inst|lpm_add_sub:Add0|addcore:adder|datab_node[3]                              ; out0             ;
; |exp3_2|My74161:inst|lpm_add_sub:Add0|addcore:adder|datab_node[2]                         ; |exp3_2|My74161:inst|lpm_add_sub:Add0|addcore:adder|datab_node[2]                              ; out0             ;
; |exp3_2|My74161:inst|lpm_add_sub:Add0|addcore:adder|datab_node[1]                         ; |exp3_2|My74161:inst|lpm_add_sub:Add0|addcore:adder|datab_node[1]                              ; out0             ;
; |exp3_2|My74161:inst|lpm_add_sub:Add0|addcore:adder|_~4                                   ; |exp3_2|My74161:inst|lpm_add_sub:Add0|addcore:adder|_~4                                        ; out0             ;
; |exp3_2|My74161:inst|lpm_add_sub:Add0|addcore:adder|_~5                                   ; |exp3_2|My74161:inst|lpm_add_sub:Add0|addcore:adder|_~5                                        ; out0             ;
; |exp3_2|My74161:inst|lpm_add_sub:Add0|addcore:adder|_~6                                   ; |exp3_2|My74161:inst|lpm_add_sub:Add0|addcore:adder|_~6                                        ; out0             ;
+-------------------------------------------------------------------------------------------+------------------------------------------------------------------------------------------------+------------------+


+---------------------+
; Simulator INI Usage ;
+--------+------------+
; Option ; Usage      ;
+--------+------------+


+--------------------+
; Simulator Messages ;
+--------------------+
Info: *******************************************************************
Info: Running Quartus II Simulator
    Info: Version 9.0 Build 132 02/25/2009 SJ Full Version
    Info: Processing started: Wed Dec 14 20:39:56 2022
Info: Command: quartus_sim --read_settings_files=on --write_settings_files=off exp3_2 -c exp3_2
Info: Using vector source file "E:/Ęý×ÖµçÂ·/exp3_2/exp3_2.vwf"
Info: Option to preserve fewer signal transitions to reduce memory requirements is enabled
    Info: Simulation has been partitioned into sub-simulations according to the maximum transition count determined by the engine. Transitions from memory will be flushed out to disk at the end of each sub-simulation to reduce memory requirements.
Info: Simulation partitioned into 1 sub-simulations
Info: Simulation coverage is      52.59 %
Info: Number of transitions in simulation is 1801
Info: Quartus II Simulator was successful. 0 errors, 0 warnings
    Info: Peak virtual memory: 173 megabytes
    Info: Processing ended: Wed Dec 14 20:39:56 2022
    Info: Elapsed time: 00:00:00
    Info: Total CPU time (on all processors): 00:00:00


