Classic Timing Analyzer report for myD
Mon Nov 14 10:30:10 2022
Quartus II Version 9.0 Build 132 02/25/2009 SJ Full Version


---------------------
; Table of Contents ;
---------------------
  1. Legal Notice
  2. Timing Analyzer Summary
  3. Timing Analyzer Settings
  4. Clock Settings Summary
  5. Parallel Compilation
  6. tsu
  7. tco
  8. th
  9. Timing Analyzer Messages



----------------
; Legal Notice ;
----------------
Copyright (C) 1991-2009 Altera Corporation
Your use of Altera Corporation's design tools, logic functions 
and other software and tools, and its AMPP partner logic 
functions, and any output files from any of the foregoing 
(including device programming or simulation files), and any 
associated documentation or information are expressly subject 
to the terms and conditions of the Altera Program License 
Subscription Agreement, Altera MegaCore Function License 
Agreement, or other applicable license agreement, including, 
without limitation, that your use is for the sole purpose of 
programming logic devices manufactured by Altera and sold by 
Altera or its authorized distributors.  Please refer to the 
applicable agreement for further details.



+-------------------------------------------------------------------------------------------------------------------------------+
; Timing Analyzer Summary                                                                                                       ;
+------------------------------+-------+---------------+-------------+---------+---------+------------+----------+--------------+
; Type                         ; Slack ; Required Time ; Actual Time ; From    ; To      ; From Clock ; To Clock ; Failed Paths ;
+------------------------------+-------+---------------+-------------+---------+---------+------------+----------+--------------+
; Worst-case tsu               ; N/A   ; None          ; 1.493 ns    ; d       ; q~reg0  ; --         ; clk      ; 0            ;
; Worst-case tco               ; N/A   ; None          ; 11.586 ns   ; qn~reg0 ; qn      ; clk        ; --       ; 0            ;
; Worst-case th                ; N/A   ; None          ; -0.174 ns   ; d       ; qn~reg0 ; --         ; clk      ; 0            ;
; Total number of failed paths ;       ;               ;             ;         ;         ;            ;          ; 0            ;
+------------------------------+-------+---------------+-------------+---------+---------+------------+----------+--------------+


+--------------------------------------------------------------------------------------------------------------------+
; Timing Analyzer Settings                                                                                           ;
+---------------------------------------------------------------------+--------------------+------+----+-------------+
; Option                                                              ; Setting            ; From ; To ; Entity Name ;
+---------------------------------------------------------------------+--------------------+------+----+-------------+
; Device Name                                                         ; EP1C3T144C8        ;      ;    ;             ;
; Timing Models                                                       ; Final              ;      ;    ;             ;
; Default hold multicycle                                             ; Same as Multicycle ;      ;    ;             ;
; Cut paths between unrelated clock domains                           ; On                 ;      ;    ;             ;
; Cut off read during write signal paths                              ; On                 ;      ;    ;             ;
; Cut off feedback from I/O pins                                      ; On                 ;      ;    ;             ;
; Report Combined Fast/Slow Timing                                    ; Off                ;      ;    ;             ;
; Ignore Clock Settings                                               ; Off                ;      ;    ;             ;
; Analyze latches as synchronous elements                             ; On                 ;      ;    ;             ;
; Enable Recovery/Removal analysis                                    ; Off                ;      ;    ;             ;
; Enable Clock Latency                                                ; Off                ;      ;    ;             ;
; Use TimeQuest Timing Analyzer                                       ; Off                ;      ;    ;             ;
; Minimum Core Junction Temperature                                   ; 0                  ;      ;    ;             ;
; Maximum Core Junction Temperature                                   ; 85                 ;      ;    ;             ;
; Number of source nodes to report per destination node               ; 10                 ;      ;    ;             ;
; Number of destination nodes to report                               ; 10                 ;      ;    ;             ;
; Number of paths to report                                           ; 200                ;      ;    ;             ;
; Report Minimum Timing Checks                                        ; Off                ;      ;    ;             ;
; Use Fast Timing Models                                              ; Off                ;      ;    ;             ;
; Report IO Paths Separately                                          ; Off                ;      ;    ;             ;
; Perform Multicorner Analysis                                        ; Off                ;      ;    ;             ;
; Reports the worst-case path for each clock domain and analysis      ; Off                ;      ;    ;             ;
; Removes common clock path pessimism (CCPP) during slack computation ; Off                ;      ;    ;             ;
; Output I/O Timing Endpoint                                          ; Near End           ;      ;    ;             ;
+---------------------------------------------------------------------+--------------------+------+----+-------------+


+------------------------------------------------------------------------------------------------------------------------------------------------------------------------------------+
; Clock Settings Summary                                                                                                                                                             ;
+-----------------+--------------------+----------+------------------+---------------+--------------+----------+-----------------------+---------------------+--------+--------------+
; Clock Node Name ; Clock Setting Name ; Type     ; Fmax Requirement ; Early Latency ; Late Latency ; Based on ; Multiply Base Fmax by ; Divide Base Fmax by ; Offset ; Phase offset ;
+-----------------+--------------------+----------+------------------+---------------+--------------+----------+-----------------------+---------------------+--------+--------------+
; clk             ;                    ; User Pin ; None             ; 0.000 ns      ; 0.000 ns     ; --       ; N/A                   ; N/A                 ; N/A    ;              ;
+-----------------+--------------------+----------+------------------+---------------+--------------+----------+-----------------------+---------------------+--------+--------------+


+------------------------------------------+
; Parallel Compilation                     ;
+----------------------------+-------------+
; Processors                 ; Number      ;
+----------------------------+-------------+
; Number detected on machine ; 8           ;
; Maximum allowed            ; 4           ;
;                            ;             ;
; Average used               ; 1.00        ;
; Maximum used               ; 1           ;
;                            ;             ;
; Usage by Processor         ; % Time Used ;
;     1 processor            ; 100.0%      ;
;     2-8 processors         ;   0.0%      ;
+----------------------------+-------------+


+---------------------------------------------------------------+
; tsu                                                           ;
+-------+--------------+------------+------+---------+----------+
; Slack ; Required tsu ; Actual tsu ; From ; To      ; To Clock ;
+-------+--------------+------------+------+---------+----------+
; N/A   ; None         ; 1.493 ns   ; d    ; q~reg0  ; clk      ;
; N/A   ; None         ; 0.226 ns   ; d    ; qn~reg0 ; clk      ;
+-------+--------------+------------+------+---------+----------+


+---------------------------------------------------------------+
; tco                                                           ;
+-------+--------------+------------+---------+----+------------+
; Slack ; Required tco ; Actual tco ; From    ; To ; From Clock ;
+-------+--------------+------------+---------+----+------------+
; N/A   ; None         ; 11.586 ns  ; qn~reg0 ; qn ; clk        ;
; N/A   ; None         ; 10.652 ns  ; q~reg0  ; q  ; clk        ;
+-------+--------------+------------+---------+----+------------+


+---------------------------------------------------------------------+
; th                                                                  ;
+---------------+-------------+-----------+------+---------+----------+
; Minimum Slack ; Required th ; Actual th ; From ; To      ; To Clock ;
+---------------+-------------+-----------+------+---------+----------+
; N/A           ; None        ; -0.174 ns ; d    ; qn~reg0 ; clk      ;
; N/A           ; None        ; -1.441 ns ; d    ; q~reg0  ; clk      ;
+---------------+-------------+-----------+------+---------+----------+


+--------------------------+
; Timing Analyzer Messages ;
+--------------------------+
Info: *******************************************************************
Info: Running Quartus II Classic Timing Analyzer
    Info: Version 9.0 Build 132 02/25/2009 SJ Full Version
    Info: Processing started: Mon Nov 14 10:30:10 2022
Info: Command: quartus_tan --read_settings_files=off --write_settings_files=off myD -c myD --timing_analysis_only
Info: Parallel compilation is enabled and will use 4 of the 8 processors detected
Warning: Found pins functioning as undefined clocks and/or memory enables
    Info: Assuming node "clk" is an undefined clock
Info: No valid register-to-register data paths exist for clock "clk"
Info: tsu for register "q~reg0" (data pin = "d", clock pin = "clk") is 1.493 ns
    Info: + Longest pin to register delay is 8.429 ns
        Info: 1: + IC(0.000 ns) + CELL(1.475 ns) = 1.475 ns; Loc. = PIN_54; Fanout = 2; PIN Node = 'd'
        Info: 2: + IC(6.645 ns) + CELL(0.309 ns) = 8.429 ns; Loc. = LC_X8_Y12_N2; Fanout = 1; REG Node = 'q~reg0'
        Info: Total cell delay = 1.784 ns ( 21.17 % )
        Info: Total interconnect delay = 6.645 ns ( 78.83 % )
    Info: + Micro setup delay of destination is 0.037 ns
    Info: - Shortest clock path from clock "clk" to destination register is 6.973 ns
        Info: 1: + IC(0.000 ns) + CELL(1.475 ns) = 1.475 ns; Loc. = PIN_53; Fanout = 2; CLK Node = 'clk'
        Info: 2: + IC(4.787 ns) + CELL(0.711 ns) = 6.973 ns; Loc. = LC_X8_Y12_N2; Fanout = 1; REG Node = 'q~reg0'
        Info: Total cell delay = 2.186 ns ( 31.35 % )
        Info: Total interconnect delay = 4.787 ns ( 68.65 % )
Info: tco from clock "clk" to destination pin "qn" through register "qn~reg0" is 11.586 ns
    Info: + Longest clock path from clock "clk" to source register is 6.936 ns
        Info: 1: + IC(0.000 ns) + CELL(1.475 ns) = 1.475 ns; Loc. = PIN_53; Fanout = 2; CLK Node = 'clk'
        Info: 2: + IC(4.750 ns) + CELL(0.711 ns) = 6.936 ns; Loc. = LC_X8_Y2_N2; Fanout = 1; REG Node = 'qn~reg0'
        Info: Total cell delay = 2.186 ns ( 31.52 % )
        Info: Total interconnect delay = 4.750 ns ( 68.48 % )
    Info: + Micro clock to output delay of source is 0.224 ns
    Info: + Longest register to pin delay is 4.426 ns
        Info: 1: + IC(0.000 ns) + CELL(0.000 ns) = 0.000 ns; Loc. = LC_X8_Y2_N2; Fanout = 1; REG Node = 'qn~reg0'
        Info: 2: + IC(2.318 ns) + CELL(2.108 ns) = 4.426 ns; Loc. = PIN_134; Fanout = 0; PIN Node = 'qn'
        Info: Total cell delay = 2.108 ns ( 47.63 % )
        Info: Total interconnect delay = 2.318 ns ( 52.37 % )
Info: th for register "qn~reg0" (data pin = "d", clock pin = "clk") is -0.174 ns
    Info: + Longest clock path from clock "clk" to destination register is 6.936 ns
        Info: 1: + IC(0.000 ns) + CELL(1.475 ns) = 1.475 ns; Loc. = PIN_53; Fanout = 2; CLK Node = 'clk'
        Info: 2: + IC(4.750 ns) + CELL(0.711 ns) = 6.936 ns; Loc. = LC_X8_Y2_N2; Fanout = 1; REG Node = 'qn~reg0'
        Info: Total cell delay = 2.186 ns ( 31.52 % )
        Info: Total interconnect delay = 4.750 ns ( 68.48 % )
    Info: + Micro hold delay of destination is 0.015 ns
    Info: - Shortest pin to register delay is 7.125 ns
        Info: 1: + IC(0.000 ns) + CELL(1.475 ns) = 1.475 ns; Loc. = PIN_54; Fanout = 2; PIN Node = 'd'
        Info: 2: + IC(5.341 ns) + CELL(0.309 ns) = 7.125 ns; Loc. = LC_X8_Y2_N2; Fanout = 1; REG Node = 'qn~reg0'
        Info: Total cell delay = 1.784 ns ( 25.04 % )
        Info: Total interconnect delay = 5.341 ns ( 74.96 % )
Info: Quartus II Classic Timing Analyzer was successful. 0 errors, 1 warning
    Info: Peak virtual memory: 202 megabytes
    Info: Processing ended: Mon Nov 14 10:30:10 2022
    Info: Elapsed time: 00:00:00
    Info: Total CPU time (on all processors): 00:00:00


