Analysis & Synthesis report for myTwoSeg7
Sat Dec 10 09:31:36 2022
Quartus II Version 9.0 Build 132 02/25/2009 SJ Full Version


---------------------
; Table of Contents ;
---------------------
  1. Legal Notice
  2. Analysis & Synthesis Summary
  3. Analysis & Synthesis Settings
  4. Analysis & Synthesis Source Files Read
  5. Analysis & Synthesis Resource Usage Summary
  6. Analysis & Synthesis Resource Utilization by Entity
  7. General Register Statistics
  8. Multiplexer Restructuring Statistics (Restructuring Performed)
  9. Parameter Settings for Inferred Entity Instance: lpm_divide:Mod0
 10. Parameter Settings for Inferred Entity Instance: lpm_divide:Div1
 11. Parameter Settings for Inferred Entity Instance: lpm_divide:Mod2
 12. Parameter Settings for Inferred Entity Instance: lpm_divide:Div0
 13. Parameter Settings for Inferred Entity Instance: lpm_divide:Mod1
 14. Analysis & Synthesis Messages



----------------
; Legal Notice ;
----------------
Copyright (C) 1991-2009 Altera Corporation
Your use of Altera Corporation's design tools, logic functions 
and other software and tools, and its AMPP partner logic 
functions, and any output files from any of the foregoing 
(including device programming or simulation files), and any 
associated documentation or information are expressly subject 
to the terms and conditions of the Altera Program License 
Subscription Agreement, Altera MegaCore Function License 
Agreement, or other applicable license agreement, including, 
without limitation, that your use is for the sole purpose of 
programming logic devices manufactured by Altera and sold by 
Altera or its authorized distributors.  Please refer to the 
applicable agreement for further details.



+------------------------------------------------------------------------+
; Analysis & Synthesis Summary                                           ;
+-----------------------------+------------------------------------------+
; Analysis & Synthesis Status ; Successful - Sat Dec 10 09:31:36 2022    ;
; Quartus II Version          ; 9.0 Build 132 02/25/2009 SJ Full Version ;
; Revision Name               ; myTwoSeg7                                ;
; Top-level Entity Name       ; myTwoSeg7                                ;
; Family                      ; Cyclone                                  ;
; Total logic elements        ; 292                                      ;
; Total pins                  ; 26                                       ;
; Total virtual pins          ; 0                                        ;
; Total memory bits           ; 0                                        ;
; Total PLLs                  ; 0                                        ;
+-----------------------------+------------------------------------------+


+----------------------------------------------------------------------------------------------------------+
; Analysis & Synthesis Settings                                                                            ;
+----------------------------------------------------------------+--------------------+--------------------+
; Option                                                         ; Setting            ; Default Value      ;
+----------------------------------------------------------------+--------------------+--------------------+
; Device                                                         ; EP1C3T144C8        ;                    ;
; Top-level entity name                                          ; myTwoSeg7          ; myTwoSeg7          ;
; Family name                                                    ; Cyclone            ; Stratix II         ;
; Use Generated Physical Constraints File                        ; Off                ;                    ;
; Use smart compilation                                          ; Off                ; Off                ;
; Restructure Multiplexers                                       ; Auto               ; Auto               ;
; Create Debugging Nodes for IP Cores                            ; Off                ; Off                ;
; Preserve fewer node names                                      ; On                 ; On                 ;
; Disable OpenCore Plus hardware evaluation                      ; Off                ; Off                ;
; Verilog Version                                                ; Verilog_2001       ; Verilog_2001       ;
; VHDL Version                                                   ; VHDL93             ; VHDL93             ;
; State Machine Processing                                       ; Auto               ; Auto               ;
; Safe State Machine                                             ; Off                ; Off                ;
; Extract Verilog State Machines                                 ; On                 ; On                 ;
; Extract VHDL State Machines                                    ; On                 ; On                 ;
; Ignore Verilog initial constructs                              ; Off                ; Off                ;
; Iteration limit for constant Verilog loops                     ; 5000               ; 5000               ;
; Iteration limit for non-constant Verilog loops                 ; 250                ; 250                ;
; Add Pass-Through Logic to Inferred RAMs                        ; On                 ; On                 ;
; Parallel Synthesis                                             ; Off                ; Off                ;
; NOT Gate Push-Back                                             ; On                 ; On                 ;
; Power-Up Don't Care                                            ; On                 ; On                 ;
; Remove Redundant Logic Cells                                   ; Off                ; Off                ;
; Remove Duplicate Registers                                     ; On                 ; On                 ;
; Ignore CARRY Buffers                                           ; Off                ; Off                ;
; Ignore CASCADE Buffers                                         ; Off                ; Off                ;
; Ignore GLOBAL Buffers                                          ; Off                ; Off                ;
; Ignore ROW GLOBAL Buffers                                      ; Off                ; Off                ;
; Ignore LCELL Buffers                                           ; Off                ; Off                ;
; Ignore SOFT Buffers                                            ; On                 ; On                 ;
; Limit AHDL Integers to 32 Bits                                 ; Off                ; Off                ;
; Optimization Technique                                         ; Balanced           ; Balanced           ;
; Carry Chain Length                                             ; 70                 ; 70                 ;
; Auto Carry Chains                                              ; On                 ; On                 ;
; Auto Open-Drain Pins                                           ; On                 ; On                 ;
; Perform WYSIWYG Primitive Resynthesis                          ; Off                ; Off                ;
; Auto ROM Replacement                                           ; On                 ; On                 ;
; Auto RAM Replacement                                           ; On                 ; On                 ;
; Auto Shift Register Replacement                                ; Auto               ; Auto               ;
; Auto Clock Enable Replacement                                  ; On                 ; On                 ;
; Strict RAM Replacement                                         ; Off                ; Off                ;
; Allow Synchronous Control Signals                              ; On                 ; On                 ;
; Force Use of Synchronous Clear Signals                         ; Off                ; Off                ;
; Auto RAM Block Balancing                                       ; On                 ; On                 ;
; Auto RAM to Logic Cell Conversion                              ; Off                ; Off                ;
; Auto Resource Sharing                                          ; Off                ; Off                ;
; Allow Any RAM Size For Recognition                             ; Off                ; Off                ;
; Allow Any ROM Size For Recognition                             ; Off                ; Off                ;
; Allow Any Shift Register Size For Recognition                  ; Off                ; Off                ;
; Use LogicLock Constraints during Resource Balancing            ; On                 ; On                 ;
; Ignore translate_off and synthesis_off directives              ; Off                ; Off                ;
; Show Parameter Settings Tables in Synthesis Report             ; On                 ; On                 ;
; Ignore Maximum Fan-Out Assignments                             ; Off                ; Off                ;
; Synchronization Register Chain Length                          ; 2                  ; 2                  ;
; PowerPlay Power Optimization                                   ; Normal compilation ; Normal compilation ;
; HDL message level                                              ; Level2             ; Level2             ;
; Suppress Register Optimization Related Messages                ; Off                ; Off                ;
; Number of Removed Registers Reported in Synthesis Report       ; 100                ; 100                ;
; Number of Inverted Registers Reported in Synthesis Report      ; 100                ; 100                ;
; Clock MUX Protection                                           ; On                 ; On                 ;
; Block Design Naming                                            ; Auto               ; Auto               ;
; Synthesis Effort                                               ; Auto               ; Auto               ;
; Allows Asynchronous Clear Usage For Shift Register Replacement ; On                 ; On                 ;
; Analysis & Synthesis Message Level                             ; Medium             ; Medium             ;
+----------------------------------------------------------------+--------------------+--------------------+


+--------------------------------------------------------------------------------------------------------------------------------------------------------------------------+
; Analysis & Synthesis Source Files Read                                                                                                                                   ;
+----------------------------------+-----------------+------------------------------+--------------------------------------------------------------------------------------+
; File Name with User-Entered Path ; Used in Netlist ; File Type                    ; File Name with Absolute Path                                                         ;
+----------------------------------+-----------------+------------------------------+--------------------------------------------------------------------------------------+
; myTwoSeg7.v                      ; yes             ; User Verilog HDL File        ; D:/˝˛Ňĺ/Ęý×ÖÂßĽ­/ĘµŃé/Verilog/myTwoSeg7/myTwoSeg7.v                                  ;
; lpm_divide.tdf                   ; yes             ; Megafunction                 ; d:/program files (x86)/altera/90/quartus/libraries/megafunctions/lpm_divide.tdf      ;
; abs_divider.inc                  ; yes             ; Megafunction                 ; d:/program files (x86)/altera/90/quartus/libraries/megafunctions/abs_divider.inc     ;
; sign_div_unsign.inc              ; yes             ; Megafunction                 ; d:/program files (x86)/altera/90/quartus/libraries/megafunctions/sign_div_unsign.inc ;
; aglobal90.inc                    ; yes             ; Megafunction                 ; d:/program files (x86)/altera/90/quartus/libraries/megafunctions/aglobal90.inc       ;
; db/lpm_divide_itl.tdf            ; yes             ; Auto-Generated Megafunction  ; D:/˝˛Ňĺ/Ęý×ÖÂßĽ­/ĘµŃé/Verilog/myTwoSeg7/db/lpm_divide_itl.tdf                        ;
; db/sign_div_unsign_bkh.tdf       ; yes             ; Auto-Generated Megafunction  ; D:/˝˛Ňĺ/Ęý×ÖÂßĽ­/ĘµŃé/Verilog/myTwoSeg7/db/sign_div_unsign_bkh.tdf                   ;
; db/alt_u_div_6oe.tdf             ; yes             ; Auto-Generated Megafunction  ; D:/˝˛Ňĺ/Ęý×ÖÂßĽ­/ĘµŃé/Verilog/myTwoSeg7/db/alt_u_div_6oe.tdf                         ;
; db/add_sub_3dc.tdf               ; yes             ; Auto-Generated Megafunction  ; D:/˝˛Ňĺ/Ęý×ÖÂßĽ­/ĘµŃé/Verilog/myTwoSeg7/db/add_sub_3dc.tdf                           ;
; db/add_sub_4dc.tdf               ; yes             ; Auto-Generated Megafunction  ; D:/˝˛Ňĺ/Ęý×ÖÂßĽ­/ĘµŃé/Verilog/myTwoSeg7/db/add_sub_4dc.tdf                           ;
; db/add_sub_5dc.tdf               ; yes             ; Auto-Generated Megafunction  ; D:/˝˛Ňĺ/Ęý×ÖÂßĽ­/ĘµŃé/Verilog/myTwoSeg7/db/add_sub_5dc.tdf                           ;
; db/add_sub_6dc.tdf               ; yes             ; Auto-Generated Megafunction  ; D:/˝˛Ňĺ/Ęý×ÖÂßĽ­/ĘµŃé/Verilog/myTwoSeg7/db/add_sub_6dc.tdf                           ;
; db/add_sub_7dc.tdf               ; yes             ; Auto-Generated Megafunction  ; D:/˝˛Ňĺ/Ęý×ÖÂßĽ­/ĘµŃé/Verilog/myTwoSeg7/db/add_sub_7dc.tdf                           ;
; db/lpm_divide_i5m.tdf            ; yes             ; Auto-Generated Megafunction  ; D:/˝˛Ňĺ/Ęý×ÖÂßĽ­/ĘµŃé/Verilog/myTwoSeg7/db/lpm_divide_i5m.tdf                        ;
; db/sign_div_unsign_ekh.tdf       ; yes             ; Auto-Generated Megafunction  ; D:/˝˛Ňĺ/Ęý×ÖÂßĽ­/ĘµŃé/Verilog/myTwoSeg7/db/sign_div_unsign_ekh.tdf                   ;
; db/alt_u_div_coe.tdf             ; yes             ; Auto-Generated Megafunction  ; D:/˝˛Ňĺ/Ęý×ÖÂßĽ­/ĘµŃé/Verilog/myTwoSeg7/db/alt_u_div_coe.tdf                         ;
; db/add_sub_8dc.tdf               ; yes             ; Auto-Generated Megafunction  ; D:/˝˛Ňĺ/Ęý×ÖÂßĽ­/ĘµŃé/Verilog/myTwoSeg7/db/add_sub_8dc.tdf                           ;
; db/add_sub_9dc.tdf               ; yes             ; Auto-Generated Megafunction  ; D:/˝˛Ňĺ/Ęý×ÖÂßĽ­/ĘµŃé/Verilog/myTwoSeg7/db/add_sub_9dc.tdf                           ;
; db/add_sub_adc.tdf               ; yes             ; Auto-Generated Megafunction  ; D:/˝˛Ňĺ/Ęý×ÖÂßĽ­/ĘµŃé/Verilog/myTwoSeg7/db/add_sub_adc.tdf                           ;
; db/lpm_divide_f5m.tdf            ; yes             ; Auto-Generated Megafunction  ; D:/˝˛Ňĺ/Ęý×ÖÂßĽ­/ĘµŃé/Verilog/myTwoSeg7/db/lpm_divide_f5m.tdf                        ;
+----------------------------------+-----------------+------------------------------+--------------------------------------------------------------------------------------+


+-----------------------------------------------------+
; Analysis & Synthesis Resource Usage Summary         ;
+---------------------------------------------+-------+
; Resource                                    ; Usage ;
+---------------------------------------------+-------+
; Total logic elements                        ; 292   ;
;     -- Combinational with no register       ; 256   ;
;     -- Register only                        ; 27    ;
;     -- Combinational with a register        ; 9     ;
;                                             ;       ;
; Logic element usage by number of LUT inputs ;       ;
;     -- 4 input functions                    ; 66    ;
;     -- 3 input functions                    ; 38    ;
;     -- 2 input functions                    ; 113   ;
;     -- 1 input functions                    ; 48    ;
;     -- 0 input functions                    ; 0     ;
;                                             ;       ;
; Logic elements by mode                      ;       ;
;     -- normal mode                          ; 195   ;
;     -- arithmetic mode                      ; 97    ;
;     -- qfbk mode                            ; 0     ;
;     -- register cascade mode                ; 0     ;
;     -- synchronous clear/load mode          ; 2     ;
;     -- asynchronous clear/load mode         ; 32    ;
;                                             ;       ;
; Total registers                             ; 36    ;
; Total logic cells in carry chains           ; 123   ;
; I/O pins                                    ; 26    ;
; Maximum fan-out node                        ; rst_n ;
; Maximum fan-out                             ; 51    ;
; Total fan-out                               ; 766   ;
; Average fan-out                             ; 2.41  ;
+---------------------------------------------+-------+


+------------------------------------------------------------------------------------------------------------------------------------------------------------------------------------------------------------------------------------------------------------------------------------------------------------------------------------------------+
; Analysis & Synthesis Resource Utilization by Entity                                                                                                                                                                                                                                                                                            ;
+----------------------------------------+-------------+--------------+-------------+------+--------------+--------------+-------------------+------------------+-----------------+------------+----------------------------------------------------------------------------------------------------------------------------------+--------------+
; Compilation Hierarchy Node             ; Logic Cells ; LC Registers ; Memory Bits ; Pins ; Virtual Pins ; LUT-Only LCs ; Register-Only LCs ; LUT/Register LCs ; Carry Chain LCs ; Packed LCs ; Full Hierarchy Name                                                                                                              ; Library Name ;
+----------------------------------------+-------------+--------------+-------------+------+--------------+--------------+-------------------+------------------+-----------------+------------+----------------------------------------------------------------------------------------------------------------------------------+--------------+
; |myTwoSeg7                             ; 292 (127)   ; 36           ; 0           ; 26   ; 0            ; 256 (91)     ; 27 (27)           ; 9 (9)            ; 123 (32)        ; 0 (0)      ; |myTwoSeg7                                                                                                                       ; work         ;
;    |lpm_divide:Div0|                   ; 58 (0)      ; 0            ; 0           ; 0    ; 0            ; 58 (0)       ; 0 (0)             ; 0 (0)            ; 32 (0)          ; 0 (0)      ; |myTwoSeg7|lpm_divide:Div0                                                                                                       ; work         ;
;       |lpm_divide_f5m:auto_generated|  ; 58 (0)      ; 0            ; 0           ; 0    ; 0            ; 58 (0)       ; 0 (0)             ; 0 (0)            ; 32 (0)          ; 0 (0)      ; |myTwoSeg7|lpm_divide:Div0|lpm_divide_f5m:auto_generated                                                                         ; work         ;
;          |sign_div_unsign_bkh:divider| ; 58 (0)      ; 0            ; 0           ; 0    ; 0            ; 58 (0)       ; 0 (0)             ; 0 (0)            ; 32 (0)          ; 0 (0)      ; |myTwoSeg7|lpm_divide:Div0|lpm_divide_f5m:auto_generated|sign_div_unsign_bkh:divider                                             ; work         ;
;             |alt_u_div_6oe:divider|    ; 58 (26)     ; 0            ; 0           ; 0    ; 0            ; 58 (26)      ; 0 (0)             ; 0 (0)            ; 32 (0)          ; 0 (0)      ; |myTwoSeg7|lpm_divide:Div0|lpm_divide_f5m:auto_generated|sign_div_unsign_bkh:divider|alt_u_div_6oe:divider                       ; work         ;
;                |add_sub_6dc:add_sub_3| ; 6 (6)       ; 0            ; 0           ; 0    ; 0            ; 6 (6)        ; 0 (0)             ; 0 (0)            ; 6 (6)           ; 0 (0)      ; |myTwoSeg7|lpm_divide:Div0|lpm_divide_f5m:auto_generated|sign_div_unsign_bkh:divider|alt_u_div_6oe:divider|add_sub_6dc:add_sub_3 ; work         ;
;                |add_sub_7dc:add_sub_4| ; 7 (7)       ; 0            ; 0           ; 0    ; 0            ; 7 (7)        ; 0 (0)             ; 0 (0)            ; 7 (7)           ; 0 (0)      ; |myTwoSeg7|lpm_divide:Div0|lpm_divide_f5m:auto_generated|sign_div_unsign_bkh:divider|alt_u_div_6oe:divider|add_sub_7dc:add_sub_4 ; work         ;
;                |add_sub_7dc:add_sub_5| ; 7 (7)       ; 0            ; 0           ; 0    ; 0            ; 7 (7)        ; 0 (0)             ; 0 (0)            ; 7 (7)           ; 0 (0)      ; |myTwoSeg7|lpm_divide:Div0|lpm_divide_f5m:auto_generated|sign_div_unsign_bkh:divider|alt_u_div_6oe:divider|add_sub_7dc:add_sub_5 ; work         ;
;                |add_sub_7dc:add_sub_6| ; 7 (7)       ; 0            ; 0           ; 0    ; 0            ; 7 (7)        ; 0 (0)             ; 0 (0)            ; 7 (7)           ; 0 (0)      ; |myTwoSeg7|lpm_divide:Div0|lpm_divide_f5m:auto_generated|sign_div_unsign_bkh:divider|alt_u_div_6oe:divider|add_sub_7dc:add_sub_6 ; work         ;
;                |add_sub_7dc:add_sub_7| ; 5 (5)       ; 0            ; 0           ; 0    ; 0            ; 5 (5)        ; 0 (0)             ; 0 (0)            ; 5 (5)           ; 0 (0)      ; |myTwoSeg7|lpm_divide:Div0|lpm_divide_f5m:auto_generated|sign_div_unsign_bkh:divider|alt_u_div_6oe:divider|add_sub_7dc:add_sub_7 ; work         ;
;    |lpm_divide:Div1|                   ; 27 (0)      ; 0            ; 0           ; 0    ; 0            ; 27 (0)       ; 0 (0)             ; 0 (0)            ; 15 (0)          ; 0 (0)      ; |myTwoSeg7|lpm_divide:Div1                                                                                                       ; work         ;
;       |lpm_divide_i5m:auto_generated|  ; 27 (0)      ; 0            ; 0           ; 0    ; 0            ; 27 (0)       ; 0 (0)             ; 0 (0)            ; 15 (0)          ; 0 (0)      ; |myTwoSeg7|lpm_divide:Div1|lpm_divide_i5m:auto_generated                                                                         ; work         ;
;          |sign_div_unsign_ekh:divider| ; 27 (0)      ; 0            ; 0           ; 0    ; 0            ; 27 (0)       ; 0 (0)             ; 0 (0)            ; 15 (0)          ; 0 (0)      ; |myTwoSeg7|lpm_divide:Div1|lpm_divide_i5m:auto_generated|sign_div_unsign_ekh:divider                                             ; work         ;
;             |alt_u_div_coe:divider|    ; 27 (12)     ; 0            ; 0           ; 0    ; 0            ; 27 (12)      ; 0 (0)             ; 0 (0)            ; 15 (0)          ; 0 (0)      ; |myTwoSeg7|lpm_divide:Div1|lpm_divide_i5m:auto_generated|sign_div_unsign_ekh:divider|alt_u_div_coe:divider                       ; work         ;
;                |add_sub_9dc:add_sub_6| ; 8 (8)       ; 0            ; 0           ; 0    ; 0            ; 8 (8)        ; 0 (0)             ; 0 (0)            ; 8 (8)           ; 0 (0)      ; |myTwoSeg7|lpm_divide:Div1|lpm_divide_i5m:auto_generated|sign_div_unsign_ekh:divider|alt_u_div_coe:divider|add_sub_9dc:add_sub_6 ; work         ;
;                |add_sub_adc:add_sub_7| ; 7 (7)       ; 0            ; 0           ; 0    ; 0            ; 7 (7)        ; 0 (0)             ; 0 (0)            ; 7 (7)           ; 0 (0)      ; |myTwoSeg7|lpm_divide:Div1|lpm_divide_i5m:auto_generated|sign_div_unsign_ekh:divider|alt_u_div_coe:divider|add_sub_adc:add_sub_7 ; work         ;
;    |lpm_divide:Mod0|                   ; 61 (0)      ; 0            ; 0           ; 0    ; 0            ; 61 (0)       ; 0 (0)             ; 0 (0)            ; 34 (0)          ; 0 (0)      ; |myTwoSeg7|lpm_divide:Mod0                                                                                                       ; work         ;
;       |lpm_divide_itl:auto_generated|  ; 61 (0)      ; 0            ; 0           ; 0    ; 0            ; 61 (0)       ; 0 (0)             ; 0 (0)            ; 34 (0)          ; 0 (0)      ; |myTwoSeg7|lpm_divide:Mod0|lpm_divide_itl:auto_generated                                                                         ; work         ;
;          |sign_div_unsign_bkh:divider| ; 61 (0)      ; 0            ; 0           ; 0    ; 0            ; 61 (0)       ; 0 (0)             ; 0 (0)            ; 34 (0)          ; 0 (0)      ; |myTwoSeg7|lpm_divide:Mod0|lpm_divide_itl:auto_generated|sign_div_unsign_bkh:divider                                             ; work         ;
;             |alt_u_div_6oe:divider|    ; 61 (27)     ; 0            ; 0           ; 0    ; 0            ; 61 (27)      ; 0 (0)             ; 0 (0)            ; 34 (0)          ; 0 (0)      ; |myTwoSeg7|lpm_divide:Mod0|lpm_divide_itl:auto_generated|sign_div_unsign_bkh:divider|alt_u_div_6oe:divider                       ; work         ;
;                |add_sub_6dc:add_sub_3| ; 6 (6)       ; 0            ; 0           ; 0    ; 0            ; 6 (6)        ; 0 (0)             ; 0 (0)            ; 6 (6)           ; 0 (0)      ; |myTwoSeg7|lpm_divide:Mod0|lpm_divide_itl:auto_generated|sign_div_unsign_bkh:divider|alt_u_div_6oe:divider|add_sub_6dc:add_sub_3 ; work         ;
;                |add_sub_7dc:add_sub_4| ; 7 (7)       ; 0            ; 0           ; 0    ; 0            ; 7 (7)        ; 0 (0)             ; 0 (0)            ; 7 (7)           ; 0 (0)      ; |myTwoSeg7|lpm_divide:Mod0|lpm_divide_itl:auto_generated|sign_div_unsign_bkh:divider|alt_u_div_6oe:divider|add_sub_7dc:add_sub_4 ; work         ;
;                |add_sub_7dc:add_sub_5| ; 7 (7)       ; 0            ; 0           ; 0    ; 0            ; 7 (7)        ; 0 (0)             ; 0 (0)            ; 7 (7)           ; 0 (0)      ; |myTwoSeg7|lpm_divide:Mod0|lpm_divide_itl:auto_generated|sign_div_unsign_bkh:divider|alt_u_div_6oe:divider|add_sub_7dc:add_sub_5 ; work         ;
;                |add_sub_7dc:add_sub_6| ; 7 (7)       ; 0            ; 0           ; 0    ; 0            ; 7 (7)        ; 0 (0)             ; 0 (0)            ; 7 (7)           ; 0 (0)      ; |myTwoSeg7|lpm_divide:Mod0|lpm_divide_itl:auto_generated|sign_div_unsign_bkh:divider|alt_u_div_6oe:divider|add_sub_7dc:add_sub_6 ; work         ;
;                |add_sub_7dc:add_sub_7| ; 7 (7)       ; 0            ; 0           ; 0    ; 0            ; 7 (7)        ; 0 (0)             ; 0 (0)            ; 7 (7)           ; 0 (0)      ; |myTwoSeg7|lpm_divide:Mod0|lpm_divide_itl:auto_generated|sign_div_unsign_bkh:divider|alt_u_div_6oe:divider|add_sub_7dc:add_sub_7 ; work         ;
;    |lpm_divide:Mod1|                   ; 19 (0)      ; 0            ; 0           ; 0    ; 0            ; 19 (0)       ; 0 (0)             ; 0 (0)            ; 10 (0)          ; 0 (0)      ; |myTwoSeg7|lpm_divide:Mod1                                                                                                       ; work         ;
;       |lpm_divide_itl:auto_generated|  ; 19 (0)      ; 0            ; 0           ; 0    ; 0            ; 19 (0)       ; 0 (0)             ; 0 (0)            ; 10 (0)          ; 0 (0)      ; |myTwoSeg7|lpm_divide:Mod1|lpm_divide_itl:auto_generated                                                                         ; work         ;
;          |sign_div_unsign_bkh:divider| ; 19 (0)      ; 0            ; 0           ; 0    ; 0            ; 19 (0)       ; 0 (0)             ; 0 (0)            ; 10 (0)          ; 0 (0)      ; |myTwoSeg7|lpm_divide:Mod1|lpm_divide_itl:auto_generated|sign_div_unsign_bkh:divider                                             ; work         ;
;             |alt_u_div_6oe:divider|    ; 19 (9)      ; 0            ; 0           ; 0    ; 0            ; 19 (9)       ; 0 (0)             ; 0 (0)            ; 10 (0)          ; 0 (0)      ; |myTwoSeg7|lpm_divide:Mod1|lpm_divide_itl:auto_generated|sign_div_unsign_bkh:divider|alt_u_div_6oe:divider                       ; work         ;
;                |add_sub_7dc:add_sub_6| ; 3 (3)       ; 0            ; 0           ; 0    ; 0            ; 3 (3)        ; 0 (0)             ; 0 (0)            ; 3 (3)           ; 0 (0)      ; |myTwoSeg7|lpm_divide:Mod1|lpm_divide_itl:auto_generated|sign_div_unsign_bkh:divider|alt_u_div_6oe:divider|add_sub_7dc:add_sub_6 ; work         ;
;                |add_sub_7dc:add_sub_7| ; 7 (7)       ; 0            ; 0           ; 0    ; 0            ; 7 (7)        ; 0 (0)             ; 0 (0)            ; 7 (7)           ; 0 (0)      ; |myTwoSeg7|lpm_divide:Mod1|lpm_divide_itl:auto_generated|sign_div_unsign_bkh:divider|alt_u_div_6oe:divider|add_sub_7dc:add_sub_7 ; work         ;
+----------------------------------------+-------------+--------------+-------------+------+--------------+--------------+-------------------+------------------+-----------------+------------+----------------------------------------------------------------------------------------------------------------------------------+--------------+
Note: For table entries with two numbers listed, the numbers in parentheses indicate the number of resources of the given type used by the specific entity alone. The numbers listed outside of parentheses indicate the total resources of the given type used by the specific entity and all of its sub-entities in the hierarchy.


+------------------------------------------------------+
; General Register Statistics                          ;
+----------------------------------------------+-------+
; Statistic                                    ; Value ;
+----------------------------------------------+-------+
; Total registers                              ; 36    ;
; Number of registers using Synchronous Clear  ; 2     ;
; Number of registers using Synchronous Load   ; 0     ;
; Number of registers using Asynchronous Clear ; 32    ;
; Number of registers using Asynchronous Load  ; 0     ;
; Number of registers using Clock Enable       ; 2     ;
; Number of registers using Preset             ; 0     ;
+----------------------------------------------+-------+


+------------------------------------------------------------------------------------------------------------------------------------------+
; Multiplexer Restructuring Statistics (Restructuring Performed)                                                                           ;
+--------------------+-----------+---------------+----------------------+------------------------+------------+----------------------------+
; Multiplexer Inputs ; Bus Width ; Baseline Area ; Area if Restructured ; Saving if Restructured ; Registered ; Example Multiplexer Output ;
+--------------------+-----------+---------------+----------------------+------------------------+------------+----------------------------+
; 3:1                ; 3 bits    ; 6 LEs         ; 3 LEs                ; 3 LEs                  ; Yes        ; |myTwoSeg7|cnt8[2]         ;
; 9:1                ; 7 bits    ; 42 LEs        ; 28 LEs               ; 14 LEs                 ; No         ; |myTwoSeg7|seg_out~6       ;
+--------------------+-----------+---------------+----------------------+------------------------+------------+----------------------------+


+------------------------------------------------------------------+
; Parameter Settings for Inferred Entity Instance: lpm_divide:Mod0 ;
+------------------------+----------------+------------------------+
; Parameter Name         ; Value          ; Type                   ;
+------------------------+----------------+------------------------+
; LPM_WIDTHN             ; 8              ; Untyped                ;
; LPM_WIDTHD             ; 4              ; Untyped                ;
; LPM_NREPRESENTATION    ; UNSIGNED       ; Untyped                ;
; LPM_DREPRESENTATION    ; UNSIGNED       ; Untyped                ;
; LPM_PIPELINE           ; 0              ; Untyped                ;
; LPM_REMAINDERPOSITIVE  ; TRUE           ; Untyped                ;
; MAXIMIZE_SPEED         ; 5              ; Untyped                ;
; CBXI_PARAMETER         ; lpm_divide_itl ; Untyped                ;
; CARRY_CHAIN            ; MANUAL         ; Untyped                ;
; OPTIMIZE_FOR_SPEED     ; 5              ; Untyped                ;
; AUTO_CARRY_CHAINS      ; ON             ; AUTO_CARRY             ;
; IGNORE_CARRY_BUFFERS   ; OFF            ; IGNORE_CARRY           ;
; AUTO_CASCADE_CHAINS    ; ON             ; AUTO_CASCADE           ;
; IGNORE_CASCADE_BUFFERS ; OFF            ; IGNORE_CASCADE         ;
+------------------------+----------------+------------------------+
Note: In order to hide this table in the UI and the text report file, please set the "Show Parameter Settings Tables in Synthesis Report" option in "Analysis and Synthesis Settings -> More Settings" to "Off".


+------------------------------------------------------------------+
; Parameter Settings for Inferred Entity Instance: lpm_divide:Div1 ;
+------------------------+----------------+------------------------+
; Parameter Name         ; Value          ; Type                   ;
+------------------------+----------------+------------------------+
; LPM_WIDTHN             ; 8              ; Untyped                ;
; LPM_WIDTHD             ; 7              ; Untyped                ;
; LPM_NREPRESENTATION    ; UNSIGNED       ; Untyped                ;
; LPM_DREPRESENTATION    ; UNSIGNED       ; Untyped                ;
; LPM_PIPELINE           ; 0              ; Untyped                ;
; LPM_REMAINDERPOSITIVE  ; TRUE           ; Untyped                ;
; MAXIMIZE_SPEED         ; 5              ; Untyped                ;
; CBXI_PARAMETER         ; lpm_divide_i5m ; Untyped                ;
; CARRY_CHAIN            ; MANUAL         ; Untyped                ;
; OPTIMIZE_FOR_SPEED     ; 5              ; Untyped                ;
; AUTO_CARRY_CHAINS      ; ON             ; AUTO_CARRY             ;
; IGNORE_CARRY_BUFFERS   ; OFF            ; IGNORE_CARRY           ;
; AUTO_CASCADE_CHAINS    ; ON             ; AUTO_CASCADE           ;
; IGNORE_CASCADE_BUFFERS ; OFF            ; IGNORE_CASCADE         ;
+------------------------+----------------+------------------------+
Note: In order to hide this table in the UI and the text report file, please set the "Show Parameter Settings Tables in Synthesis Report" option in "Analysis and Synthesis Settings -> More Settings" to "Off".


+------------------------------------------------------------------+
; Parameter Settings for Inferred Entity Instance: lpm_divide:Mod2 ;
+------------------------+----------------+------------------------+
; Parameter Name         ; Value          ; Type                   ;
+------------------------+----------------+------------------------+
; LPM_WIDTHN             ; 8              ; Untyped                ;
; LPM_WIDTHD             ; 4              ; Untyped                ;
; LPM_NREPRESENTATION    ; UNSIGNED       ; Untyped                ;
; LPM_DREPRESENTATION    ; UNSIGNED       ; Untyped                ;
; LPM_PIPELINE           ; 0              ; Untyped                ;
; LPM_REMAINDERPOSITIVE  ; TRUE           ; Untyped                ;
; MAXIMIZE_SPEED         ; 5              ; Untyped                ;
; CBXI_PARAMETER         ; lpm_divide_itl ; Untyped                ;
; CARRY_CHAIN            ; MANUAL         ; Untyped                ;
; OPTIMIZE_FOR_SPEED     ; 5              ; Untyped                ;
; AUTO_CARRY_CHAINS      ; ON             ; AUTO_CARRY             ;
; IGNORE_CARRY_BUFFERS   ; OFF            ; IGNORE_CARRY           ;
; AUTO_CASCADE_CHAINS    ; ON             ; AUTO_CASCADE           ;
; IGNORE_CASCADE_BUFFERS ; OFF            ; IGNORE_CASCADE         ;
+------------------------+----------------+------------------------+
Note: In order to hide this table in the UI and the text report file, please set the "Show Parameter Settings Tables in Synthesis Report" option in "Analysis and Synthesis Settings -> More Settings" to "Off".


+------------------------------------------------------------------+
; Parameter Settings for Inferred Entity Instance: lpm_divide:Div0 ;
+------------------------+----------------+------------------------+
; Parameter Name         ; Value          ; Type                   ;
+------------------------+----------------+------------------------+
; LPM_WIDTHN             ; 8              ; Untyped                ;
; LPM_WIDTHD             ; 4              ; Untyped                ;
; LPM_NREPRESENTATION    ; UNSIGNED       ; Untyped                ;
; LPM_DREPRESENTATION    ; UNSIGNED       ; Untyped                ;
; LPM_PIPELINE           ; 0              ; Untyped                ;
; LPM_REMAINDERPOSITIVE  ; TRUE           ; Untyped                ;
; MAXIMIZE_SPEED         ; 5              ; Untyped                ;
; CBXI_PARAMETER         ; lpm_divide_f5m ; Untyped                ;
; CARRY_CHAIN            ; MANUAL         ; Untyped                ;
; OPTIMIZE_FOR_SPEED     ; 5              ; Untyped                ;
; AUTO_CARRY_CHAINS      ; ON             ; AUTO_CARRY             ;
; IGNORE_CARRY_BUFFERS   ; OFF            ; IGNORE_CARRY           ;
; AUTO_CASCADE_CHAINS    ; ON             ; AUTO_CASCADE           ;
; IGNORE_CASCADE_BUFFERS ; OFF            ; IGNORE_CASCADE         ;
+------------------------+----------------+------------------------+
Note: In order to hide this table in the UI and the text report file, please set the "Show Parameter Settings Tables in Synthesis Report" option in "Analysis and Synthesis Settings -> More Settings" to "Off".


+------------------------------------------------------------------+
; Parameter Settings for Inferred Entity Instance: lpm_divide:Mod1 ;
+------------------------+----------------+------------------------+
; Parameter Name         ; Value          ; Type                   ;
+------------------------+----------------+------------------------+
; LPM_WIDTHN             ; 8              ; Untyped                ;
; LPM_WIDTHD             ; 4              ; Untyped                ;
; LPM_NREPRESENTATION    ; UNSIGNED       ; Untyped                ;
; LPM_DREPRESENTATION    ; UNSIGNED       ; Untyped                ;
; LPM_PIPELINE           ; 0              ; Untyped                ;
; LPM_REMAINDERPOSITIVE  ; TRUE           ; Untyped                ;
; MAXIMIZE_SPEED         ; 5              ; Untyped                ;
; CBXI_PARAMETER         ; lpm_divide_itl ; Untyped                ;
; CARRY_CHAIN            ; MANUAL         ; Untyped                ;
; OPTIMIZE_FOR_SPEED     ; 5              ; Untyped                ;
; AUTO_CARRY_CHAINS      ; ON             ; AUTO_CARRY             ;
; IGNORE_CARRY_BUFFERS   ; OFF            ; IGNORE_CARRY           ;
; AUTO_CASCADE_CHAINS    ; ON             ; AUTO_CASCADE           ;
; IGNORE_CASCADE_BUFFERS ; OFF            ; IGNORE_CASCADE         ;
+------------------------+----------------+------------------------+
Note: In order to hide this table in the UI and the text report file, please set the "Show Parameter Settings Tables in Synthesis Report" option in "Analysis and Synthesis Settings -> More Settings" to "Off".


+-------------------------------+
; Analysis & Synthesis Messages ;
+-------------------------------+
Info: *******************************************************************
Info: Running Quartus II Analysis & Synthesis
    Info: Version 9.0 Build 132 02/25/2009 SJ Full Version
    Info: Processing started: Sat Dec 10 09:31:32 2022
Info: Command: quartus_map --read_settings_files=on --write_settings_files=off myTwoSeg7 -c myTwoSeg7
Info: Found 1 design units, including 1 entities, in source file myTwoSeg7.v
    Info: Found entity 1: myTwoSeg7
Info: Elaborating entity "myTwoSeg7" for the top level hierarchy
Warning (10230): Verilog HDL assignment warning at myTwoSeg7.v(62): truncated value with size 32 to match size of target (3)
Info: Inferred 5 megafunctions from design logic
    Info: Inferred divider/modulo megafunction ("lpm_divide") from the following logic: "Mod0"
    Info: Inferred divider/modulo megafunction ("lpm_divide") from the following logic: "Div1"
    Info: Inferred divider/modulo megafunction ("lpm_divide") from the following logic: "Mod2"
    Info: Inferred divider/modulo megafunction ("lpm_divide") from the following logic: "Div0"
    Info: Inferred divider/modulo megafunction ("lpm_divide") from the following logic: "Mod1"
Info: Elaborated megafunction instantiation "lpm_divide:Mod0"
Info: Instantiated megafunction "lpm_divide:Mod0" with the following parameter:
    Info: Parameter "LPM_WIDTHN" = "8"
    Info: Parameter "LPM_WIDTHD" = "4"
    Info: Parameter "LPM_NREPRESENTATION" = "UNSIGNED"
    Info: Parameter "LPM_DREPRESENTATION" = "UNSIGNED"
Info: Found 1 design units, including 1 entities, in source file db/lpm_divide_itl.tdf
    Info: Found entity 1: lpm_divide_itl
Info: Found 1 design units, including 1 entities, in source file db/sign_div_unsign_bkh.tdf
    Info: Found entity 1: sign_div_unsign_bkh
Info: Found 1 design units, including 1 entities, in source file db/alt_u_div_6oe.tdf
    Info: Found entity 1: alt_u_div_6oe
Info: Found 1 design units, including 1 entities, in source file db/add_sub_3dc.tdf
    Info: Found entity 1: add_sub_3dc
Info: Found 1 design units, including 1 entities, in source file db/add_sub_4dc.tdf
    Info: Found entity 1: add_sub_4dc
Info: Found 1 design units, including 1 entities, in source file db/add_sub_5dc.tdf
    Info: Found entity 1: add_sub_5dc
Info: Found 1 design units, including 1 entities, in source file db/add_sub_6dc.tdf
    Info: Found entity 1: add_sub_6dc
Info: Found 1 design units, including 1 entities, in source file db/add_sub_7dc.tdf
    Info: Found entity 1: add_sub_7dc
Info: Elaborated megafunction instantiation "lpm_divide:Div1"
Info: Instantiated megafunction "lpm_divide:Div1" with the following parameter:
    Info: Parameter "LPM_WIDTHN" = "8"
    Info: Parameter "LPM_WIDTHD" = "7"
    Info: Parameter "LPM_NREPRESENTATION" = "UNSIGNED"
    Info: Parameter "LPM_DREPRESENTATION" = "UNSIGNED"
Info: Found 1 design units, including 1 entities, in source file db/lpm_divide_i5m.tdf
    Info: Found entity 1: lpm_divide_i5m
Info: Found 1 design units, including 1 entities, in source file db/sign_div_unsign_ekh.tdf
    Info: Found entity 1: sign_div_unsign_ekh
Info: Found 1 design units, including 1 entities, in source file db/alt_u_div_coe.tdf
    Info: Found entity 1: alt_u_div_coe
Info: Found 1 design units, including 1 entities, in source file db/add_sub_8dc.tdf
    Info: Found entity 1: add_sub_8dc
Info: Found 1 design units, including 1 entities, in source file db/add_sub_9dc.tdf
    Info: Found entity 1: add_sub_9dc
Info: Found 1 design units, including 1 entities, in source file db/add_sub_adc.tdf
    Info: Found entity 1: add_sub_adc
Info: Elaborated megafunction instantiation "lpm_divide:Div0"
Info: Instantiated megafunction "lpm_divide:Div0" with the following parameter:
    Info: Parameter "LPM_WIDTHN" = "8"
    Info: Parameter "LPM_WIDTHD" = "4"
    Info: Parameter "LPM_NREPRESENTATION" = "UNSIGNED"
    Info: Parameter "LPM_DREPRESENTATION" = "UNSIGNED"
Info: Found 1 design units, including 1 entities, in source file db/lpm_divide_f5m.tdf
    Info: Found entity 1: lpm_divide_f5m
Warning: Output pins are stuck at VCC or GND
    Warning (13410): Pin "seg_out[7]" is stuck at VCC
Info: Implemented 318 device resources after synthesis - the final resource count might be different
    Info: Implemented 10 input pins
    Info: Implemented 16 output pins
    Info: Implemented 292 logic cells
Info: Quartus II Analysis & Synthesis was successful. 0 errors, 3 warnings
    Info: Peak virtual memory: 226 megabytes
    Info: Processing ended: Sat Dec 10 09:31:36 2022
    Info: Elapsed time: 00:00:04
    Info: Total CPU time (on all processors): 00:00:03


