Classic Timing Analyzer report for decoder38
Mon Oct 31 11:38:04 2022
Quartus II Version 9.0 Build 132 02/25/2009 SJ Full Version


---------------------
; Table of Contents ;
---------------------
  1. Legal Notice
  2. Timing Analyzer Summary
  3. Timing Analyzer Settings
  4. Parallel Compilation
  5. tpd
  6. Timing Analyzer Messages



----------------
; Legal Notice ;
----------------
Copyright (C) 1991-2009 Altera Corporation
Your use of Altera Corporation's design tools, logic functions 
and other software and tools, and its AMPP partner logic 
functions, and any output files from any of the foregoing 
(including device programming or simulation files), and any 
associated documentation or information are expressly subject 
to the terms and conditions of the Altera Program License 
Subscription Agreement, Altera MegaCore Function License 
Agreement, or other applicable license agreement, including, 
without limitation, that your use is for the sole purpose of 
programming logic devices manufactured by Altera and sold by 
Altera or its authorized distributors.  Please refer to the 
applicable agreement for further details.



+-----------------------------------------------------------------------------------------------------------------------+
; Timing Analyzer Summary                                                                                               ;
+------------------------------+-------+---------------+-------------+------+----+------------+----------+--------------+
; Type                         ; Slack ; Required Time ; Actual Time ; From ; To ; From Clock ; To Clock ; Failed Paths ;
+------------------------------+-------+---------------+-------------+------+----+------------+----------+--------------+
; Worst-case tpd               ; N/A   ; None          ; 13.880 ns   ; E3N  ; Y6 ; --         ; --       ; 0            ;
; Total number of failed paths ;       ;               ;             ;      ;    ;            ;          ; 0            ;
+------------------------------+-------+---------------+-------------+------+----+------------+----------+--------------+


+--------------------------------------------------------------------------------------------------------------------+
; Timing Analyzer Settings                                                                                           ;
+---------------------------------------------------------------------+--------------------+------+----+-------------+
; Option                                                              ; Setting            ; From ; To ; Entity Name ;
+---------------------------------------------------------------------+--------------------+------+----+-------------+
; Device Name                                                         ; EP1C3T144C8        ;      ;    ;             ;
; Timing Models                                                       ; Final              ;      ;    ;             ;
; Default hold multicycle                                             ; Same as Multicycle ;      ;    ;             ;
; Cut paths between unrelated clock domains                           ; On                 ;      ;    ;             ;
; Cut off read during write signal paths                              ; On                 ;      ;    ;             ;
; Cut off feedback from I/O pins                                      ; On                 ;      ;    ;             ;
; Report Combined Fast/Slow Timing                                    ; Off                ;      ;    ;             ;
; Ignore Clock Settings                                               ; Off                ;      ;    ;             ;
; Analyze latches as synchronous elements                             ; On                 ;      ;    ;             ;
; Enable Recovery/Removal analysis                                    ; Off                ;      ;    ;             ;
; Enable Clock Latency                                                ; Off                ;      ;    ;             ;
; Use TimeQuest Timing Analyzer                                       ; Off                ;      ;    ;             ;
; Minimum Core Junction Temperature                                   ; 0                  ;      ;    ;             ;
; Maximum Core Junction Temperature                                   ; 85                 ;      ;    ;             ;
; Number of source nodes to report per destination node               ; 10                 ;      ;    ;             ;
; Number of destination nodes to report                               ; 10                 ;      ;    ;             ;
; Number of paths to report                                           ; 200                ;      ;    ;             ;
; Report Minimum Timing Checks                                        ; Off                ;      ;    ;             ;
; Use Fast Timing Models                                              ; Off                ;      ;    ;             ;
; Report IO Paths Separately                                          ; Off                ;      ;    ;             ;
; Perform Multicorner Analysis                                        ; Off                ;      ;    ;             ;
; Reports the worst-case path for each clock domain and analysis      ; Off                ;      ;    ;             ;
; Removes common clock path pessimism (CCPP) during slack computation ; Off                ;      ;    ;             ;
; Output I/O Timing Endpoint                                          ; Near End           ;      ;    ;             ;
+---------------------------------------------------------------------+--------------------+------+----+-------------+


+------------------------------------------+
; Parallel Compilation                     ;
+----------------------------+-------------+
; Processors                 ; Number      ;
+----------------------------+-------------+
; Number detected on machine ; 8           ;
; Maximum allowed            ; 4           ;
;                            ;             ;
; Average used               ; 1.00        ;
; Maximum used               ; 1           ;
;                            ;             ;
; Usage by Processor         ; % Time Used ;
;     1 processor            ; 100.0%      ;
;     2-8 processors         ;   0.0%      ;
+----------------------------+-------------+


+---------------------------------------------------------+
; tpd                                                     ;
+-------+-------------------+-----------------+------+----+
; Slack ; Required P2P Time ; Actual P2P Time ; From ; To ;
+-------+-------------------+-----------------+------+----+
; N/A   ; None              ; 13.880 ns       ; E3N  ; Y6 ;
; N/A   ; None              ; 13.726 ns       ; E3N  ; Y7 ;
; N/A   ; None              ; 13.708 ns       ; E3N  ; Y3 ;
; N/A   ; None              ; 13.404 ns       ; E3N  ; Y5 ;
; N/A   ; None              ; 13.390 ns       ; E3N  ; Y4 ;
; N/A   ; None              ; 13.385 ns       ; E3N  ; Y2 ;
; N/A   ; None              ; 13.351 ns       ; E2N  ; Y6 ;
; N/A   ; None              ; 13.197 ns       ; E2N  ; Y7 ;
; N/A   ; None              ; 13.179 ns       ; E2N  ; Y3 ;
; N/A   ; None              ; 13.154 ns       ; E1   ; Y6 ;
; N/A   ; None              ; 13.077 ns       ; E3N  ; Y1 ;
; N/A   ; None              ; 13.069 ns       ; E3N  ; Y0 ;
; N/A   ; None              ; 13.000 ns       ; E1   ; Y7 ;
; N/A   ; None              ; 12.982 ns       ; E1   ; Y3 ;
; N/A   ; None              ; 12.875 ns       ; E2N  ; Y5 ;
; N/A   ; None              ; 12.861 ns       ; E2N  ; Y4 ;
; N/A   ; None              ; 12.856 ns       ; E2N  ; Y2 ;
; N/A   ; None              ; 12.678 ns       ; E1   ; Y5 ;
; N/A   ; None              ; 12.664 ns       ; E1   ; Y4 ;
; N/A   ; None              ; 12.659 ns       ; E1   ; Y2 ;
; N/A   ; None              ; 12.630 ns       ; A0   ; Y6 ;
; N/A   ; None              ; 12.548 ns       ; E2N  ; Y1 ;
; N/A   ; None              ; 12.540 ns       ; E2N  ; Y0 ;
; N/A   ; None              ; 12.466 ns       ; A0   ; Y7 ;
; N/A   ; None              ; 12.455 ns       ; A0   ; Y3 ;
; N/A   ; None              ; 12.443 ns       ; A2   ; Y6 ;
; N/A   ; None              ; 12.351 ns       ; E1   ; Y1 ;
; N/A   ; None              ; 12.343 ns       ; E1   ; Y0 ;
; N/A   ; None              ; 12.319 ns       ; A1   ; Y6 ;
; N/A   ; None              ; 12.279 ns       ; A2   ; Y7 ;
; N/A   ; None              ; 12.268 ns       ; A2   ; Y3 ;
; N/A   ; None              ; 12.169 ns       ; A1   ; Y7 ;
; N/A   ; None              ; 12.145 ns       ; A1   ; Y3 ;
; N/A   ; None              ; 12.139 ns       ; A0   ; Y4 ;
; N/A   ; None              ; 12.136 ns       ; A0   ; Y5 ;
; N/A   ; None              ; 12.129 ns       ; A0   ; Y2 ;
; N/A   ; None              ; 11.952 ns       ; A2   ; Y4 ;
; N/A   ; None              ; 11.949 ns       ; A2   ; Y5 ;
; N/A   ; None              ; 11.942 ns       ; A2   ; Y2 ;
; N/A   ; None              ; 11.847 ns       ; A1   ; Y5 ;
; N/A   ; None              ; 11.828 ns       ; A0   ; Y1 ;
; N/A   ; None              ; 11.828 ns       ; A1   ; Y4 ;
; N/A   ; None              ; 11.826 ns       ; A1   ; Y2 ;
; N/A   ; None              ; 11.806 ns       ; A0   ; Y0 ;
; N/A   ; None              ; 11.640 ns       ; A2   ; Y1 ;
; N/A   ; None              ; 11.619 ns       ; A2   ; Y0 ;
; N/A   ; None              ; 11.516 ns       ; A1   ; Y1 ;
; N/A   ; None              ; 11.513 ns       ; A1   ; Y0 ;
+-------+-------------------+-----------------+------+----+


+--------------------------+
; Timing Analyzer Messages ;
+--------------------------+
Info: *******************************************************************
Info: Running Quartus II Classic Timing Analyzer
    Info: Version 9.0 Build 132 02/25/2009 SJ Full Version
    Info: Processing started: Mon Oct 31 11:38:04 2022
Info: Command: quartus_tan --read_settings_files=off --write_settings_files=off decoder38 -c decoder38 --timing_analysis_only
Info: Parallel compilation is enabled and will use 4 of the 8 processors detected
Info: Longest tpd from source pin "E3N" to destination pin "Y6" is 13.880 ns
    Info: 1: + IC(0.000 ns) + CELL(1.475 ns) = 1.475 ns; Loc. = PIN_56; Fanout = 1; PIN Node = 'E3N'
    Info: 2: + IC(5.823 ns) + CELL(0.590 ns) = 7.888 ns; Loc. = LC_X8_Y2_N9; Fanout = 8; COMB Node = 'E~0'
    Info: 3: + IC(0.519 ns) + CELL(0.292 ns) = 8.699 ns; Loc. = LC_X8_Y2_N6; Fanout = 1; COMB Node = 'Y6~1'
    Info: 4: + IC(3.073 ns) + CELL(2.108 ns) = 13.880 ns; Loc. = PIN_143; Fanout = 0; PIN Node = 'Y6'
    Info: Total cell delay = 4.465 ns ( 32.17 % )
    Info: Total interconnect delay = 9.415 ns ( 67.83 % )
Info: Quartus II Classic Timing Analyzer was successful. 0 errors, 0 warnings
    Info: Peak virtual memory: 190 megabytes
    Info: Processing ended: Mon Oct 31 11:38:04 2022
    Info: Elapsed time: 00:00:00
    Info: Total CPU time (on all processors): 00:00:00


