Classic Timing Analyzer report for exp2_2
Mon Nov 14 18:05:06 2022
Quartus II Version 9.0 Build 132 02/25/2009 SJ Full Version


---------------------
; Table of Contents ;
---------------------
  1. Legal Notice
  2. Timing Analyzer Summary
  3. Timing Analyzer Settings
  4. Clock Settings Summary
  5. Parallel Compilation
  6. tsu
  7. tco
  8. th
  9. Timing Analyzer Messages



----------------
; Legal Notice ;
----------------
Copyright (C) 1991-2009 Altera Corporation
Your use of Altera Corporation's design tools, logic functions 
and other software and tools, and its AMPP partner logic 
functions, and any output files from any of the foregoing 
(including device programming or simulation files), and any 
associated documentation or information are expressly subject 
to the terms and conditions of the Altera Program License 
Subscription Agreement, Altera MegaCore Function License 
Agreement, or other applicable license agreement, including, 
without limitation, that your use is for the sole purpose of 
programming logic devices manufactured by Altera and sold by 
Altera or its authorized distributors.  Please refer to the 
applicable agreement for further details.



+---------------------------------------------------------------------------------------------------------------------------------------+
; Timing Analyzer Summary                                                                                                               ;
+------------------------------+-------+---------------+-------------+-------------+-------------+------------+----------+--------------+
; Type                         ; Slack ; Required Time ; Actual Time ; From        ; To          ; From Clock ; To Clock ; Failed Paths ;
+------------------------------+-------+---------------+-------------+-------------+-------------+------------+----------+--------------+
; Worst-case tsu               ; N/A   ; None          ; 6.299 ns    ; d0          ; myD:inst4|q ; --         ; CLK      ; 0            ;
; Worst-case tco               ; N/A   ; None          ; 8.886 ns    ; myD:inst3|q ; q1          ; CLK        ; --       ; 0            ;
; Worst-case th                ; N/A   ; None          ; -3.976 ns   ; d1          ; myD:inst3|q ; --         ; CLK      ; 0            ;
; Total number of failed paths ;       ;               ;             ;             ;             ;            ;          ; 0            ;
+------------------------------+-------+---------------+-------------+-------------+-------------+------------+----------+--------------+


+--------------------------------------------------------------------------------------------------------------------+
; Timing Analyzer Settings                                                                                           ;
+---------------------------------------------------------------------+--------------------+------+----+-------------+
; Option                                                              ; Setting            ; From ; To ; Entity Name ;
+---------------------------------------------------------------------+--------------------+------+----+-------------+
; Device Name                                                         ; EP1C3T144C8        ;      ;    ;             ;
; Timing Models                                                       ; Final              ;      ;    ;             ;
; Default hold multicycle                                             ; Same as Multicycle ;      ;    ;             ;
; Cut paths between unrelated clock domains                           ; On                 ;      ;    ;             ;
; Cut off read during write signal paths                              ; On                 ;      ;    ;             ;
; Cut off feedback from I/O pins                                      ; On                 ;      ;    ;             ;
; Report Combined Fast/Slow Timing                                    ; Off                ;      ;    ;             ;
; Ignore Clock Settings                                               ; Off                ;      ;    ;             ;
; Analyze latches as synchronous elements                             ; On                 ;      ;    ;             ;
; Enable Recovery/Removal analysis                                    ; Off                ;      ;    ;             ;
; Enable Clock Latency                                                ; Off                ;      ;    ;             ;
; Use TimeQuest Timing Analyzer                                       ; Off                ;      ;    ;             ;
; Minimum Core Junction Temperature                                   ; 0                  ;      ;    ;             ;
; Maximum Core Junction Temperature                                   ; 85                 ;      ;    ;             ;
; Number of source nodes to report per destination node               ; 10                 ;      ;    ;             ;
; Number of destination nodes to report                               ; 10                 ;      ;    ;             ;
; Number of paths to report                                           ; 200                ;      ;    ;             ;
; Report Minimum Timing Checks                                        ; Off                ;      ;    ;             ;
; Use Fast Timing Models                                              ; Off                ;      ;    ;             ;
; Report IO Paths Separately                                          ; Off                ;      ;    ;             ;
; Perform Multicorner Analysis                                        ; Off                ;      ;    ;             ;
; Reports the worst-case path for each clock domain and analysis      ; Off                ;      ;    ;             ;
; Removes common clock path pessimism (CCPP) during slack computation ; Off                ;      ;    ;             ;
; Output I/O Timing Endpoint                                          ; Near End           ;      ;    ;             ;
+---------------------------------------------------------------------+--------------------+------+----+-------------+


+------------------------------------------------------------------------------------------------------------------------------------------------------------------------------------+
; Clock Settings Summary                                                                                                                                                             ;
+-----------------+--------------------+----------+------------------+---------------+--------------+----------+-----------------------+---------------------+--------+--------------+
; Clock Node Name ; Clock Setting Name ; Type     ; Fmax Requirement ; Early Latency ; Late Latency ; Based on ; Multiply Base Fmax by ; Divide Base Fmax by ; Offset ; Phase offset ;
+-----------------+--------------------+----------+------------------+---------------+--------------+----------+-----------------------+---------------------+--------+--------------+
; CLK             ;                    ; User Pin ; None             ; 0.000 ns      ; 0.000 ns     ; --       ; N/A                   ; N/A                 ; N/A    ;              ;
+-----------------+--------------------+----------+------------------+---------------+--------------+----------+-----------------------+---------------------+--------+--------------+


+------------------------------------------+
; Parallel Compilation                     ;
+----------------------------+-------------+
; Processors                 ; Number      ;
+----------------------------+-------------+
; Number detected on machine ; 8           ;
; Maximum allowed            ; 4           ;
;                            ;             ;
; Average used               ; 1.00        ;
; Maximum used               ; 1           ;
;                            ;             ;
; Usage by Processor         ; % Time Used ;
;     1 processor            ; 100.0%      ;
;     2-8 processors         ;   0.0%      ;
+----------------------------+-------------+


+-------------------------------------------------------------------+
; tsu                                                               ;
+-------+--------------+------------+------+-------------+----------+
; Slack ; Required tsu ; Actual tsu ; From ; To          ; To Clock ;
+-------+--------------+------------+------+-------------+----------+
; N/A   ; None         ; 6.299 ns   ; d0   ; myD:inst4|q ; CLK      ;
; N/A   ; None         ; 5.430 ns   ; d2   ; myD:inst|q  ; CLK      ;
; N/A   ; None         ; 4.028 ns   ; d1   ; myD:inst3|q ; CLK      ;
+-------+--------------+------------+------+-------------+----------+


+-------------------------------------------------------------------+
; tco                                                               ;
+-------+--------------+------------+-------------+----+------------+
; Slack ; Required tco ; Actual tco ; From        ; To ; From Clock ;
+-------+--------------+------------+-------------+----+------------+
; N/A   ; None         ; 8.886 ns   ; myD:inst3|q ; q1 ; CLK        ;
; N/A   ; None         ; 7.078 ns   ; myD:inst|q  ; q2 ; CLK        ;
; N/A   ; None         ; 6.379 ns   ; myD:inst4|q ; q0 ; CLK        ;
+-------+--------------+------------+-------------+----+------------+


+-------------------------------------------------------------------------+
; th                                                                      ;
+---------------+-------------+-----------+------+-------------+----------+
; Minimum Slack ; Required th ; Actual th ; From ; To          ; To Clock ;
+---------------+-------------+-----------+------+-------------+----------+
; N/A           ; None        ; -3.976 ns ; d1   ; myD:inst3|q ; CLK      ;
; N/A           ; None        ; -5.378 ns ; d2   ; myD:inst|q  ; CLK      ;
; N/A           ; None        ; -6.247 ns ; d0   ; myD:inst4|q ; CLK      ;
+---------------+-------------+-----------+------+-------------+----------+


+--------------------------+
; Timing Analyzer Messages ;
+--------------------------+
Info: *******************************************************************
Info: Running Quartus II Classic Timing Analyzer
    Info: Version 9.0 Build 132 02/25/2009 SJ Full Version
    Info: Processing started: Mon Nov 14 18:05:06 2022
Info: Command: quartus_tan --read_settings_files=off --write_settings_files=off exp2_2 -c exp2_2 --timing_analysis_only
Info: Parallel compilation is enabled and will use 4 of the 8 processors detected
Warning: Found pins functioning as undefined clocks and/or memory enables
    Info: Assuming node "CLK" is an undefined clock
Info: No valid register-to-register data paths exist for clock "CLK"
Info: tsu for register "myD:inst4|q" (data pin = "d0", clock pin = "CLK") is 6.299 ns
    Info: + Longest pin to register delay is 8.912 ns
        Info: 1: + IC(0.000 ns) + CELL(1.475 ns) = 1.475 ns; Loc. = PIN_58; Fanout = 1; PIN Node = 'd0'
        Info: 2: + IC(7.322 ns) + CELL(0.115 ns) = 8.912 ns; Loc. = LC_X2_Y11_N2; Fanout = 1; REG Node = 'myD:inst4|q'
        Info: Total cell delay = 1.590 ns ( 17.84 % )
        Info: Total interconnect delay = 7.322 ns ( 82.16 % )
    Info: + Micro setup delay of destination is 0.037 ns
    Info: - Shortest clock path from clock "CLK" to destination register is 2.650 ns
        Info: 1: + IC(0.000 ns) + CELL(1.475 ns) = 1.475 ns; Loc. = PIN_47; Fanout = 3; CLK Node = 'CLK'
        Info: 2: + IC(0.464 ns) + CELL(0.711 ns) = 2.650 ns; Loc. = LC_X2_Y11_N2; Fanout = 1; REG Node = 'myD:inst4|q'
        Info: Total cell delay = 2.186 ns ( 82.49 % )
        Info: Total interconnect delay = 0.464 ns ( 17.51 % )
Info: tco from clock "CLK" to destination pin "q1" through register "myD:inst3|q" is 8.886 ns
    Info: + Longest clock path from clock "CLK" to source register is 2.625 ns
        Info: 1: + IC(0.000 ns) + CELL(1.475 ns) = 1.475 ns; Loc. = PIN_47; Fanout = 3; CLK Node = 'CLK'
        Info: 2: + IC(0.439 ns) + CELL(0.711 ns) = 2.625 ns; Loc. = LC_X15_Y1_N2; Fanout = 1; REG Node = 'myD:inst3|q'
        Info: Total cell delay = 2.186 ns ( 83.28 % )
        Info: Total interconnect delay = 0.439 ns ( 16.72 % )
    Info: + Micro clock to output delay of source is 0.224 ns
    Info: + Longest register to pin delay is 6.037 ns
        Info: 1: + IC(0.000 ns) + CELL(0.000 ns) = 0.000 ns; Loc. = LC_X15_Y1_N2; Fanout = 1; REG Node = 'myD:inst3|q'
        Info: 2: + IC(3.929 ns) + CELL(2.108 ns) = 6.037 ns; Loc. = PIN_143; Fanout = 0; PIN Node = 'q1'
        Info: Total cell delay = 2.108 ns ( 34.92 % )
        Info: Total interconnect delay = 3.929 ns ( 65.08 % )
Info: th for register "myD:inst3|q" (data pin = "d1", clock pin = "CLK") is -3.976 ns
    Info: + Longest clock path from clock "CLK" to destination register is 2.625 ns
        Info: 1: + IC(0.000 ns) + CELL(1.475 ns) = 1.475 ns; Loc. = PIN_47; Fanout = 3; CLK Node = 'CLK'
        Info: 2: + IC(0.439 ns) + CELL(0.711 ns) = 2.625 ns; Loc. = LC_X15_Y1_N2; Fanout = 1; REG Node = 'myD:inst3|q'
        Info: Total cell delay = 2.186 ns ( 83.28 % )
        Info: Total interconnect delay = 0.439 ns ( 16.72 % )
    Info: + Micro hold delay of destination is 0.015 ns
    Info: - Shortest pin to register delay is 6.616 ns
        Info: 1: + IC(0.000 ns) + CELL(1.475 ns) = 1.475 ns; Loc. = PIN_57; Fanout = 1; PIN Node = 'd1'
        Info: 2: + IC(5.026 ns) + CELL(0.115 ns) = 6.616 ns; Loc. = LC_X15_Y1_N2; Fanout = 1; REG Node = 'myD:inst3|q'
        Info: Total cell delay = 1.590 ns ( 24.03 % )
        Info: Total interconnect delay = 5.026 ns ( 75.97 % )
Info: Quartus II Classic Timing Analyzer was successful. 0 errors, 1 warning
    Info: Peak virtual memory: 202 megabytes
    Info: Processing ended: Mon Nov 14 18:05:06 2022
    Info: Elapsed time: 00:00:00
    Info: Total CPU time (on all processors): 00:00:00


