Classic Timing Analyzer report for My74161
Tue Dec 06 16:41:57 2022
Quartus II Version 9.0 Build 132 02/25/2009 SJ Full Version


---------------------
; Table of Contents ;
---------------------
  1. Legal Notice
  2. Timing Analyzer Summary
  3. Timing Analyzer Settings
  4. Clock Settings Summary
  5. Parallel Compilation
  6. Clock Setup: 'clk'
  7. tsu
  8. tco
  9. tpd
 10. th
 11. Timing Analyzer Messages



----------------
; Legal Notice ;
----------------
Copyright (C) 1991-2009 Altera Corporation
Your use of Altera Corporation's design tools, logic functions 
and other software and tools, and its AMPP partner logic 
functions, and any output files from any of the foregoing 
(including device programming or simulation files), and any 
associated documentation or information are expressly subject 
to the terms and conditions of the Altera Program License 
Subscription Agreement, Altera MegaCore Function License 
Agreement, or other applicable license agreement, including, 
without limitation, that your use is for the sole purpose of 
programming logic devices manufactured by Altera and sold by 
Altera or its authorized distributors.  Please refer to the 
applicable agreement for further details.



+------------------------------------------------------------------------------------------------------------------------------------------------------------+
; Timing Analyzer Summary                                                                                                                                    ;
+------------------------------+-------+---------------+------------------------------------------------+------+------+------------+----------+--------------+
; Type                         ; Slack ; Required Time ; Actual Time                                    ; From ; To   ; From Clock ; To Clock ; Failed Paths ;
+------------------------------+-------+---------------+------------------------------------------------+------+------+------------+----------+--------------+
; Worst-case tsu               ; N/A   ; None          ; 6.697 ns                                       ; et   ; Q[3] ; --         ; clk      ; 0            ;
; Worst-case tco               ; N/A   ; None          ; 8.921 ns                                       ; Q[3] ; co   ; clk        ; --       ; 0            ;
; Worst-case tpd               ; N/A   ; None          ; 11.581 ns                                      ; et   ; co   ; --         ; --       ; 0            ;
; Worst-case th                ; N/A   ; None          ; -4.798 ns                                      ; d2   ; Q[2] ; --         ; clk      ; 0            ;
; Clock Setup: 'clk'           ; N/A   ; None          ; Restricted to 275.03 MHz ( period = 3.636 ns ) ; Q[0] ; Q[3] ; clk        ; clk      ; 0            ;
; Total number of failed paths ;       ;               ;                                                ;      ;      ;            ;          ; 0            ;
+------------------------------+-------+---------------+------------------------------------------------+------+------+------------+----------+--------------+


+--------------------------------------------------------------------------------------------------------------------+
; Timing Analyzer Settings                                                                                           ;
+---------------------------------------------------------------------+--------------------+------+----+-------------+
; Option                                                              ; Setting            ; From ; To ; Entity Name ;
+---------------------------------------------------------------------+--------------------+------+----+-------------+
; Device Name                                                         ; EP1C3T144C8        ;      ;    ;             ;
; Timing Models                                                       ; Final              ;      ;    ;             ;
; Default hold multicycle                                             ; Same as Multicycle ;      ;    ;             ;
; Cut paths between unrelated clock domains                           ; On                 ;      ;    ;             ;
; Cut off read during write signal paths                              ; On                 ;      ;    ;             ;
; Cut off feedback from I/O pins                                      ; On                 ;      ;    ;             ;
; Report Combined Fast/Slow Timing                                    ; Off                ;      ;    ;             ;
; Ignore Clock Settings                                               ; Off                ;      ;    ;             ;
; Analyze latches as synchronous elements                             ; On                 ;      ;    ;             ;
; Enable Recovery/Removal analysis                                    ; Off                ;      ;    ;             ;
; Enable Clock Latency                                                ; Off                ;      ;    ;             ;
; Use TimeQuest Timing Analyzer                                       ; Off                ;      ;    ;             ;
; Minimum Core Junction Temperature                                   ; 0                  ;      ;    ;             ;
; Maximum Core Junction Temperature                                   ; 85                 ;      ;    ;             ;
; Number of source nodes to report per destination node               ; 10                 ;      ;    ;             ;
; Number of destination nodes to report                               ; 10                 ;      ;    ;             ;
; Number of paths to report                                           ; 200                ;      ;    ;             ;
; Report Minimum Timing Checks                                        ; Off                ;      ;    ;             ;
; Use Fast Timing Models                                              ; Off                ;      ;    ;             ;
; Report IO Paths Separately                                          ; Off                ;      ;    ;             ;
; Perform Multicorner Analysis                                        ; Off                ;      ;    ;             ;
; Reports the worst-case path for each clock domain and analysis      ; Off                ;      ;    ;             ;
; Removes common clock path pessimism (CCPP) during slack computation ; Off                ;      ;    ;             ;
; Output I/O Timing Endpoint                                          ; Near End           ;      ;    ;             ;
+---------------------------------------------------------------------+--------------------+------+----+-------------+


+------------------------------------------------------------------------------------------------------------------------------------------------------------------------------------+
; Clock Settings Summary                                                                                                                                                             ;
+-----------------+--------------------+----------+------------------+---------------+--------------+----------+-----------------------+---------------------+--------+--------------+
; Clock Node Name ; Clock Setting Name ; Type     ; Fmax Requirement ; Early Latency ; Late Latency ; Based on ; Multiply Base Fmax by ; Divide Base Fmax by ; Offset ; Phase offset ;
+-----------------+--------------------+----------+------------------+---------------+--------------+----------+-----------------------+---------------------+--------+--------------+
; clk             ;                    ; User Pin ; None             ; 0.000 ns      ; 0.000 ns     ; --       ; N/A                   ; N/A                 ; N/A    ;              ;
+-----------------+--------------------+----------+------------------+---------------+--------------+----------+-----------------------+---------------------+--------+--------------+


+------------------------------------------+
; Parallel Compilation                     ;
+----------------------------+-------------+
; Processors                 ; Number      ;
+----------------------------+-------------+
; Number detected on machine ; 8           ;
; Maximum allowed            ; 4           ;
;                            ;             ;
; Average used               ; 1.00        ;
; Maximum used               ; 1           ;
;                            ;             ;
; Usage by Processor         ; % Time Used ;
;     1 processor            ; 100.0%      ;
;     2-8 processors         ;   0.0%      ;
+----------------------------+-------------+


+----------------------------------------------------------------------------------------------------------------------------------------------------------------------------------+
; Clock Setup: 'clk'                                                                                                                                                               ;
+-------+------------------------------------------------+------+------+------------+----------+-----------------------------+---------------------------+-------------------------+
; Slack ; Actual fmax (period)                           ; From ; To   ; From Clock ; To Clock ; Required Setup Relationship ; Required Longest P2P Time ; Actual Longest P2P Time ;
+-------+------------------------------------------------+------+------+------------+----------+-----------------------------+---------------------------+-------------------------+
; N/A   ; Restricted to 275.03 MHz ( period = 3.636 ns ) ; Q[0] ; Q[3] ; clk        ; clk      ; None                        ; None                      ; 2.057 ns                ;
; N/A   ; Restricted to 275.03 MHz ( period = 3.636 ns ) ; Q[0] ; Q[2] ; clk        ; clk      ; None                        ; None                      ; 1.977 ns                ;
; N/A   ; Restricted to 275.03 MHz ( period = 3.636 ns ) ; Q[1] ; Q[3] ; clk        ; clk      ; None                        ; None                      ; 1.976 ns                ;
; N/A   ; Restricted to 275.03 MHz ( period = 3.636 ns ) ; Q[0] ; Q[1] ; clk        ; clk      ; None                        ; None                      ; 1.897 ns                ;
; N/A   ; Restricted to 275.03 MHz ( period = 3.636 ns ) ; Q[1] ; Q[2] ; clk        ; clk      ; None                        ; None                      ; 1.896 ns                ;
; N/A   ; Restricted to 275.03 MHz ( period = 3.636 ns ) ; Q[2] ; Q[3] ; clk        ; clk      ; None                        ; None                      ; 1.738 ns                ;
; N/A   ; Restricted to 275.03 MHz ( period = 3.636 ns ) ; Q[0] ; Q[0] ; clk        ; clk      ; None                        ; None                      ; 1.273 ns                ;
; N/A   ; Restricted to 275.03 MHz ( period = 3.636 ns ) ; Q[1] ; Q[1] ; clk        ; clk      ; None                        ; None                      ; 1.272 ns                ;
; N/A   ; Restricted to 275.03 MHz ( period = 3.636 ns ) ; Q[3] ; Q[3] ; clk        ; clk      ; None                        ; None                      ; 1.126 ns                ;
; N/A   ; Restricted to 275.03 MHz ( period = 3.636 ns ) ; Q[2] ; Q[2] ; clk        ; clk      ; None                        ; None                      ; 1.126 ns                ;
+-------+------------------------------------------------+------+------+------------+----------+-----------------------------+---------------------------+-------------------------+


+------------------------------------------------------------+
; tsu                                                        ;
+-------+--------------+------------+------+------+----------+
; Slack ; Required tsu ; Actual tsu ; From ; To   ; To Clock ;
+-------+--------------+------------+------+------+----------+
; N/A   ; None         ; 6.697 ns   ; et   ; Q[3] ; clk      ;
; N/A   ; None         ; 6.617 ns   ; et   ; Q[2] ; clk      ;
; N/A   ; None         ; 6.537 ns   ; et   ; Q[1] ; clk      ;
; N/A   ; None         ; 6.378 ns   ; ep   ; Q[3] ; clk      ;
; N/A   ; None         ; 6.298 ns   ; ep   ; Q[2] ; clk      ;
; N/A   ; None         ; 6.218 ns   ; ep   ; Q[1] ; clk      ;
; N/A   ; None         ; 5.925 ns   ; et   ; Q[0] ; clk      ;
; N/A   ; None         ; 5.606 ns   ; ep   ; Q[0] ; clk      ;
; N/A   ; None         ; 5.539 ns   ; ldn  ; Q[3] ; clk      ;
; N/A   ; None         ; 5.539 ns   ; ldn  ; Q[2] ; clk      ;
; N/A   ; None         ; 5.539 ns   ; ldn  ; Q[1] ; clk      ;
; N/A   ; None         ; 5.539 ns   ; ldn  ; Q[0] ; clk      ;
; N/A   ; None         ; 5.164 ns   ; d0   ; Q[0] ; clk      ;
; N/A   ; None         ; 4.876 ns   ; d3   ; Q[3] ; clk      ;
; N/A   ; None         ; 4.859 ns   ; d1   ; Q[1] ; clk      ;
; N/A   ; None         ; 4.850 ns   ; d2   ; Q[2] ; clk      ;
+-------+--------------+------------+------+------+----------+


+------------------------------------------------------------+
; tco                                                        ;
+-------+--------------+------------+------+----+------------+
; Slack ; Required tco ; Actual tco ; From ; To ; From Clock ;
+-------+--------------+------------+------+----+------------+
; N/A   ; None         ; 8.921 ns   ; Q[3] ; co ; clk        ;
; N/A   ; None         ; 8.722 ns   ; Q[2] ; co ; clk        ;
; N/A   ; None         ; 8.346 ns   ; Q[1] ; co ; clk        ;
; N/A   ; None         ; 7.868 ns   ; Q[3] ; q3 ; clk        ;
; N/A   ; None         ; 7.864 ns   ; Q[0] ; co ; clk        ;
; N/A   ; None         ; 7.846 ns   ; Q[1] ; q1 ; clk        ;
; N/A   ; None         ; 7.593 ns   ; Q[0] ; q0 ; clk        ;
; N/A   ; None         ; 7.593 ns   ; Q[2] ; q2 ; clk        ;
+-------+--------------+------------+------+----+------------+


+---------------------------------------------------------+
; tpd                                                     ;
+-------+-------------------+-----------------+------+----+
; Slack ; Required P2P Time ; Actual P2P Time ; From ; To ;
+-------+-------------------+-----------------+------+----+
; N/A   ; None              ; 11.581 ns       ; et   ; co ;
+-------+-------------------+-----------------+------+----+


+------------------------------------------------------------------+
; th                                                               ;
+---------------+-------------+-----------+------+------+----------+
; Minimum Slack ; Required th ; Actual th ; From ; To   ; To Clock ;
+---------------+-------------+-----------+------+------+----------+
; N/A           ; None        ; -4.798 ns ; d2   ; Q[2] ; clk      ;
; N/A           ; None        ; -4.807 ns ; d1   ; Q[1] ; clk      ;
; N/A           ; None        ; -4.824 ns ; d3   ; Q[3] ; clk      ;
; N/A           ; None        ; -5.112 ns ; d0   ; Q[0] ; clk      ;
; N/A           ; None        ; -5.487 ns ; ldn  ; Q[3] ; clk      ;
; N/A           ; None        ; -5.487 ns ; ldn  ; Q[2] ; clk      ;
; N/A           ; None        ; -5.487 ns ; ldn  ; Q[1] ; clk      ;
; N/A           ; None        ; -5.487 ns ; ldn  ; Q[0] ; clk      ;
; N/A           ; None        ; -5.554 ns ; ep   ; Q[0] ; clk      ;
; N/A           ; None        ; -5.873 ns ; et   ; Q[0] ; clk      ;
; N/A           ; None        ; -6.153 ns ; ep   ; Q[1] ; clk      ;
; N/A           ; None        ; -6.231 ns ; ep   ; Q[2] ; clk      ;
; N/A           ; None        ; -6.309 ns ; ep   ; Q[3] ; clk      ;
; N/A           ; None        ; -6.472 ns ; et   ; Q[1] ; clk      ;
; N/A           ; None        ; -6.550 ns ; et   ; Q[2] ; clk      ;
; N/A           ; None        ; -6.628 ns ; et   ; Q[3] ; clk      ;
+---------------+-------------+-----------+------+------+----------+


+--------------------------+
; Timing Analyzer Messages ;
+--------------------------+
Info: *******************************************************************
Info: Running Quartus II Classic Timing Analyzer
    Info: Version 9.0 Build 132 02/25/2009 SJ Full Version
    Info: Processing started: Tue Dec 06 16:41:57 2022
Info: Command: quartus_tan --read_settings_files=off --write_settings_files=off exp3_1 -c My74161 --timing_analysis_only
Info: Parallel compilation is enabled and will use 4 of the 8 processors detected
Warning: Found pins functioning as undefined clocks and/or memory enables
    Info: Assuming node "clk" is an undefined clock
Info: Clock "clk" Internal fmax is restricted to 275.03 MHz between source register "Q[0]" and destination register "Q[3]"
    Info: fmax restricted to Clock High delay (1.818 ns) plus Clock Low delay (1.818 ns) : restricted to 3.636 ns. Expand message to see actual delay path.
        Info: + Longest register to register delay is 2.057 ns
            Info: 1: + IC(0.000 ns) + CELL(0.000 ns) = 0.000 ns; Loc. = LC_X8_Y2_N1; Fanout = 5; REG Node = 'Q[0]'
            Info: 2: + IC(0.535 ns) + CELL(0.575 ns) = 1.110 ns; Loc. = LC_X8_Y2_N1; Fanout = 2; COMB Node = 'Q[0]~15COUT1_21'
            Info: 3: + IC(0.000 ns) + CELL(0.080 ns) = 1.190 ns; Loc. = LC_X8_Y2_N2; Fanout = 2; COMB Node = 'Q[1]~13COUT1_23'
            Info: 4: + IC(0.000 ns) + CELL(0.080 ns) = 1.270 ns; Loc. = LC_X8_Y2_N3; Fanout = 1; COMB Node = 'Q[2]~11COUT1_25'
            Info: 5: + IC(0.000 ns) + CELL(0.787 ns) = 2.057 ns; Loc. = LC_X8_Y2_N4; Fanout = 3; REG Node = 'Q[3]'
            Info: Total cell delay = 1.522 ns ( 73.99 % )
            Info: Total interconnect delay = 0.535 ns ( 26.01 % )
        Info: - Smallest clock skew is 0.000 ns
            Info: + Shortest clock path from clock "clk" to destination register is 2.612 ns
                Info: 1: + IC(0.000 ns) + CELL(1.475 ns) = 1.475 ns; Loc. = PIN_47; Fanout = 4; CLK Node = 'clk'
                Info: 2: + IC(0.426 ns) + CELL(0.711 ns) = 2.612 ns; Loc. = LC_X8_Y2_N4; Fanout = 3; REG Node = 'Q[3]'
                Info: Total cell delay = 2.186 ns ( 83.69 % )
                Info: Total interconnect delay = 0.426 ns ( 16.31 % )
            Info: - Longest clock path from clock "clk" to source register is 2.612 ns
                Info: 1: + IC(0.000 ns) + CELL(1.475 ns) = 1.475 ns; Loc. = PIN_47; Fanout = 4; CLK Node = 'clk'
                Info: 2: + IC(0.426 ns) + CELL(0.711 ns) = 2.612 ns; Loc. = LC_X8_Y2_N1; Fanout = 5; REG Node = 'Q[0]'
                Info: Total cell delay = 2.186 ns ( 83.69 % )
                Info: Total interconnect delay = 0.426 ns ( 16.31 % )
        Info: + Micro clock to output delay of source is 0.224 ns
        Info: + Micro setup delay of destination is 0.037 ns
Info: tsu for register "Q[3]" (data pin = "et", clock pin = "clk") is 6.697 ns
    Info: + Longest pin to register delay is 9.272 ns
        Info: 1: + IC(0.000 ns) + CELL(1.475 ns) = 1.475 ns; Loc. = PIN_53; Fanout = 2; PIN Node = 'et'
        Info: 2: + IC(5.415 ns) + CELL(0.590 ns) = 7.480 ns; Loc. = LC_X8_Y2_N8; Fanout = 3; COMB Node = 'always0~0'
        Info: 3: + IC(0.413 ns) + CELL(0.432 ns) = 8.325 ns; Loc. = LC_X8_Y2_N1; Fanout = 2; COMB Node = 'Q[0]~15COUT1_21'
        Info: 4: + IC(0.000 ns) + CELL(0.080 ns) = 8.405 ns; Loc. = LC_X8_Y2_N2; Fanout = 2; COMB Node = 'Q[1]~13COUT1_23'
        Info: 5: + IC(0.000 ns) + CELL(0.080 ns) = 8.485 ns; Loc. = LC_X8_Y2_N3; Fanout = 1; COMB Node = 'Q[2]~11COUT1_25'
        Info: 6: + IC(0.000 ns) + CELL(0.787 ns) = 9.272 ns; Loc. = LC_X8_Y2_N4; Fanout = 3; REG Node = 'Q[3]'
        Info: Total cell delay = 3.444 ns ( 37.14 % )
        Info: Total interconnect delay = 5.828 ns ( 62.86 % )
    Info: + Micro setup delay of destination is 0.037 ns
    Info: - Shortest clock path from clock "clk" to destination register is 2.612 ns
        Info: 1: + IC(0.000 ns) + CELL(1.475 ns) = 1.475 ns; Loc. = PIN_47; Fanout = 4; CLK Node = 'clk'
        Info: 2: + IC(0.426 ns) + CELL(0.711 ns) = 2.612 ns; Loc. = LC_X8_Y2_N4; Fanout = 3; REG Node = 'Q[3]'
        Info: Total cell delay = 2.186 ns ( 83.69 % )
        Info: Total interconnect delay = 0.426 ns ( 16.31 % )
Info: tco from clock "clk" to destination pin "co" through register "Q[3]" is 8.921 ns
    Info: + Longest clock path from clock "clk" to source register is 2.612 ns
        Info: 1: + IC(0.000 ns) + CELL(1.475 ns) = 1.475 ns; Loc. = PIN_47; Fanout = 4; CLK Node = 'clk'
        Info: 2: + IC(0.426 ns) + CELL(0.711 ns) = 2.612 ns; Loc. = LC_X8_Y2_N4; Fanout = 3; REG Node = 'Q[3]'
        Info: Total cell delay = 2.186 ns ( 83.69 % )
        Info: Total interconnect delay = 0.426 ns ( 16.31 % )
    Info: + Micro clock to output delay of source is 0.224 ns
    Info: + Longest register to pin delay is 6.085 ns
        Info: 1: + IC(0.000 ns) + CELL(0.000 ns) = 0.000 ns; Loc. = LC_X8_Y2_N4; Fanout = 3; REG Node = 'Q[3]'
        Info: 2: + IC(0.559 ns) + CELL(0.292 ns) = 0.851 ns; Loc. = LC_X8_Y2_N5; Fanout = 1; COMB Node = 'co~4'
        Info: 3: + IC(0.410 ns) + CELL(0.442 ns) = 1.703 ns; Loc. = LC_X8_Y2_N6; Fanout = 1; COMB Node = 'co~3'
        Info: 4: + IC(2.274 ns) + CELL(2.108 ns) = 6.085 ns; Loc. = PIN_133; Fanout = 0; PIN Node = 'co'
        Info: Total cell delay = 2.842 ns ( 46.71 % )
        Info: Total interconnect delay = 3.243 ns ( 53.29 % )
Info: Longest tpd from source pin "et" to destination pin "co" is 11.581 ns
    Info: 1: + IC(0.000 ns) + CELL(1.475 ns) = 1.475 ns; Loc. = PIN_53; Fanout = 2; PIN Node = 'et'
    Info: 2: + IC(5.432 ns) + CELL(0.292 ns) = 7.199 ns; Loc. = LC_X8_Y2_N6; Fanout = 1; COMB Node = 'co~3'
    Info: 3: + IC(2.274 ns) + CELL(2.108 ns) = 11.581 ns; Loc. = PIN_133; Fanout = 0; PIN Node = 'co'
    Info: Total cell delay = 3.875 ns ( 33.46 % )
    Info: Total interconnect delay = 7.706 ns ( 66.54 % )
Info: th for register "Q[2]" (data pin = "d2", clock pin = "clk") is -4.798 ns
    Info: + Longest clock path from clock "clk" to destination register is 2.612 ns
        Info: 1: + IC(0.000 ns) + CELL(1.475 ns) = 1.475 ns; Loc. = PIN_47; Fanout = 4; CLK Node = 'clk'
        Info: 2: + IC(0.426 ns) + CELL(0.711 ns) = 2.612 ns; Loc. = LC_X8_Y2_N3; Fanout = 5; REG Node = 'Q[2]'
        Info: Total cell delay = 2.186 ns ( 83.69 % )
        Info: Total interconnect delay = 0.426 ns ( 16.31 % )
    Info: + Micro hold delay of destination is 0.015 ns
    Info: - Shortest pin to register delay is 7.425 ns
        Info: 1: + IC(0.000 ns) + CELL(1.475 ns) = 1.475 ns; Loc. = PIN_56; Fanout = 1; PIN Node = 'd2'
        Info: 2: + IC(5.835 ns) + CELL(0.115 ns) = 7.425 ns; Loc. = LC_X8_Y2_N3; Fanout = 5; REG Node = 'Q[2]'
        Info: Total cell delay = 1.590 ns ( 21.41 % )
        Info: Total interconnect delay = 5.835 ns ( 78.59 % )
Info: Quartus II Classic Timing Analyzer was successful. 0 errors, 1 warning
    Info: Peak virtual memory: 202 megabytes
    Info: Processing ended: Tue Dec 06 16:41:57 2022
    Info: Elapsed time: 00:00:00
    Info: Total CPU time (on all processors): 00:00:00


