Classic Timing Analyzer report for exp3_2
Wed Dec 14 20:39:41 2022
Quartus II Version 9.0 Build 132 02/25/2009 SJ Full Version


---------------------
; Table of Contents ;
---------------------
  1. Legal Notice
  2. Timing Analyzer Summary
  3. Timing Analyzer Settings
  4. Clock Settings Summary
  5. Parallel Compilation
  6. Clock Setup: 'cp'
  7. tco
  8. Timing Analyzer Messages



----------------
; Legal Notice ;
----------------
Copyright (C) 1991-2009 Altera Corporation
Your use of Altera Corporation's design tools, logic functions 
and other software and tools, and its AMPP partner logic 
functions, and any output files from any of the foregoing 
(including device programming or simulation files), and any 
associated documentation or information are expressly subject 
to the terms and conditions of the Altera Program License 
Subscription Agreement, Altera MegaCore Function License 
Agreement, or other applicable license agreement, including, 
without limitation, that your use is for the sole purpose of 
programming logic devices manufactured by Altera and sold by 
Altera or its authorized distributors.  Please refer to the 
applicable agreement for further details.



+----------------------------------------------------------------------------------------------------------------------------------------------------------------------------------------+
; Timing Analyzer Summary                                                                                                                                                                ;
+------------------------------+-------+---------------+------------------------------------------------+--------------------+--------------------+------------+----------+--------------+
; Type                         ; Slack ; Required Time ; Actual Time                                    ; From               ; To                 ; From Clock ; To Clock ; Failed Paths ;
+------------------------------+-------+---------------+------------------------------------------------+--------------------+--------------------+------------+----------+--------------+
; Worst-case tco               ; N/A   ; None          ; 8.265 ns                                       ; My74161:inst7|Q[2] ; q6                 ; cp         ; --       ; 0            ;
; Clock Setup: 'cp'            ; N/A   ; None          ; Restricted to 275.03 MHz ( period = 3.636 ns ) ; My74161:inst|Q[1]  ; My74161:inst7|Q[3] ; cp         ; cp       ; 0            ;
; Total number of failed paths ;       ;               ;                                                ;                    ;                    ;            ;          ; 0            ;
+------------------------------+-------+---------------+------------------------------------------------+--------------------+--------------------+------------+----------+--------------+


+--------------------------------------------------------------------------------------------------------------------+
; Timing Analyzer Settings                                                                                           ;
+---------------------------------------------------------------------+--------------------+------+----+-------------+
; Option                                                              ; Setting            ; From ; To ; Entity Name ;
+---------------------------------------------------------------------+--------------------+------+----+-------------+
; Device Name                                                         ; EP1C3T144C8        ;      ;    ;             ;
; Timing Models                                                       ; Final              ;      ;    ;             ;
; Default hold multicycle                                             ; Same as Multicycle ;      ;    ;             ;
; Cut paths between unrelated clock domains                           ; On                 ;      ;    ;             ;
; Cut off read during write signal paths                              ; On                 ;      ;    ;             ;
; Cut off feedback from I/O pins                                      ; On                 ;      ;    ;             ;
; Report Combined Fast/Slow Timing                                    ; Off                ;      ;    ;             ;
; Ignore Clock Settings                                               ; Off                ;      ;    ;             ;
; Analyze latches as synchronous elements                             ; On                 ;      ;    ;             ;
; Enable Recovery/Removal analysis                                    ; Off                ;      ;    ;             ;
; Enable Clock Latency                                                ; Off                ;      ;    ;             ;
; Use TimeQuest Timing Analyzer                                       ; Off                ;      ;    ;             ;
; Minimum Core Junction Temperature                                   ; 0                  ;      ;    ;             ;
; Maximum Core Junction Temperature                                   ; 85                 ;      ;    ;             ;
; Number of source nodes to report per destination node               ; 10                 ;      ;    ;             ;
; Number of destination nodes to report                               ; 10                 ;      ;    ;             ;
; Number of paths to report                                           ; 200                ;      ;    ;             ;
; Report Minimum Timing Checks                                        ; Off                ;      ;    ;             ;
; Use Fast Timing Models                                              ; Off                ;      ;    ;             ;
; Report IO Paths Separately                                          ; Off                ;      ;    ;             ;
; Perform Multicorner Analysis                                        ; Off                ;      ;    ;             ;
; Reports the worst-case path for each clock domain and analysis      ; Off                ;      ;    ;             ;
; Removes common clock path pessimism (CCPP) during slack computation ; Off                ;      ;    ;             ;
; Output I/O Timing Endpoint                                          ; Near End           ;      ;    ;             ;
+---------------------------------------------------------------------+--------------------+------+----+-------------+


+------------------------------------------------------------------------------------------------------------------------------------------------------------------------------------+
; Clock Settings Summary                                                                                                                                                             ;
+-----------------+--------------------+----------+------------------+---------------+--------------+----------+-----------------------+---------------------+--------+--------------+
; Clock Node Name ; Clock Setting Name ; Type     ; Fmax Requirement ; Early Latency ; Late Latency ; Based on ; Multiply Base Fmax by ; Divide Base Fmax by ; Offset ; Phase offset ;
+-----------------+--------------------+----------+------------------+---------------+--------------+----------+-----------------------+---------------------+--------+--------------+
; cp              ;                    ; User Pin ; None             ; 0.000 ns      ; 0.000 ns     ; --       ; N/A                   ; N/A                 ; N/A    ;              ;
+-----------------+--------------------+----------+------------------+---------------+--------------+----------+-----------------------+---------------------+--------+--------------+


+------------------------------------------+
; Parallel Compilation                     ;
+----------------------------+-------------+
; Processors                 ; Number      ;
+----------------------------+-------------+
; Number detected on machine ; 8           ;
; Maximum allowed            ; 4           ;
;                            ;             ;
; Average used               ; 1.00        ;
; Maximum used               ; 1           ;
;                            ;             ;
; Usage by Processor         ; % Time Used ;
;     1 processor            ; 100.0%      ;
;     2-8 processors         ;   0.0%      ;
+----------------------------+-------------+


+--------------------------------------------------------------------------------------------------------------------------------------------------------------------------------------------------------------+
; Clock Setup: 'cp'                                                                                                                                                                                            ;
+-------+------------------------------------------------+--------------------+--------------------+------------+----------+-----------------------------+---------------------------+-------------------------+
; Slack ; Actual fmax (period)                           ; From               ; To                 ; From Clock ; To Clock ; Required Setup Relationship ; Required Longest P2P Time ; Actual Longest P2P Time ;
+-------+------------------------------------------------+--------------------+--------------------+------------+----------+-----------------------------+---------------------------+-------------------------+
; N/A   ; Restricted to 275.03 MHz ( period = 3.636 ns ) ; My74161:inst|Q[1]  ; My74161:inst7|Q[3] ; cp         ; cp       ; None                        ; None                      ; 2.923 ns                ;
; N/A   ; Restricted to 275.03 MHz ( period = 3.636 ns ) ; My74161:inst|Q[1]  ; My74161:inst7|Q[2] ; cp         ; cp       ; None                        ; None                      ; 2.843 ns                ;
; N/A   ; Restricted to 275.03 MHz ( period = 3.636 ns ) ; My74161:inst|Q[1]  ; My74161:inst7|Q[1] ; cp         ; cp       ; None                        ; None                      ; 2.763 ns                ;
; N/A   ; Restricted to 275.03 MHz ( period = 3.636 ns ) ; My74161:inst|Q[3]  ; My74161:inst7|Q[3] ; cp         ; cp       ; None                        ; None                      ; 2.757 ns                ;
; N/A   ; Restricted to 275.03 MHz ( period = 3.636 ns ) ; My74161:inst|Q[3]  ; My74161:inst7|Q[2] ; cp         ; cp       ; None                        ; None                      ; 2.677 ns                ;
; N/A   ; Restricted to 275.03 MHz ( period = 3.636 ns ) ; My74161:inst|Q[2]  ; My74161:inst7|Q[3] ; cp         ; cp       ; None                        ; None                      ; 2.635 ns                ;
; N/A   ; Restricted to 275.03 MHz ( period = 3.636 ns ) ; My74161:inst|Q[3]  ; My74161:inst7|Q[1] ; cp         ; cp       ; None                        ; None                      ; 2.597 ns                ;
; N/A   ; Restricted to 275.03 MHz ( period = 3.636 ns ) ; My74161:inst|Q[2]  ; My74161:inst7|Q[2] ; cp         ; cp       ; None                        ; None                      ; 2.555 ns                ;
; N/A   ; Restricted to 275.03 MHz ( period = 3.636 ns ) ; My74161:inst|Q[3]  ; My74161:inst7|Q[0] ; cp         ; cp       ; None                        ; None                      ; 2.529 ns                ;
; N/A   ; Restricted to 275.03 MHz ( period = 3.636 ns ) ; My74161:inst|Q[2]  ; My74161:inst7|Q[1] ; cp         ; cp       ; None                        ; None                      ; 2.475 ns                ;
; N/A   ; Restricted to 275.03 MHz ( period = 3.636 ns ) ; My74161:inst|Q[0]  ; My74161:inst7|Q[3] ; cp         ; cp       ; None                        ; None                      ; 2.472 ns                ;
; N/A   ; Restricted to 275.03 MHz ( period = 3.636 ns ) ; My74161:inst7|Q[1] ; My74161:inst7|Q[3] ; cp         ; cp       ; None                        ; None                      ; 2.425 ns                ;
; N/A   ; Restricted to 275.03 MHz ( period = 3.636 ns ) ; My74161:inst|Q[1]  ; My74161:inst7|Q[0] ; cp         ; cp       ; None                        ; None                      ; 2.414 ns                ;
; N/A   ; Restricted to 275.03 MHz ( period = 3.636 ns ) ; My74161:inst|Q[0]  ; My74161:inst7|Q[2] ; cp         ; cp       ; None                        ; None                      ; 2.392 ns                ;
; N/A   ; Restricted to 275.03 MHz ( period = 3.636 ns ) ; My74161:inst|Q[1]  ; My74161:inst|Q[3]  ; cp         ; cp       ; None                        ; None                      ; 2.372 ns                ;
; N/A   ; Restricted to 275.03 MHz ( period = 3.636 ns ) ; My74161:inst7|Q[1] ; My74161:inst7|Q[2] ; cp         ; cp       ; None                        ; None                      ; 2.345 ns                ;
; N/A   ; Restricted to 275.03 MHz ( period = 3.636 ns ) ; My74161:inst|Q[0]  ; My74161:inst7|Q[1] ; cp         ; cp       ; None                        ; None                      ; 2.312 ns                ;
; N/A   ; Restricted to 275.03 MHz ( period = 3.636 ns ) ; My74161:inst7|Q[0] ; My74161:inst7|Q[3] ; cp         ; cp       ; None                        ; None                      ; 2.229 ns                ;
; N/A   ; Restricted to 275.03 MHz ( period = 3.636 ns ) ; My74161:inst7|Q[0] ; My74161:inst7|Q[2] ; cp         ; cp       ; None                        ; None                      ; 2.229 ns                ;
; N/A   ; Restricted to 275.03 MHz ( period = 3.636 ns ) ; My74161:inst7|Q[0] ; My74161:inst7|Q[0] ; cp         ; cp       ; None                        ; None                      ; 2.229 ns                ;
; N/A   ; Restricted to 275.03 MHz ( period = 3.636 ns ) ; My74161:inst7|Q[0] ; My74161:inst7|Q[1] ; cp         ; cp       ; None                        ; None                      ; 2.229 ns                ;
; N/A   ; Restricted to 275.03 MHz ( period = 3.636 ns ) ; My74161:inst|Q[0]  ; My74161:inst|Q[3]  ; cp         ; cp       ; None                        ; None                      ; 2.064 ns                ;
; N/A   ; Restricted to 275.03 MHz ( period = 3.636 ns ) ; My74161:inst7|Q[2] ; My74161:inst7|Q[3] ; cp         ; cp       ; None                        ; None                      ; 1.990 ns                ;
; N/A   ; Restricted to 275.03 MHz ( period = 3.636 ns ) ; My74161:inst|Q[1]  ; My74161:inst|Q[1]  ; cp         ; cp       ; None                        ; None                      ; 1.987 ns                ;
; N/A   ; Restricted to 275.03 MHz ( period = 3.636 ns ) ; My74161:inst|Q[1]  ; My74161:inst|Q[0]  ; cp         ; cp       ; None                        ; None                      ; 1.984 ns                ;
; N/A   ; Restricted to 275.03 MHz ( period = 3.636 ns ) ; My74161:inst|Q[3]  ; My74161:inst|Q[3]  ; cp         ; cp       ; None                        ; None                      ; 1.979 ns                ;
; N/A   ; Restricted to 275.03 MHz ( period = 3.636 ns ) ; My74161:inst|Q[3]  ; My74161:inst|Q[2]  ; cp         ; cp       ; None                        ; None                      ; 1.978 ns                ;
; N/A   ; Restricted to 275.03 MHz ( period = 3.636 ns ) ; My74161:inst|Q[2]  ; My74161:inst|Q[2]  ; cp         ; cp       ; None                        ; None                      ; 1.964 ns                ;
; N/A   ; Restricted to 275.03 MHz ( period = 3.636 ns ) ; My74161:inst|Q[2]  ; My74161:inst7|Q[0] ; cp         ; cp       ; None                        ; None                      ; 1.863 ns                ;
; N/A   ; Restricted to 275.03 MHz ( period = 3.636 ns ) ; My74161:inst|Q[1]  ; My74161:inst|Q[2]  ; cp         ; cp       ; None                        ; None                      ; 1.863 ns                ;
; N/A   ; Restricted to 275.03 MHz ( period = 3.636 ns ) ; My74161:inst7|Q[3] ; My74161:inst7|Q[3] ; cp         ; cp       ; None                        ; None                      ; 1.764 ns                ;
; N/A   ; Restricted to 275.03 MHz ( period = 3.636 ns ) ; My74161:inst|Q[2]  ; My74161:inst|Q[3]  ; cp         ; cp       ; None                        ; None                      ; 1.748 ns                ;
; N/A   ; Restricted to 275.03 MHz ( period = 3.636 ns ) ; My74161:inst7|Q[1] ; My74161:inst7|Q[1] ; cp         ; cp       ; None                        ; None                      ; 1.733 ns                ;
; N/A   ; Restricted to 275.03 MHz ( period = 3.636 ns ) ; My74161:inst|Q[0]  ; My74161:inst7|Q[0] ; cp         ; cp       ; None                        ; None                      ; 1.700 ns                ;
; N/A   ; Restricted to 275.03 MHz ( period = 3.636 ns ) ; My74161:inst7|Q[0] ; My74161:inst|Q[3]  ; cp         ; cp       ; None                        ; None                      ; 1.679 ns                ;
; N/A   ; Restricted to 275.03 MHz ( period = 3.636 ns ) ; My74161:inst7|Q[0] ; My74161:inst|Q[2]  ; cp         ; cp       ; None                        ; None                      ; 1.678 ns                ;
; N/A   ; Restricted to 275.03 MHz ( period = 3.636 ns ) ; My74161:inst7|Q[0] ; My74161:inst|Q[0]  ; cp         ; cp       ; None                        ; None                      ; 1.382 ns                ;
; N/A   ; Restricted to 275.03 MHz ( period = 3.636 ns ) ; My74161:inst7|Q[0] ; My74161:inst|Q[1]  ; cp         ; cp       ; None                        ; None                      ; 1.380 ns                ;
; N/A   ; Restricted to 275.03 MHz ( period = 3.636 ns ) ; My74161:inst7|Q[2] ; My74161:inst7|Q[2] ; cp         ; cp       ; None                        ; None                      ; 1.378 ns                ;
; N/A   ; Restricted to 275.03 MHz ( period = 3.636 ns ) ; My74161:inst|Q[0]  ; My74161:inst|Q[2]  ; cp         ; cp       ; None                        ; None                      ; 1.347 ns                ;
; N/A   ; Restricted to 275.03 MHz ( period = 3.636 ns ) ; My74161:inst|Q[3]  ; My74161:inst|Q[1]  ; cp         ; cp       ; None                        ; None                      ; 1.336 ns                ;
; N/A   ; Restricted to 275.03 MHz ( period = 3.636 ns ) ; My74161:inst|Q[3]  ; My74161:inst|Q[0]  ; cp         ; cp       ; None                        ; None                      ; 1.332 ns                ;
; N/A   ; Restricted to 275.03 MHz ( period = 3.636 ns ) ; My74161:inst|Q[0]  ; My74161:inst|Q[1]  ; cp         ; cp       ; None                        ; None                      ; 0.871 ns                ;
; N/A   ; Restricted to 275.03 MHz ( period = 3.636 ns ) ; My74161:inst|Q[0]  ; My74161:inst|Q[0]  ; cp         ; cp       ; None                        ; None                      ; 0.865 ns                ;
+-------+------------------------------------------------+--------------------+--------------------+------------+----------+-----------------------------+---------------------------+-------------------------+


+--------------------------------------------------------------------------+
; tco                                                                      ;
+-------+--------------+------------+--------------------+----+------------+
; Slack ; Required tco ; Actual tco ; From               ; To ; From Clock ;
+-------+--------------+------------+--------------------+----+------------+
; N/A   ; None         ; 8.265 ns   ; My74161:inst7|Q[2] ; q6 ; cp         ;
; N/A   ; None         ; 8.042 ns   ; My74161:inst7|Q[1] ; q5 ; cp         ;
; N/A   ; None         ; 7.736 ns   ; My74161:inst7|Q[0] ; q4 ; cp         ;
; N/A   ; None         ; 7.660 ns   ; My74161:inst|Q[2]  ; q2 ; cp         ;
; N/A   ; None         ; 7.064 ns   ; My74161:inst7|Q[3] ; q7 ; cp         ;
; N/A   ; None         ; 7.062 ns   ; My74161:inst|Q[0]  ; q0 ; cp         ;
; N/A   ; None         ; 6.553 ns   ; My74161:inst|Q[1]  ; q1 ; cp         ;
; N/A   ; None         ; 6.530 ns   ; My74161:inst|Q[3]  ; q3 ; cp         ;
+-------+--------------+------------+--------------------+----+------------+


+--------------------------+
; Timing Analyzer Messages ;
+--------------------------+
Info: *******************************************************************
Info: Running Quartus II Classic Timing Analyzer
    Info: Version 9.0 Build 132 02/25/2009 SJ Full Version
    Info: Processing started: Wed Dec 14 20:39:41 2022
Info: Command: quartus_tan --read_settings_files=off --write_settings_files=off exp3_2 -c exp3_2 --timing_analysis_only
Info: Parallel compilation is enabled and will use 4 of the 8 processors detected
Warning: Found pins functioning as undefined clocks and/or memory enables
    Info: Assuming node "cp" is an undefined clock
Info: Clock "cp" Internal fmax is restricted to 275.03 MHz between source register "My74161:inst|Q[1]" and destination register "My74161:inst7|Q[3]"
    Info: fmax restricted to Clock High delay (1.818 ns) plus Clock Low delay (1.818 ns) : restricted to 3.636 ns. Expand message to see actual delay path.
        Info: + Longest register to register delay is 2.923 ns
            Info: 1: + IC(0.000 ns) + CELL(0.000 ns) = 0.000 ns; Loc. = LC_X4_Y2_N9; Fanout = 7; REG Node = 'My74161:inst|Q[1]'
            Info: 2: + IC(0.542 ns) + CELL(0.590 ns) = 1.132 ns; Loc. = LC_X4_Y2_N0; Fanout = 3; COMB Node = 'My74161:inst|co~4'
            Info: 3: + IC(0.412 ns) + CELL(0.432 ns) = 1.976 ns; Loc. = LC_X4_Y2_N1; Fanout = 2; COMB Node = 'My74161:inst7|Q[0]~15COUT1_21'
            Info: 4: + IC(0.000 ns) + CELL(0.080 ns) = 2.056 ns; Loc. = LC_X4_Y2_N2; Fanout = 2; COMB Node = 'My74161:inst7|Q[1]~13COUT1_23'
            Info: 5: + IC(0.000 ns) + CELL(0.080 ns) = 2.136 ns; Loc. = LC_X4_Y2_N3; Fanout = 1; COMB Node = 'My74161:inst7|Q[2]~11COUT1_25'
            Info: 6: + IC(0.000 ns) + CELL(0.787 ns) = 2.923 ns; Loc. = LC_X4_Y2_N4; Fanout = 2; REG Node = 'My74161:inst7|Q[3]'
            Info: Total cell delay = 1.969 ns ( 67.36 % )
            Info: Total interconnect delay = 0.954 ns ( 32.64 % )
        Info: - Smallest clock skew is 0.000 ns
            Info: + Shortest clock path from clock "cp" to destination register is 2.730 ns
                Info: 1: + IC(0.000 ns) + CELL(1.469 ns) = 1.469 ns; Loc. = PIN_17; Fanout = 8; CLK Node = 'cp'
                Info: 2: + IC(0.550 ns) + CELL(0.711 ns) = 2.730 ns; Loc. = LC_X4_Y2_N4; Fanout = 2; REG Node = 'My74161:inst7|Q[3]'
                Info: Total cell delay = 2.180 ns ( 79.85 % )
                Info: Total interconnect delay = 0.550 ns ( 20.15 % )
            Info: - Longest clock path from clock "cp" to source register is 2.730 ns
                Info: 1: + IC(0.000 ns) + CELL(1.469 ns) = 1.469 ns; Loc. = PIN_17; Fanout = 8; CLK Node = 'cp'
                Info: 2: + IC(0.550 ns) + CELL(0.711 ns) = 2.730 ns; Loc. = LC_X4_Y2_N9; Fanout = 7; REG Node = 'My74161:inst|Q[1]'
                Info: Total cell delay = 2.180 ns ( 79.85 % )
                Info: Total interconnect delay = 0.550 ns ( 20.15 % )
        Info: + Micro clock to output delay of source is 0.224 ns
        Info: + Micro setup delay of destination is 0.037 ns
Info: tco from clock "cp" to destination pin "q6" through register "My74161:inst7|Q[2]" is 8.265 ns
    Info: + Longest clock path from clock "cp" to source register is 2.730 ns
        Info: 1: + IC(0.000 ns) + CELL(1.469 ns) = 1.469 ns; Loc. = PIN_17; Fanout = 8; CLK Node = 'cp'
        Info: 2: + IC(0.550 ns) + CELL(0.711 ns) = 2.730 ns; Loc. = LC_X4_Y2_N3; Fanout = 4; REG Node = 'My74161:inst7|Q[2]'
        Info: Total cell delay = 2.180 ns ( 79.85 % )
        Info: Total interconnect delay = 0.550 ns ( 20.15 % )
    Info: + Micro clock to output delay of source is 0.224 ns
    Info: + Longest register to pin delay is 5.311 ns
        Info: 1: + IC(0.000 ns) + CELL(0.000 ns) = 0.000 ns; Loc. = LC_X4_Y2_N3; Fanout = 4; REG Node = 'My74161:inst7|Q[2]'
        Info: 2: + IC(3.187 ns) + CELL(2.124 ns) = 5.311 ns; Loc. = PIN_76; Fanout = 0; PIN Node = 'q6'
        Info: Total cell delay = 2.124 ns ( 39.99 % )
        Info: Total interconnect delay = 3.187 ns ( 60.01 % )
Info: Quartus II Classic Timing Analyzer was successful. 0 errors, 1 warning
    Info: Peak virtual memory: 202 megabytes
    Info: Processing ended: Wed Dec 14 20:39:41 2022
    Info: Elapsed time: 00:00:00
    Info: Total CPU time (on all processors): 00:00:00


