Classic Timing Analyzer report for myTwoSeg7
Sat Dec 10 09:31:47 2022
Quartus II Version 9.0 Build 132 02/25/2009 SJ Full Version


---------------------
; Table of Contents ;
---------------------
  1. Legal Notice
  2. Timing Analyzer Summary
  3. Timing Analyzer Settings
  4. Clock Settings Summary
  5. Parallel Compilation
  6. Clock Setup: 'clkin'
  7. tsu
  8. tco
  9. tpd
 10. th
 11. Timing Analyzer Messages



----------------
; Legal Notice ;
----------------
Copyright (C) 1991-2009 Altera Corporation
Your use of Altera Corporation's design tools, logic functions 
and other software and tools, and its AMPP partner logic 
functions, and any output files from any of the foregoing 
(including device programming or simulation files), and any 
associated documentation or information are expressly subject 
to the terms and conditions of the Altera Program License 
Subscription Agreement, Altera MegaCore Function License 
Agreement, or other applicable license agreement, including, 
without limitation, that your use is for the sole purpose of 
programming logic devices manufactured by Altera and sold by 
Altera or its authorized distributors.  Please refer to the 
applicable agreement for further details.



+----------------------------------------------------------------------------------------------------------------------------------------------------------+
; Timing Analyzer Summary                                                                                                                                  ;
+------------------------------+-------+---------------+----------------------------------+------------+------------+------------+----------+--------------+
; Type                         ; Slack ; Required Time ; Actual Time                      ; From       ; To         ; From Clock ; To Clock ; Failed Paths ;
+------------------------------+-------+---------------+----------------------------------+------------+------------+------------+----------+--------------+
; Worst-case tsu               ; N/A   ; None          ; 0.664 ns                         ; rst_n      ; clk1ms     ; --         ; clkin    ; 0            ;
; Worst-case tco               ; N/A   ; None          ; 18.606 ns                        ; cnt8[2]    ; seg_out[2] ; clkin      ; --       ; 0            ;
; Worst-case tpd               ; N/A   ; None          ; 37.887 ns                        ; Q5         ; seg_out[2] ; --         ; --       ; 0            ;
; Worst-case th                ; N/A   ; None          ; 6.012 ns                         ; rst_n      ; cnt8[0]    ; --         ; clkin    ; 0            ;
; Clock Setup: 'clkin'         ; N/A   ; None          ; 185.60 MHz ( period = 5.388 ns ) ; cnt20k[14] ; cnt20k[11] ; clkin      ; clkin    ; 0            ;
; Total number of failed paths ;       ;               ;                                  ;            ;            ;            ;          ; 0            ;
+------------------------------+-------+---------------+----------------------------------+------------+------------+------------+----------+--------------+


+--------------------------------------------------------------------------------------------------------------------+
; Timing Analyzer Settings                                                                                           ;
+---------------------------------------------------------------------+--------------------+------+----+-------------+
; Option                                                              ; Setting            ; From ; To ; Entity Name ;
+---------------------------------------------------------------------+--------------------+------+----+-------------+
; Device Name                                                         ; EP1C3T144C8        ;      ;    ;             ;
; Timing Models                                                       ; Final              ;      ;    ;             ;
; Default hold multicycle                                             ; Same as Multicycle ;      ;    ;             ;
; Cut paths between unrelated clock domains                           ; On                 ;      ;    ;             ;
; Cut off read during write signal paths                              ; On                 ;      ;    ;             ;
; Cut off feedback from I/O pins                                      ; On                 ;      ;    ;             ;
; Report Combined Fast/Slow Timing                                    ; Off                ;      ;    ;             ;
; Ignore Clock Settings                                               ; Off                ;      ;    ;             ;
; Analyze latches as synchronous elements                             ; On                 ;      ;    ;             ;
; Enable Recovery/Removal analysis                                    ; Off                ;      ;    ;             ;
; Enable Clock Latency                                                ; Off                ;      ;    ;             ;
; Use TimeQuest Timing Analyzer                                       ; Off                ;      ;    ;             ;
; Minimum Core Junction Temperature                                   ; 0                  ;      ;    ;             ;
; Maximum Core Junction Temperature                                   ; 85                 ;      ;    ;             ;
; Number of source nodes to report per destination node               ; 10                 ;      ;    ;             ;
; Number of destination nodes to report                               ; 10                 ;      ;    ;             ;
; Number of paths to report                                           ; 200                ;      ;    ;             ;
; Report Minimum Timing Checks                                        ; Off                ;      ;    ;             ;
; Use Fast Timing Models                                              ; Off                ;      ;    ;             ;
; Report IO Paths Separately                                          ; Off                ;      ;    ;             ;
; Perform Multicorner Analysis                                        ; Off                ;      ;    ;             ;
; Reports the worst-case path for each clock domain and analysis      ; Off                ;      ;    ;             ;
; Removes common clock path pessimism (CCPP) during slack computation ; Off                ;      ;    ;             ;
; Output I/O Timing Endpoint                                          ; Near End           ;      ;    ;             ;
+---------------------------------------------------------------------+--------------------+------+----+-------------+


+------------------------------------------------------------------------------------------------------------------------------------------------------------------------------------+
; Clock Settings Summary                                                                                                                                                             ;
+-----------------+--------------------+----------+------------------+---------------+--------------+----------+-----------------------+---------------------+--------+--------------+
; Clock Node Name ; Clock Setting Name ; Type     ; Fmax Requirement ; Early Latency ; Late Latency ; Based on ; Multiply Base Fmax by ; Divide Base Fmax by ; Offset ; Phase offset ;
+-----------------+--------------------+----------+------------------+---------------+--------------+----------+-----------------------+---------------------+--------+--------------+
; clkin           ;                    ; User Pin ; None             ; 0.000 ns      ; 0.000 ns     ; --       ; N/A                   ; N/A                 ; N/A    ;              ;
+-----------------+--------------------+----------+------------------+---------------+--------------+----------+-----------------------+---------------------+--------+--------------+


+------------------------------------------+
; Parallel Compilation                     ;
+----------------------------+-------------+
; Processors                 ; Number      ;
+----------------------------+-------------+
; Number detected on machine ; 4           ;
; Maximum allowed            ; 4           ;
;                            ;             ;
; Average used               ; 1.00        ;
; Maximum used               ; 1           ;
;                            ;             ;
; Usage by Processor         ; % Time Used ;
;     1 processor            ; 100.0%      ;
;     2-4 processors         ;   0.0%      ;
+----------------------------+-------------+


+-------------------------------------------------------------------------------------------------------------------------------------------------------------------------------------------------------------------------------------+
; Clock Setup: 'clkin'                                                                                                                                                                                                                ;
+-----------------------------------------+-----------------------------------------------------+------------+------------+------------+----------+-----------------------------+---------------------------+-------------------------+
; Slack                                   ; Actual fmax (period)                                ; From       ; To         ; From Clock ; To Clock ; Required Setup Relationship ; Required Longest P2P Time ; Actual Longest P2P Time ;
+-----------------------------------------+-----------------------------------------------------+------------+------------+------------+----------+-----------------------------+---------------------------+-------------------------+
; N/A                                     ; 185.60 MHz ( period = 5.388 ns )                    ; cnt20k[14] ; cnt20k[5]  ; clkin      ; clkin    ; None                        ; None                      ; 5.126 ns                ;
; N/A                                     ; 185.60 MHz ( period = 5.388 ns )                    ; cnt20k[14] ; cnt20k[11] ; clkin      ; clkin    ; None                        ; None                      ; 5.126 ns                ;
; N/A                                     ; 185.63 MHz ( period = 5.387 ns )                    ; cnt20k[14] ; cnt20k[10] ; clkin      ; clkin    ; None                        ; None                      ; 5.125 ns                ;
; N/A                                     ; 185.67 MHz ( period = 5.386 ns )                    ; cnt20k[14] ; cnt20k[9]  ; clkin      ; clkin    ; None                        ; None                      ; 5.124 ns                ;
; N/A                                     ; 187.37 MHz ( period = 5.337 ns )                    ; cnt20k[15] ; cnt20k[5]  ; clkin      ; clkin    ; None                        ; None                      ; 5.076 ns                ;
; N/A                                     ; 187.37 MHz ( period = 5.337 ns )                    ; cnt20k[15] ; cnt20k[11] ; clkin      ; clkin    ; None                        ; None                      ; 5.076 ns                ;
; N/A                                     ; 187.41 MHz ( period = 5.336 ns )                    ; cnt20k[15] ; cnt20k[10] ; clkin      ; clkin    ; None                        ; None                      ; 5.075 ns                ;
; N/A                                     ; 187.44 MHz ( period = 5.335 ns )                    ; cnt20k[20] ; cnt20k[5]  ; clkin      ; clkin    ; None                        ; None                      ; 5.088 ns                ;
; N/A                                     ; 187.44 MHz ( period = 5.335 ns )                    ; cnt20k[15] ; cnt20k[9]  ; clkin      ; clkin    ; None                        ; None                      ; 5.074 ns                ;
; N/A                                     ; 187.44 MHz ( period = 5.335 ns )                    ; cnt20k[20] ; cnt20k[11] ; clkin      ; clkin    ; None                        ; None                      ; 5.088 ns                ;
; N/A                                     ; 187.48 MHz ( period = 5.334 ns )                    ; cnt20k[20] ; cnt20k[10] ; clkin      ; clkin    ; None                        ; None                      ; 5.087 ns                ;
; N/A                                     ; 187.51 MHz ( period = 5.333 ns )                    ; cnt20k[20] ; cnt20k[9]  ; clkin      ; clkin    ; None                        ; None                      ; 5.086 ns                ;
; N/A                                     ; 187.93 MHz ( period = 5.321 ns )                    ; cnt20k[19] ; cnt20k[5]  ; clkin      ; clkin    ; None                        ; None                      ; 5.060 ns                ;
; N/A                                     ; 187.93 MHz ( period = 5.321 ns )                    ; cnt20k[19] ; cnt20k[11] ; clkin      ; clkin    ; None                        ; None                      ; 5.060 ns                ;
; N/A                                     ; 187.97 MHz ( period = 5.320 ns )                    ; cnt20k[19] ; cnt20k[10] ; clkin      ; clkin    ; None                        ; None                      ; 5.059 ns                ;
; N/A                                     ; 188.01 MHz ( period = 5.319 ns )                    ; cnt20k[19] ; cnt20k[9]  ; clkin      ; clkin    ; None                        ; None                      ; 5.058 ns                ;
; N/A                                     ; 189.14 MHz ( period = 5.287 ns )                    ; cnt20k[10] ; cnt20k[5]  ; clkin      ; clkin    ; None                        ; None                      ; 5.026 ns                ;
; N/A                                     ; 189.14 MHz ( period = 5.287 ns )                    ; cnt20k[10] ; cnt20k[11] ; clkin      ; clkin    ; None                        ; None                      ; 5.026 ns                ;
; N/A                                     ; 189.18 MHz ( period = 5.286 ns )                    ; cnt20k[10] ; cnt20k[10] ; clkin      ; clkin    ; None                        ; None                      ; 5.025 ns                ;
; N/A                                     ; 189.21 MHz ( period = 5.285 ns )                    ; cnt20k[10] ; cnt20k[9]  ; clkin      ; clkin    ; None                        ; None                      ; 5.024 ns                ;
; N/A                                     ; 189.47 MHz ( period = 5.278 ns )                    ; cnt20k[1]  ; cnt20k[5]  ; clkin      ; clkin    ; None                        ; None                      ; 5.017 ns                ;
; N/A                                     ; 189.47 MHz ( period = 5.278 ns )                    ; cnt20k[1]  ; cnt20k[11] ; clkin      ; clkin    ; None                        ; None                      ; 5.017 ns                ;
; N/A                                     ; 189.50 MHz ( period = 5.277 ns )                    ; cnt20k[1]  ; cnt20k[10] ; clkin      ; clkin    ; None                        ; None                      ; 5.016 ns                ;
; N/A                                     ; 189.54 MHz ( period = 5.276 ns )                    ; cnt20k[1]  ; cnt20k[9]  ; clkin      ; clkin    ; None                        ; None                      ; 5.015 ns                ;
; N/A                                     ; 190.04 MHz ( period = 5.262 ns )                    ; cnt20k[5]  ; cnt20k[5]  ; clkin      ; clkin    ; None                        ; None                      ; 5.001 ns                ;
; N/A                                     ; 190.04 MHz ( period = 5.262 ns )                    ; cnt20k[5]  ; cnt20k[11] ; clkin      ; clkin    ; None                        ; None                      ; 5.001 ns                ;
; N/A                                     ; 190.08 MHz ( period = 5.261 ns )                    ; cnt20k[5]  ; cnt20k[10] ; clkin      ; clkin    ; None                        ; None                      ; 5.000 ns                ;
; N/A                                     ; 190.11 MHz ( period = 5.260 ns )                    ; cnt20k[5]  ; cnt20k[9]  ; clkin      ; clkin    ; None                        ; None                      ; 4.999 ns                ;
; N/A                                     ; 193.39 MHz ( period = 5.171 ns )                    ; cnt20k[6]  ; cnt20k[5]  ; clkin      ; clkin    ; None                        ; None                      ; 4.910 ns                ;
; N/A                                     ; 193.39 MHz ( period = 5.171 ns )                    ; cnt20k[6]  ; cnt20k[11] ; clkin      ; clkin    ; None                        ; None                      ; 4.910 ns                ;
; N/A                                     ; 193.42 MHz ( period = 5.170 ns )                    ; cnt20k[6]  ; cnt20k[10] ; clkin      ; clkin    ; None                        ; None                      ; 4.909 ns                ;
; N/A                                     ; 193.46 MHz ( period = 5.169 ns )                    ; cnt20k[6]  ; cnt20k[9]  ; clkin      ; clkin    ; None                        ; None                      ; 4.908 ns                ;
; N/A                                     ; 193.72 MHz ( period = 5.162 ns )                    ; cnt20k[17] ; cnt20k[5]  ; clkin      ; clkin    ; None                        ; None                      ; 4.901 ns                ;
; N/A                                     ; 193.72 MHz ( period = 5.162 ns )                    ; cnt20k[17] ; cnt20k[11] ; clkin      ; clkin    ; None                        ; None                      ; 4.901 ns                ;
; N/A                                     ; 193.76 MHz ( period = 5.161 ns )                    ; cnt20k[17] ; cnt20k[10] ; clkin      ; clkin    ; None                        ; None                      ; 4.900 ns                ;
; N/A                                     ; 193.80 MHz ( period = 5.160 ns )                    ; cnt20k[16] ; cnt20k[5]  ; clkin      ; clkin    ; None                        ; None                      ; 4.899 ns                ;
; N/A                                     ; 193.80 MHz ( period = 5.160 ns )                    ; cnt20k[17] ; cnt20k[9]  ; clkin      ; clkin    ; None                        ; None                      ; 4.899 ns                ;
; N/A                                     ; 193.80 MHz ( period = 5.160 ns )                    ; cnt20k[16] ; cnt20k[11] ; clkin      ; clkin    ; None                        ; None                      ; 4.899 ns                ;
; N/A                                     ; 193.84 MHz ( period = 5.159 ns )                    ; cnt20k[16] ; cnt20k[10] ; clkin      ; clkin    ; None                        ; None                      ; 4.898 ns                ;
; N/A                                     ; 193.87 MHz ( period = 5.158 ns )                    ; cnt20k[16] ; cnt20k[9]  ; clkin      ; clkin    ; None                        ; None                      ; 4.897 ns                ;
; N/A                                     ; 195.54 MHz ( period = 5.114 ns )                    ; cnt20k[2]  ; cnt20k[5]  ; clkin      ; clkin    ; None                        ; None                      ; 4.853 ns                ;
; N/A                                     ; 195.54 MHz ( period = 5.114 ns )                    ; cnt20k[2]  ; cnt20k[11] ; clkin      ; clkin    ; None                        ; None                      ; 4.853 ns                ;
; N/A                                     ; 195.58 MHz ( period = 5.113 ns )                    ; cnt20k[2]  ; cnt20k[10] ; clkin      ; clkin    ; None                        ; None                      ; 4.852 ns                ;
; N/A                                     ; 195.62 MHz ( period = 5.112 ns )                    ; cnt20k[2]  ; cnt20k[9]  ; clkin      ; clkin    ; None                        ; None                      ; 4.851 ns                ;
; N/A                                     ; 196.43 MHz ( period = 5.091 ns )                    ; cnt20k[9]  ; cnt20k[5]  ; clkin      ; clkin    ; None                        ; None                      ; 4.830 ns                ;
; N/A                                     ; 196.43 MHz ( period = 5.091 ns )                    ; cnt20k[9]  ; cnt20k[11] ; clkin      ; clkin    ; None                        ; None                      ; 4.830 ns                ;
; N/A                                     ; 196.46 MHz ( period = 5.090 ns )                    ; cnt20k[9]  ; cnt20k[10] ; clkin      ; clkin    ; None                        ; None                      ; 4.829 ns                ;
; N/A                                     ; 196.50 MHz ( period = 5.089 ns )                    ; cnt20k[9]  ; cnt20k[9]  ; clkin      ; clkin    ; None                        ; None                      ; 4.828 ns                ;
; N/A                                     ; 200.24 MHz ( period = 4.994 ns )                    ; cnt20k[4]  ; cnt20k[5]  ; clkin      ; clkin    ; None                        ; None                      ; 4.733 ns                ;
; N/A                                     ; 200.24 MHz ( period = 4.994 ns )                    ; cnt20k[4]  ; cnt20k[11] ; clkin      ; clkin    ; None                        ; None                      ; 4.733 ns                ;
; N/A                                     ; 200.28 MHz ( period = 4.993 ns )                    ; cnt20k[4]  ; cnt20k[10] ; clkin      ; clkin    ; None                        ; None                      ; 4.732 ns                ;
; N/A                                     ; 200.32 MHz ( period = 4.992 ns )                    ; cnt20k[4]  ; cnt20k[9]  ; clkin      ; clkin    ; None                        ; None                      ; 4.731 ns                ;
; N/A                                     ; 200.92 MHz ( period = 4.977 ns )                    ; cnt20k[5]  ; cnt20k[22] ; clkin      ; clkin    ; None                        ; None                      ; 4.717 ns                ;
; N/A                                     ; 201.17 MHz ( period = 4.971 ns )                    ; cnt20k[4]  ; cnt20k[22] ; clkin      ; clkin    ; None                        ; None                      ; 4.711 ns                ;
; N/A                                     ; 204.71 MHz ( period = 4.885 ns )                    ; cnt20k[28] ; cnt20k[5]  ; clkin      ; clkin    ; None                        ; None                      ; 4.623 ns                ;
; N/A                                     ; 204.71 MHz ( period = 4.885 ns )                    ; cnt20k[28] ; cnt20k[11] ; clkin      ; clkin    ; None                        ; None                      ; 4.623 ns                ;
; N/A                                     ; 204.71 MHz ( period = 4.885 ns )                    ; cnt20k[6]  ; cnt20k[22] ; clkin      ; clkin    ; None                        ; None                      ; 4.625 ns                ;
; N/A                                     ; 204.75 MHz ( period = 4.884 ns )                    ; cnt20k[28] ; cnt20k[10] ; clkin      ; clkin    ; None                        ; None                      ; 4.622 ns                ;
; N/A                                     ; 204.79 MHz ( period = 4.883 ns )                    ; cnt20k[28] ; cnt20k[9]  ; clkin      ; clkin    ; None                        ; None                      ; 4.621 ns                ;
; N/A                                     ; 206.31 MHz ( period = 4.847 ns )                    ; cnt20k[21] ; cnt20k[5]  ; clkin      ; clkin    ; None                        ; None                      ; 4.586 ns                ;
; N/A                                     ; 206.31 MHz ( period = 4.847 ns )                    ; cnt20k[21] ; cnt20k[11] ; clkin      ; clkin    ; None                        ; None                      ; 4.586 ns                ;
; N/A                                     ; 206.36 MHz ( period = 4.846 ns )                    ; cnt20k[21] ; cnt20k[10] ; clkin      ; clkin    ; None                        ; None                      ; 4.585 ns                ;
; N/A                                     ; 206.40 MHz ( period = 4.845 ns )                    ; cnt20k[21] ; cnt20k[9]  ; clkin      ; clkin    ; None                        ; None                      ; 4.584 ns                ;
; N/A                                     ; 206.44 MHz ( period = 4.844 ns )                    ; cnt20k[5]  ; cnt20k[24] ; clkin      ; clkin    ; None                        ; None                      ; 4.584 ns                ;
; N/A                                     ; 206.70 MHz ( period = 4.838 ns )                    ; cnt20k[4]  ; cnt20k[24] ; clkin      ; clkin    ; None                        ; None                      ; 4.578 ns                ;
; N/A                                     ; 206.91 MHz ( period = 4.833 ns )                    ; cnt20k[5]  ; cnt20k[21] ; clkin      ; clkin    ; None                        ; None                      ; 4.572 ns                ;
; N/A                                     ; 207.17 MHz ( period = 4.827 ns )                    ; cnt20k[4]  ; cnt20k[21] ; clkin      ; clkin    ; None                        ; None                      ; 4.566 ns                ;
; N/A                                     ; 207.47 MHz ( period = 4.820 ns )                    ; cnt20k[14] ; cnt20k[14] ; clkin      ; clkin    ; None                        ; None                      ; 4.559 ns                ;
; N/A                                     ; 207.60 MHz ( period = 4.817 ns )                    ; cnt20k[7]  ; cnt20k[22] ; clkin      ; clkin    ; None                        ; None                      ; 4.557 ns                ;
; N/A                                     ; 207.64 MHz ( period = 4.816 ns )                    ; cnt20k[27] ; cnt20k[5]  ; clkin      ; clkin    ; None                        ; None                      ; 4.554 ns                ;
; N/A                                     ; 207.64 MHz ( period = 4.816 ns )                    ; cnt20k[27] ; cnt20k[11] ; clkin      ; clkin    ; None                        ; None                      ; 4.554 ns                ;
; N/A                                     ; 207.68 MHz ( period = 4.815 ns )                    ; cnt20k[27] ; cnt20k[10] ; clkin      ; clkin    ; None                        ; None                      ; 4.553 ns                ;
; N/A                                     ; 207.68 MHz ( period = 4.815 ns )                    ; cnt20k[14] ; cnt20k[22] ; clkin      ; clkin    ; None                        ; None                      ; 4.554 ns                ;
; N/A                                     ; 207.73 MHz ( period = 4.814 ns )                    ; cnt20k[27] ; cnt20k[9]  ; clkin      ; clkin    ; None                        ; None                      ; 4.552 ns                ;
; N/A                                     ; 208.07 MHz ( period = 4.806 ns )                    ; cnt20k[15] ; cnt20k[22] ; clkin      ; clkin    ; None                        ; None                      ; 4.546 ns                ;
; N/A                                     ; 208.55 MHz ( period = 4.795 ns )                    ; cnt20k[0]  ; cnt20k[5]  ; clkin      ; clkin    ; None                        ; None                      ; 4.534 ns                ;
; N/A                                     ; 208.55 MHz ( period = 4.795 ns )                    ; cnt20k[0]  ; cnt20k[11] ; clkin      ; clkin    ; None                        ; None                      ; 4.534 ns                ;
; N/A                                     ; 208.59 MHz ( period = 4.794 ns )                    ; cnt20k[0]  ; cnt20k[10] ; clkin      ; clkin    ; None                        ; None                      ; 4.533 ns                ;
; N/A                                     ; 208.64 MHz ( period = 4.793 ns )                    ; cnt20k[0]  ; cnt20k[9]  ; clkin      ; clkin    ; None                        ; None                      ; 4.532 ns                ;
; N/A                                     ; 209.42 MHz ( period = 4.775 ns )                    ; cnt20k[11] ; cnt20k[5]  ; clkin      ; clkin    ; None                        ; None                      ; 4.514 ns                ;
; N/A                                     ; 209.42 MHz ( period = 4.775 ns )                    ; cnt20k[11] ; cnt20k[11] ; clkin      ; clkin    ; None                        ; None                      ; 4.514 ns                ;
; N/A                                     ; 209.47 MHz ( period = 4.774 ns )                    ; cnt20k[11] ; cnt20k[10] ; clkin      ; clkin    ; None                        ; None                      ; 4.513 ns                ;
; N/A                                     ; 209.51 MHz ( period = 4.773 ns )                    ; cnt20k[11] ; cnt20k[9]  ; clkin      ; clkin    ; None                        ; None                      ; 4.512 ns                ;
; N/A                                     ; 209.69 MHz ( period = 4.769 ns )                    ; cnt20k[15] ; cnt20k[14] ; clkin      ; clkin    ; None                        ; None                      ; 4.509 ns                ;
; N/A                                     ; 209.78 MHz ( period = 4.767 ns )                    ; cnt20k[20] ; cnt20k[14] ; clkin      ; clkin    ; None                        ; None                      ; 4.521 ns                ;
; N/A                                     ; 210.39 MHz ( period = 4.753 ns )                    ; cnt20k[19] ; cnt20k[14] ; clkin      ; clkin    ; None                        ; None                      ; 4.493 ns                ;
; N/A                                     ; 210.44 MHz ( period = 4.752 ns )                    ; cnt20k[6]  ; cnt20k[24] ; clkin      ; clkin    ; None                        ; None                      ; 4.492 ns                ;
; N/A                                     ; 210.57 MHz ( period = 4.749 ns )                    ; cnt20k[29] ; cnt20k[5]  ; clkin      ; clkin    ; None                        ; None                      ; 4.487 ns                ;
; N/A                                     ; 210.57 MHz ( period = 4.749 ns )                    ; cnt20k[29] ; cnt20k[11] ; clkin      ; clkin    ; None                        ; None                      ; 4.487 ns                ;
; N/A                                     ; 210.61 MHz ( period = 4.748 ns )                    ; cnt20k[29] ; cnt20k[10] ; clkin      ; clkin    ; None                        ; None                      ; 4.486 ns                ;
; N/A                                     ; 210.66 MHz ( period = 4.747 ns )                    ; cnt20k[29] ; cnt20k[9]  ; clkin      ; clkin    ; None                        ; None                      ; 4.485 ns                ;
; N/A                                     ; 210.93 MHz ( period = 4.741 ns )                    ; cnt20k[6]  ; cnt20k[21] ; clkin      ; clkin    ; None                        ; None                      ; 4.480 ns                ;
; N/A                                     ; 211.10 MHz ( period = 4.737 ns )                    ; cnt20k[25] ; cnt20k[5]  ; clkin      ; clkin    ; None                        ; None                      ; 4.475 ns                ;
; N/A                                     ; 211.10 MHz ( period = 4.737 ns )                    ; cnt20k[25] ; cnt20k[11] ; clkin      ; clkin    ; None                        ; None                      ; 4.475 ns                ;
; N/A                                     ; 211.10 MHz ( period = 4.737 ns )                    ; cnt20k[5]  ; cnt20k[16] ; clkin      ; clkin    ; None                        ; None                      ; 4.476 ns                ;
; N/A                                     ; 211.15 MHz ( period = 4.736 ns )                    ; cnt20k[25] ; cnt20k[10] ; clkin      ; clkin    ; None                        ; None                      ; 4.474 ns                ;
; N/A                                     ; 211.19 MHz ( period = 4.735 ns )                    ; cnt20k[25] ; cnt20k[9]  ; clkin      ; clkin    ; None                        ; None                      ; 4.473 ns                ;
; N/A                                     ; 211.28 MHz ( period = 4.733 ns )                    ; cnt20k[5]  ; cnt20k[19] ; clkin      ; clkin    ; None                        ; None                      ; 4.472 ns                ;
; N/A                                     ; 211.37 MHz ( period = 4.731 ns )                    ; cnt20k[4]  ; cnt20k[16] ; clkin      ; clkin    ; None                        ; None                      ; 4.470 ns                ;
; N/A                                     ; 211.55 MHz ( period = 4.727 ns )                    ; cnt20k[4]  ; cnt20k[19] ; clkin      ; clkin    ; None                        ; None                      ; 4.466 ns                ;
; N/A                                     ; 211.91 MHz ( period = 4.719 ns )                    ; cnt20k[10] ; cnt20k[14] ; clkin      ; clkin    ; None                        ; None                      ; 4.459 ns                ;
; N/A                                     ; 212.31 MHz ( period = 4.710 ns )                    ; cnt20k[1]  ; cnt20k[14] ; clkin      ; clkin    ; None                        ; None                      ; 4.450 ns                ;
; N/A                                     ; 212.90 MHz ( period = 4.697 ns )                    ; cnt20k[9]  ; cnt20k[22] ; clkin      ; clkin    ; None                        ; None                      ; 4.437 ns                ;
; N/A                                     ; 213.04 MHz ( period = 4.694 ns )                    ; cnt20k[5]  ; cnt20k[14] ; clkin      ; clkin    ; None                        ; None                      ; 4.434 ns                ;
; N/A                                     ; 213.40 MHz ( period = 4.686 ns )                    ; cnt20k[7]  ; cnt20k[5]  ; clkin      ; clkin    ; None                        ; None                      ; 4.425 ns                ;
; N/A                                     ; 213.40 MHz ( period = 4.686 ns )                    ; cnt20k[7]  ; cnt20k[11] ; clkin      ; clkin    ; None                        ; None                      ; 4.425 ns                ;
; N/A                                     ; 213.45 MHz ( period = 4.685 ns )                    ; cnt20k[7]  ; cnt20k[10] ; clkin      ; clkin    ; None                        ; None                      ; 4.424 ns                ;
; N/A                                     ; 213.49 MHz ( period = 4.684 ns )                    ; cnt20k[7]  ; cnt20k[9]  ; clkin      ; clkin    ; None                        ; None                      ; 4.423 ns                ;
; N/A                                     ; 213.49 MHz ( period = 4.684 ns )                    ; cnt20k[7]  ; cnt20k[24] ; clkin      ; clkin    ; None                        ; None                      ; 4.424 ns                ;
; N/A                                     ; 213.58 MHz ( period = 4.682 ns )                    ; cnt20k[14] ; cnt20k[24] ; clkin      ; clkin    ; None                        ; None                      ; 4.421 ns                ;
; N/A                                     ; 214.00 MHz ( period = 4.673 ns )                    ; cnt20k[15] ; cnt20k[24] ; clkin      ; clkin    ; None                        ; None                      ; 4.413 ns                ;
; N/A                                     ; 214.00 MHz ( period = 4.673 ns )                    ; cnt20k[7]  ; cnt20k[21] ; clkin      ; clkin    ; None                        ; None                      ; 4.412 ns                ;
; N/A                                     ; 214.09 MHz ( period = 4.671 ns )                    ; cnt20k[14] ; cnt20k[21] ; clkin      ; clkin    ; None                        ; None                      ; 4.409 ns                ;
; N/A                                     ; 214.50 MHz ( period = 4.662 ns )                    ; cnt20k[15] ; cnt20k[21] ; clkin      ; clkin    ; None                        ; None                      ; 4.401 ns                ;
; N/A                                     ; 214.55 MHz ( period = 4.661 ns )                    ; cnt20k[5]  ; cnt20k[25] ; clkin      ; clkin    ; None                        ; None                      ; 4.401 ns                ;
; N/A                                     ; 214.73 MHz ( period = 4.657 ns )                    ; cnt20k[5]  ; cnt20k[23] ; clkin      ; clkin    ; None                        ; None                      ; 4.397 ns                ;
; N/A                                     ; 214.82 MHz ( period = 4.655 ns )                    ; cnt20k[4]  ; cnt20k[25] ; clkin      ; clkin    ; None                        ; None                      ; 4.395 ns                ;
; N/A                                     ; 214.82 MHz ( period = 4.655 ns )                    ; cnt20k[13] ; cnt20k[22] ; clkin      ; clkin    ; None                        ; None                      ; 4.395 ns                ;
; N/A                                     ; 215.01 MHz ( period = 4.651 ns )                    ; cnt20k[4]  ; cnt20k[23] ; clkin      ; clkin    ; None                        ; None                      ; 4.391 ns                ;
; N/A                                     ; 215.10 MHz ( period = 4.649 ns )                    ; cnt20k[1]  ; cnt20k[22] ; clkin      ; clkin    ; None                        ; None                      ; 4.389 ns                ;
; N/A                                     ; 215.29 MHz ( period = 4.645 ns )                    ; cnt20k[6]  ; cnt20k[16] ; clkin      ; clkin    ; None                        ; None                      ; 4.384 ns                ;
; N/A                                     ; 215.33 MHz ( period = 4.644 ns )                    ; cnt20k[16] ; cnt20k[22] ; clkin      ; clkin    ; None                        ; None                      ; 4.384 ns                ;
; N/A                                     ; 215.47 MHz ( period = 4.641 ns )                    ; cnt20k[6]  ; cnt20k[19] ; clkin      ; clkin    ; None                        ; None                      ; 4.380 ns                ;
; N/A                                     ; 217.06 MHz ( period = 4.607 ns )                    ; cnt20k[12] ; cnt20k[5]  ; clkin      ; clkin    ; None                        ; None                      ; 4.346 ns                ;
; N/A                                     ; 217.06 MHz ( period = 4.607 ns )                    ; cnt20k[12] ; cnt20k[11] ; clkin      ; clkin    ; None                        ; None                      ; 4.346 ns                ;
; N/A                                     ; 217.11 MHz ( period = 4.606 ns )                    ; cnt20k[12] ; cnt20k[10] ; clkin      ; clkin    ; None                        ; None                      ; 4.345 ns                ;
; N/A                                     ; 217.16 MHz ( period = 4.605 ns )                    ; cnt20k[12] ; cnt20k[9]  ; clkin      ; clkin    ; None                        ; None                      ; 4.344 ns                ;
; N/A                                     ; 217.25 MHz ( period = 4.603 ns )                    ; cnt20k[6]  ; cnt20k[14] ; clkin      ; clkin    ; None                        ; None                      ; 4.343 ns                ;
; N/A                                     ; 217.44 MHz ( period = 4.599 ns )                    ; cnt20k[5]  ; cnt20k[18] ; clkin      ; clkin    ; None                        ; None                      ; 4.339 ns                ;
; N/A                                     ; 217.68 MHz ( period = 4.594 ns )                    ; cnt20k[17] ; cnt20k[14] ; clkin      ; clkin    ; None                        ; None                      ; 4.334 ns                ;
; N/A                                     ; 217.72 MHz ( period = 4.593 ns )                    ; cnt20k[4]  ; cnt20k[18] ; clkin      ; clkin    ; None                        ; None                      ; 4.333 ns                ;
; N/A                                     ; 217.77 MHz ( period = 4.592 ns )                    ; cnt20k[16] ; cnt20k[14] ; clkin      ; clkin    ; None                        ; None                      ; 4.332 ns                ;
; N/A                                     ; 218.10 MHz ( period = 4.585 ns )                    ; cnt20k[5]  ; cnt20k[20] ; clkin      ; clkin    ; None                        ; None                      ; 4.310 ns                ;
; N/A                                     ; 218.39 MHz ( period = 4.579 ns )                    ; cnt20k[4]  ; cnt20k[20] ; clkin      ; clkin    ; None                        ; None                      ; 4.304 ns                ;
; N/A                                     ; 218.48 MHz ( period = 4.577 ns )                    ; cnt20k[7]  ; cnt20k[16] ; clkin      ; clkin    ; None                        ; None                      ; 4.316 ns                ;
; N/A                                     ; 218.58 MHz ( period = 4.575 ns )                    ; cnt20k[14] ; cnt20k[16] ; clkin      ; clkin    ; None                        ; None                      ; 4.313 ns                ;
; N/A                                     ; 218.67 MHz ( period = 4.573 ns )                    ; cnt20k[7]  ; cnt20k[19] ; clkin      ; clkin    ; None                        ; None                      ; 4.312 ns                ;
; N/A                                     ; 218.77 MHz ( period = 4.571 ns )                    ; cnt20k[14] ; cnt20k[19] ; clkin      ; clkin    ; None                        ; None                      ; 4.309 ns                ;
; N/A                                     ; 218.87 MHz ( period = 4.569 ns )                    ; cnt20k[6]  ; cnt20k[25] ; clkin      ; clkin    ; None                        ; None                      ; 4.309 ns                ;
; N/A                                     ; 218.91 MHz ( period = 4.568 ns )                    ; cnt20k[5]  ; cnt20k[27] ; clkin      ; clkin    ; None                        ; None                      ; 4.308 ns                ;
; N/A                                     ; 219.01 MHz ( period = 4.566 ns )                    ; cnt20k[15] ; cnt20k[16] ; clkin      ; clkin    ; None                        ; None                      ; 4.305 ns                ;
; N/A                                     ; 219.06 MHz ( period = 4.565 ns )                    ; cnt20k[6]  ; cnt20k[23] ; clkin      ; clkin    ; None                        ; None                      ; 4.305 ns                ;
; N/A                                     ; 219.11 MHz ( period = 4.564 ns )                    ; cnt20k[9]  ; cnt20k[24] ; clkin      ; clkin    ; None                        ; None                      ; 4.304 ns                ;
; N/A                                     ; 219.20 MHz ( period = 4.562 ns )                    ; cnt20k[4]  ; cnt20k[27] ; clkin      ; clkin    ; None                        ; None                      ; 4.302 ns                ;
; N/A                                     ; 219.20 MHz ( period = 4.562 ns )                    ; cnt20k[15] ; cnt20k[19] ; clkin      ; clkin    ; None                        ; None                      ; 4.301 ns                ;
; N/A                                     ; 219.44 MHz ( period = 4.557 ns )                    ; cnt20k[23] ; cnt20k[5]  ; clkin      ; clkin    ; None                        ; None                      ; 4.295 ns                ;
; N/A                                     ; 219.44 MHz ( period = 4.557 ns )                    ; cnt20k[23] ; cnt20k[11] ; clkin      ; clkin    ; None                        ; None                      ; 4.295 ns                ;
; N/A                                     ; 219.49 MHz ( period = 4.556 ns )                    ; cnt20k[23] ; cnt20k[10] ; clkin      ; clkin    ; None                        ; None                      ; 4.294 ns                ;
; N/A                                     ; 219.54 MHz ( period = 4.555 ns )                    ; cnt20k[23] ; cnt20k[9]  ; clkin      ; clkin    ; None                        ; None                      ; 4.293 ns                ;
; N/A                                     ; 219.64 MHz ( period = 4.553 ns )                    ; cnt20k[9]  ; cnt20k[21] ; clkin      ; clkin    ; None                        ; None                      ; 4.292 ns                ;
; N/A                                     ; 219.97 MHz ( period = 4.546 ns )                    ; cnt20k[2]  ; cnt20k[14] ; clkin      ; clkin    ; None                        ; None                      ; 4.286 ns                ;
; N/A                                     ; 220.90 MHz ( period = 4.527 ns )                    ; cnt20k[3]  ; cnt20k[5]  ; clkin      ; clkin    ; None                        ; None                      ; 4.266 ns                ;
; N/A                                     ; 220.90 MHz ( period = 4.527 ns )                    ; cnt20k[3]  ; cnt20k[11] ; clkin      ; clkin    ; None                        ; None                      ; 4.266 ns                ;
; N/A                                     ; 220.95 MHz ( period = 4.526 ns )                    ; cnt20k[3]  ; cnt20k[10] ; clkin      ; clkin    ; None                        ; None                      ; 4.265 ns                ;
; N/A                                     ; 220.99 MHz ( period = 4.525 ns )                    ; cnt20k[3]  ; cnt20k[9]  ; clkin      ; clkin    ; None                        ; None                      ; 4.264 ns                ;
; N/A                                     ; 221.09 MHz ( period = 4.523 ns )                    ; cnt20k[9]  ; cnt20k[14] ; clkin      ; clkin    ; None                        ; None                      ; 4.263 ns                ;
; N/A                                     ; 221.14 MHz ( period = 4.522 ns )                    ; cnt20k[13] ; cnt20k[24] ; clkin      ; clkin    ; None                        ; None                      ; 4.262 ns                ;
; N/A                                     ; 221.43 MHz ( period = 4.516 ns )                    ; cnt20k[1]  ; cnt20k[24] ; clkin      ; clkin    ; None                        ; None                      ; 4.256 ns                ;
; N/A                                     ; 221.68 MHz ( period = 4.511 ns )                    ; cnt20k[16] ; cnt20k[24] ; clkin      ; clkin    ; None                        ; None                      ; 4.251 ns                ;
; N/A                                     ; 221.68 MHz ( period = 4.511 ns )                    ; cnt20k[13] ; cnt20k[21] ; clkin      ; clkin    ; None                        ; None                      ; 4.250 ns                ;
; N/A                                     ; 221.88 MHz ( period = 4.507 ns )                    ; cnt20k[6]  ; cnt20k[18] ; clkin      ; clkin    ; None                        ; None                      ; 4.247 ns                ;
; N/A                                     ; 221.98 MHz ( period = 4.505 ns )                    ; cnt20k[1]  ; cnt20k[21] ; clkin      ; clkin    ; None                        ; None                      ; 4.244 ns                ;
; N/A                                     ; 222.17 MHz ( period = 4.501 ns )                    ; cnt20k[7]  ; cnt20k[25] ; clkin      ; clkin    ; None                        ; None                      ; 4.241 ns                ;
; N/A                                     ; 222.17 MHz ( period = 4.501 ns )                    ; cnt20k[0]  ; cnt20k[22] ; clkin      ; clkin    ; None                        ; None                      ; 4.241 ns                ;
; N/A                                     ; 222.22 MHz ( period = 4.500 ns )                    ; cnt20k[16] ; cnt20k[21] ; clkin      ; clkin    ; None                        ; None                      ; 4.239 ns                ;
; N/A                                     ; 222.27 MHz ( period = 4.499 ns )                    ; cnt20k[14] ; cnt20k[25] ; clkin      ; clkin    ; None                        ; None                      ; 4.238 ns                ;
; N/A                                     ; 222.37 MHz ( period = 4.497 ns )                    ; cnt20k[7]  ; cnt20k[23] ; clkin      ; clkin    ; None                        ; None                      ; 4.237 ns                ;
; N/A                                     ; 222.47 MHz ( period = 4.495 ns )                    ; cnt20k[14] ; cnt20k[23] ; clkin      ; clkin    ; None                        ; None                      ; 4.234 ns                ;
; N/A                                     ; 222.57 MHz ( period = 4.493 ns )                    ; cnt20k[6]  ; cnt20k[20] ; clkin      ; clkin    ; None                        ; None                      ; 4.218 ns                ;
; N/A                                     ; 222.72 MHz ( period = 4.490 ns )                    ; cnt20k[15] ; cnt20k[25] ; clkin      ; clkin    ; None                        ; None                      ; 4.230 ns                ;
; N/A                                     ; 222.92 MHz ( period = 4.486 ns )                    ; cnt20k[15] ; cnt20k[23] ; clkin      ; clkin    ; None                        ; None                      ; 4.226 ns                ;
; N/A                                     ; 223.36 MHz ( period = 4.477 ns )                    ; cnt20k[4]  ; cnt20k[14] ; clkin      ; clkin    ; None                        ; None                      ; 4.217 ns                ;
; N/A                                     ; 223.41 MHz ( period = 4.476 ns )                    ; cnt20k[5]  ; cnt20k[31] ; clkin      ; clkin    ; None                        ; None                      ; 4.216 ns                ;
; N/A                                     ; 223.41 MHz ( period = 4.476 ns )                    ; cnt20k[6]  ; cnt20k[27] ; clkin      ; clkin    ; None                        ; None                      ; 4.216 ns                ;
; N/A                                     ; 223.61 MHz ( period = 4.472 ns )                    ; cnt20k[18] ; cnt20k[22] ; clkin      ; clkin    ; None                        ; None                      ; 4.211 ns                ;
; N/A                                     ; 223.71 MHz ( period = 4.470 ns )                    ; cnt20k[4]  ; cnt20k[31] ; clkin      ; clkin    ; None                        ; None                      ; 4.210 ns                ;
; N/A                                     ; 223.96 MHz ( period = 4.465 ns )                    ; cnt20k[8]  ; cnt20k[22] ; clkin      ; clkin    ; None                        ; None                      ; 4.205 ns                ;
; N/A                                     ; 224.37 MHz ( period = 4.457 ns )                    ; cnt20k[9]  ; cnt20k[16] ; clkin      ; clkin    ; None                        ; None                      ; 4.196 ns                ;
; N/A                                     ; 224.57 MHz ( period = 4.453 ns )                    ; cnt20k[9]  ; cnt20k[19] ; clkin      ; clkin    ; None                        ; None                      ; 4.192 ns                ;
; N/A                                     ; 225.02 MHz ( period = 4.444 ns )                    ; cnt20k[20] ; cnt20k[22] ; clkin      ; clkin    ; None                        ; None                      ; 4.198 ns                ;
; N/A                                     ; 225.28 MHz ( period = 4.439 ns )                    ; cnt20k[7]  ; cnt20k[18] ; clkin      ; clkin    ; None                        ; None                      ; 4.179 ns                ;
; N/A                                     ; 225.38 MHz ( period = 4.437 ns )                    ; cnt20k[14] ; cnt20k[18] ; clkin      ; clkin    ; None                        ; None                      ; 4.176 ns                ;
; N/A                                     ; 225.84 MHz ( period = 4.428 ns )                    ; cnt20k[15] ; cnt20k[18] ; clkin      ; clkin    ; None                        ; None                      ; 4.168 ns                ;
; N/A                                     ; 225.89 MHz ( period = 4.427 ns )                    ; cnt20k[21] ; cnt20k[24] ; clkin      ; clkin    ; None                        ; None                      ; 4.167 ns                ;
; N/A                                     ; 225.99 MHz ( period = 4.425 ns )                    ; cnt20k[7]  ; cnt20k[20] ; clkin      ; clkin    ; None                        ; None                      ; 4.150 ns                ;
; N/A                                     ; 226.09 MHz ( period = 4.423 ns )                    ; cnt20k[14] ; cnt20k[20] ; clkin      ; clkin    ; None                        ; None                      ; 4.147 ns                ;
; N/A                                     ; 226.50 MHz ( period = 4.415 ns )                    ; cnt20k[13] ; cnt20k[16] ; clkin      ; clkin    ; None                        ; None                      ; 4.154 ns                ;
; N/A                                     ; 226.55 MHz ( period = 4.414 ns )                    ; cnt20k[15] ; cnt20k[20] ; clkin      ; clkin    ; None                        ; None                      ; 4.139 ns                ;
; N/A                                     ; 226.71 MHz ( period = 4.411 ns )                    ; cnt20k[13] ; cnt20k[19] ; clkin      ; clkin    ; None                        ; None                      ; 4.150 ns                ;
; N/A                                     ; 226.76 MHz ( period = 4.410 ns )                    ; cnt20k[5]  ; cnt20k[26] ; clkin      ; clkin    ; None                        ; None                      ; 4.150 ns                ;
; N/A                                     ; 226.81 MHz ( period = 4.409 ns )                    ; cnt20k[1]  ; cnt20k[16] ; clkin      ; clkin    ; None                        ; None                      ; 4.148 ns                ;
; N/A                                     ; 226.86 MHz ( period = 4.408 ns )                    ; cnt20k[7]  ; cnt20k[27] ; clkin      ; clkin    ; None                        ; None                      ; 4.148 ns                ;
; N/A                                     ; 226.86 MHz ( period = 4.408 ns )                    ; cnt20k[2]  ; cnt20k[22] ; clkin      ; clkin    ; None                        ; None                      ; 4.148 ns                ;
; N/A                                     ; 226.96 MHz ( period = 4.406 ns )                    ; cnt20k[14] ; cnt20k[27] ; clkin      ; clkin    ; None                        ; None                      ; 4.145 ns                ;
; N/A                                     ; 227.01 MHz ( period = 4.405 ns )                    ; cnt20k[1]  ; cnt20k[19] ; clkin      ; clkin    ; None                        ; None                      ; 4.144 ns                ;
; N/A                                     ; 227.07 MHz ( period = 4.404 ns )                    ; cnt20k[4]  ; cnt20k[26] ; clkin      ; clkin    ; None                        ; None                      ; 4.144 ns                ;
; N/A                                     ; 227.17 MHz ( period = 4.402 ns )                    ; cnt20k[19] ; cnt20k[22] ; clkin      ; clkin    ; None                        ; None                      ; 4.142 ns                ;
; N/A                                     ; 227.27 MHz ( period = 4.400 ns )                    ; cnt20k[21] ; cnt20k[22] ; clkin      ; clkin    ; None                        ; None                      ; 4.140 ns                ;
; N/A                                     ; 227.43 MHz ( period = 4.397 ns )                    ; cnt20k[15] ; cnt20k[27] ; clkin      ; clkin    ; None                        ; None                      ; 4.137 ns                ;
; N/A                                     ; 227.79 MHz ( period = 4.390 ns )                    ; cnt20k[5]  ; cnt20k[29] ; clkin      ; clkin    ; None                        ; None                      ; 4.130 ns                ;
; Timing analysis restricted to 200 rows. ; To change the limit use Settings (Assignments menu) ;            ;            ;            ;          ;                             ;                           ;                         ;
+-----------------------------------------+-----------------------------------------------------+------------+------------+------------+----------+-----------------------------+---------------------------+-------------------------+


+----------------------------------------------------------------+
; tsu                                                            ;
+-------+--------------+------------+-------+---------+----------+
; Slack ; Required tsu ; Actual tsu ; From  ; To      ; To Clock ;
+-------+--------------+------------+-------+---------+----------+
; N/A   ; None         ; 0.664 ns   ; rst_n ; clk1ms  ; clkin    ;
; N/A   ; None         ; -4.121 ns  ; rst_n ; cnt8[2] ; clkin    ;
; N/A   ; None         ; -4.903 ns  ; rst_n ; cnt8[1] ; clkin    ;
; N/A   ; None         ; -5.960 ns  ; rst_n ; cnt8[0] ; clkin    ;
+-------+--------------+------------+-------+---------+----------+


+-------------------------------------------------------------------------+
; tco                                                                     ;
+-------+--------------+------------+---------+--------------+------------+
; Slack ; Required tco ; Actual tco ; From    ; To           ; From Clock ;
+-------+--------------+------------+---------+--------------+------------+
; N/A   ; None         ; 18.606 ns  ; cnt8[2] ; seg_out[2]   ; clkin      ;
; N/A   ; None         ; 18.541 ns  ; cnt8[2] ; seg_out[3]   ; clkin      ;
; N/A   ; None         ; 18.362 ns  ; cnt8[1] ; seg_out[2]   ; clkin      ;
; N/A   ; None         ; 18.245 ns  ; cnt8[1] ; seg_out[3]   ; clkin      ;
; N/A   ; None         ; 18.011 ns  ; cnt8[0] ; seg_out[3]   ; clkin      ;
; N/A   ; None         ; 17.972 ns  ; cnt8[2] ; seg_out[0]   ; clkin      ;
; N/A   ; None         ; 17.676 ns  ; cnt8[1] ; seg_out[0]   ; clkin      ;
; N/A   ; None         ; 17.442 ns  ; cnt8[0] ; seg_out[0]   ; clkin      ;
; N/A   ; None         ; 17.386 ns  ; cnt8[2] ; seg_out[1]   ; clkin      ;
; N/A   ; None         ; 17.299 ns  ; cnt8[2] ; seg_out[4]   ; clkin      ;
; N/A   ; None         ; 17.277 ns  ; cnt8[1] ; seg_out[1]   ; clkin      ;
; N/A   ; None         ; 17.059 ns  ; cnt8[0] ; seg_out[2]   ; clkin      ;
; N/A   ; None         ; 17.001 ns  ; cnt8[1] ; seg_out[4]   ; clkin      ;
; N/A   ; None         ; 16.852 ns  ; cnt8[0] ; seg_out[1]   ; clkin      ;
; N/A   ; None         ; 16.787 ns  ; cnt8[2] ; seg_out[5]   ; clkin      ;
; N/A   ; None         ; 16.765 ns  ; cnt8[0] ; seg_out[4]   ; clkin      ;
; N/A   ; None         ; 16.544 ns  ; cnt8[1] ; seg_out[6]   ; clkin      ;
; N/A   ; None         ; 16.543 ns  ; cnt8[1] ; seg_out[5]   ; clkin      ;
; N/A   ; None         ; 15.856 ns  ; cnt8[2] ; dig_sel_n[7] ; clkin      ;
; N/A   ; None         ; 15.721 ns  ; cnt8[0] ; dig_sel_n[7] ; clkin      ;
; N/A   ; None         ; 15.700 ns  ; cnt8[0] ; seg_out[5]   ; clkin      ;
; N/A   ; None         ; 15.593 ns  ; cnt8[0] ; seg_out[6]   ; clkin      ;
; N/A   ; None         ; 15.472 ns  ; cnt8[1] ; dig_sel_n[7] ; clkin      ;
; N/A   ; None         ; 15.402 ns  ; cnt8[0] ; dig_sel_n[6] ; clkin      ;
; N/A   ; None         ; 15.390 ns  ; cnt8[0] ; dig_sel_n[5] ; clkin      ;
; N/A   ; None         ; 15.382 ns  ; cnt8[0] ; dig_sel_n[4] ; clkin      ;
; N/A   ; None         ; 15.335 ns  ; cnt8[2] ; seg_out[6]   ; clkin      ;
; N/A   ; None         ; 14.605 ns  ; cnt8[0] ; dig_sel_n[0] ; clkin      ;
; N/A   ; None         ; 14.443 ns  ; cnt8[2] ; dig_sel_n[6] ; clkin      ;
; N/A   ; None         ; 14.439 ns  ; cnt8[2] ; dig_sel_n[5] ; clkin      ;
; N/A   ; None         ; 14.437 ns  ; cnt8[2] ; dig_sel_n[4] ; clkin      ;
; N/A   ; None         ; 14.303 ns  ; cnt8[0] ; dig_sel_n[2] ; clkin      ;
; N/A   ; None         ; 14.301 ns  ; cnt8[1] ; dig_sel_n[5] ; clkin      ;
; N/A   ; None         ; 14.300 ns  ; cnt8[0] ; dig_sel_n[3] ; clkin      ;
; N/A   ; None         ; 14.299 ns  ; cnt8[1] ; dig_sel_n[4] ; clkin      ;
; N/A   ; None         ; 14.299 ns  ; cnt8[0] ; dig_sel_n[1] ; clkin      ;
; N/A   ; None         ; 14.288 ns  ; cnt8[1] ; dig_sel_n[6] ; clkin      ;
; N/A   ; None         ; 13.658 ns  ; cnt8[2] ; dig_sel_n[0] ; clkin      ;
; N/A   ; None         ; 13.519 ns  ; cnt8[1] ; dig_sel_n[0] ; clkin      ;
; N/A   ; None         ; 13.344 ns  ; cnt8[2] ; dig_sel_n[3] ; clkin      ;
; N/A   ; None         ; 13.344 ns  ; cnt8[2] ; dig_sel_n[2] ; clkin      ;
; N/A   ; None         ; 13.340 ns  ; cnt8[2] ; dig_sel_n[1] ; clkin      ;
; N/A   ; None         ; 13.206 ns  ; cnt8[1] ; dig_sel_n[3] ; clkin      ;
; N/A   ; None         ; 13.202 ns  ; cnt8[1] ; dig_sel_n[2] ; clkin      ;
; N/A   ; None         ; 13.190 ns  ; cnt8[1] ; dig_sel_n[1] ; clkin      ;
+-------+--------------+------------+---------+--------------+------------+


+--------------------------------------------------------------------+
; tpd                                                                ;
+-------+-------------------+-----------------+-------+--------------+
; Slack ; Required P2P Time ; Actual P2P Time ; From  ; To           ;
+-------+-------------------+-----------------+-------+--------------+
; N/A   ; None              ; 37.887 ns       ; Q5    ; seg_out[2]   ;
; N/A   ; None              ; 36.982 ns       ; Q5    ; seg_out[3]   ;
; N/A   ; None              ; 36.717 ns       ; Q5    ; seg_out[0]   ;
; N/A   ; None              ; 36.400 ns       ; Q5    ; seg_out[1]   ;
; N/A   ; None              ; 36.205 ns       ; Q7    ; seg_out[2]   ;
; N/A   ; None              ; 36.106 ns       ; Q6    ; seg_out[2]   ;
; N/A   ; None              ; 35.939 ns       ; Q5    ; seg_out[5]   ;
; N/A   ; None              ; 35.695 ns       ; Q4    ; seg_out[2]   ;
; N/A   ; None              ; 35.517 ns       ; Q5    ; seg_out[6]   ;
; N/A   ; None              ; 35.300 ns       ; Q7    ; seg_out[3]   ;
; N/A   ; None              ; 35.201 ns       ; Q6    ; seg_out[3]   ;
; N/A   ; None              ; 35.035 ns       ; Q7    ; seg_out[0]   ;
; N/A   ; None              ; 34.936 ns       ; Q6    ; seg_out[0]   ;
; N/A   ; None              ; 34.790 ns       ; Q4    ; seg_out[3]   ;
; N/A   ; None              ; 34.763 ns       ; Q5    ; seg_out[4]   ;
; N/A   ; None              ; 34.718 ns       ; Q7    ; seg_out[1]   ;
; N/A   ; None              ; 34.619 ns       ; Q6    ; seg_out[1]   ;
; N/A   ; None              ; 34.525 ns       ; Q4    ; seg_out[0]   ;
; N/A   ; None              ; 34.257 ns       ; Q7    ; seg_out[5]   ;
; N/A   ; None              ; 34.208 ns       ; Q4    ; seg_out[1]   ;
; N/A   ; None              ; 34.158 ns       ; Q6    ; seg_out[5]   ;
; N/A   ; None              ; 33.835 ns       ; Q7    ; seg_out[6]   ;
; N/A   ; None              ; 33.747 ns       ; Q4    ; seg_out[5]   ;
; N/A   ; None              ; 33.736 ns       ; Q6    ; seg_out[6]   ;
; N/A   ; None              ; 33.325 ns       ; Q4    ; seg_out[6]   ;
; N/A   ; None              ; 32.999 ns       ; Q7    ; seg_out[4]   ;
; N/A   ; None              ; 32.900 ns       ; Q6    ; seg_out[4]   ;
; N/A   ; None              ; 32.489 ns       ; Q4    ; seg_out[4]   ;
; N/A   ; None              ; 31.872 ns       ; Q3    ; seg_out[2]   ;
; N/A   ; None              ; 30.967 ns       ; Q3    ; seg_out[3]   ;
; N/A   ; None              ; 30.702 ns       ; Q3    ; seg_out[0]   ;
; N/A   ; None              ; 30.385 ns       ; Q3    ; seg_out[1]   ;
; N/A   ; None              ; 29.924 ns       ; Q3    ; seg_out[5]   ;
; N/A   ; None              ; 29.502 ns       ; Q3    ; seg_out[6]   ;
; N/A   ; None              ; 28.666 ns       ; Q3    ; seg_out[4]   ;
; N/A   ; None              ; 27.519 ns       ; Q2    ; seg_out[2]   ;
; N/A   ; None              ; 26.614 ns       ; Q2    ; seg_out[3]   ;
; N/A   ; None              ; 26.349 ns       ; Q2    ; seg_out[0]   ;
; N/A   ; None              ; 26.032 ns       ; Q2    ; seg_out[1]   ;
; N/A   ; None              ; 25.571 ns       ; Q2    ; seg_out[5]   ;
; N/A   ; None              ; 25.149 ns       ; Q2    ; seg_out[6]   ;
; N/A   ; None              ; 24.313 ns       ; Q2    ; seg_out[4]   ;
; N/A   ; None              ; 21.704 ns       ; Q1    ; seg_out[2]   ;
; N/A   ; None              ; 20.287 ns       ; Q1    ; seg_out[6]   ;
; N/A   ; None              ; 20.121 ns       ; Q1    ; seg_out[4]   ;
; N/A   ; None              ; 19.829 ns       ; Q1    ; seg_out[5]   ;
; N/A   ; None              ; 19.627 ns       ; Q1    ; seg_out[3]   ;
; N/A   ; None              ; 19.371 ns       ; Q1    ; seg_out[0]   ;
; N/A   ; None              ; 19.045 ns       ; Q1    ; seg_out[1]   ;
; N/A   ; None              ; 16.197 ns       ; Q0    ; seg_out[2]   ;
; N/A   ; None              ; 14.791 ns       ; Q0    ; seg_out[6]   ;
; N/A   ; None              ; 14.620 ns       ; Q0    ; seg_out[4]   ;
; N/A   ; None              ; 14.333 ns       ; Q0    ; seg_out[5]   ;
; N/A   ; None              ; 13.558 ns       ; Q0    ; seg_out[3]   ;
; N/A   ; None              ; 13.118 ns       ; Q0    ; seg_out[1]   ;
; N/A   ; None              ; 12.994 ns       ; Q0    ; seg_out[0]   ;
; N/A   ; None              ; 8.923 ns        ; rst_n ; seg_out[3]   ;
; N/A   ; None              ; 8.354 ns        ; rst_n ; seg_out[0]   ;
; N/A   ; None              ; 8.144 ns        ; rst_n ; dig_sel_n[7] ;
; N/A   ; None              ; 7.932 ns        ; rst_n ; seg_out[2]   ;
; N/A   ; None              ; 7.779 ns        ; rst_n ; dig_sel_n[6] ;
; N/A   ; None              ; 7.779 ns        ; rst_n ; dig_sel_n[5] ;
; N/A   ; None              ; 7.777 ns        ; rst_n ; dig_sel_n[4] ;
; N/A   ; None              ; 7.377 ns        ; rst_n ; seg_out[1]   ;
; N/A   ; None              ; 7.248 ns        ; rst_n ; seg_out[6]   ;
; N/A   ; None              ; 7.100 ns        ; rst_n ; seg_out[5]   ;
; N/A   ; None              ; 7.063 ns        ; rst_n ; seg_out[4]   ;
; N/A   ; None              ; 6.998 ns        ; rst_n ; dig_sel_n[0] ;
; N/A   ; None              ; 6.684 ns        ; rst_n ; dig_sel_n[3] ;
; N/A   ; None              ; 6.680 ns        ; rst_n ; dig_sel_n[2] ;
; N/A   ; None              ; 6.677 ns        ; rst_n ; dig_sel_n[1] ;
+-------+-------------------+-----------------+-------+--------------+


+----------------------------------------------------------------------+
; th                                                                   ;
+---------------+-------------+-----------+-------+---------+----------+
; Minimum Slack ; Required th ; Actual th ; From  ; To      ; To Clock ;
+---------------+-------------+-----------+-------+---------+----------+
; N/A           ; None        ; 6.012 ns  ; rst_n ; cnt8[0] ; clkin    ;
; N/A           ; None        ; 4.955 ns  ; rst_n ; cnt8[2] ; clkin    ;
; N/A           ; None        ; 4.955 ns  ; rst_n ; cnt8[1] ; clkin    ;
; N/A           ; None        ; -0.612 ns ; rst_n ; clk1ms  ; clkin    ;
+---------------+-------------+-----------+-------+---------+----------+


+--------------------------+
; Timing Analyzer Messages ;
+--------------------------+
Info: *******************************************************************
Info: Running Quartus II Classic Timing Analyzer
    Info: Version 9.0 Build 132 02/25/2009 SJ Full Version
    Info: Processing started: Sat Dec 10 09:31:47 2022
Info: Command: quartus_tan --read_settings_files=off --write_settings_files=off myTwoSeg7 -c myTwoSeg7 --timing_analysis_only
Info: Parallel compilation is enabled and will use 4 of the 4 processors detected
Warning: Found pins functioning as undefined clocks and/or memory enables
    Info: Assuming node "clkin" is an undefined clock
Warning: Found 1 node(s) in clock paths which may be acting as ripple and/or gated clocks -- node(s) analyzed as buffer(s) resulting in clock skew
    Info: Detected ripple clock "clk1ms" as buffer
Info: Clock "clkin" has Internal fmax of 185.6 MHz between source register "cnt20k[14]" and destination register "cnt20k[5]" (period= 5.388 ns)
    Info: + Longest register to register delay is 5.126 ns
        Info: 1: + IC(0.000 ns) + CELL(0.000 ns) = 0.000 ns; Loc. = LC_X17_Y8_N4; Fanout = 5; REG Node = 'cnt20k[14]'
        Info: 2: + IC(1.272 ns) + CELL(0.114 ns) = 1.386 ns; Loc. = LC_X17_Y10_N2; Fanout = 1; COMB Node = 'Equal0~7'
        Info: 3: + IC(1.233 ns) + CELL(0.114 ns) = 2.733 ns; Loc. = LC_X16_Y8_N9; Fanout = 1; COMB Node = 'Equal0~8'
        Info: 4: + IC(0.694 ns) + CELL(0.114 ns) = 3.541 ns; Loc. = LC_X17_Y8_N3; Fanout = 5; COMB Node = 'Equal0~11'
        Info: 5: + IC(1.276 ns) + CELL(0.309 ns) = 5.126 ns; Loc. = LC_X17_Y10_N5; Fanout = 3; REG Node = 'cnt20k[5]'
        Info: Total cell delay = 0.651 ns ( 12.70 % )
        Info: Total interconnect delay = 4.475 ns ( 87.30 % )
    Info: - Smallest clock skew is -0.001 ns
        Info: + Shortest clock path from clock "clkin" to destination register is 2.782 ns
            Info: 1: + IC(0.000 ns) + CELL(1.469 ns) = 1.469 ns; Loc. = PIN_16; Fanout = 33; CLK Node = 'clkin'
            Info: 2: + IC(0.602 ns) + CELL(0.711 ns) = 2.782 ns; Loc. = LC_X17_Y10_N5; Fanout = 3; REG Node = 'cnt20k[5]'
            Info: Total cell delay = 2.180 ns ( 78.36 % )
            Info: Total interconnect delay = 0.602 ns ( 21.64 % )
        Info: - Longest clock path from clock "clkin" to source register is 2.783 ns
            Info: 1: + IC(0.000 ns) + CELL(1.469 ns) = 1.469 ns; Loc. = PIN_16; Fanout = 33; CLK Node = 'clkin'
            Info: 2: + IC(0.603 ns) + CELL(0.711 ns) = 2.783 ns; Loc. = LC_X17_Y8_N4; Fanout = 5; REG Node = 'cnt20k[14]'
            Info: Total cell delay = 2.180 ns ( 78.33 % )
            Info: Total interconnect delay = 0.603 ns ( 21.67 % )
    Info: + Micro clock to output delay of source is 0.224 ns
    Info: + Micro setup delay of destination is 0.037 ns
Info: tsu for register "clk1ms" (data pin = "rst_n", clock pin = "clkin") is 0.664 ns
    Info: + Longest pin to register delay is 3.410 ns
        Info: 1: + IC(0.000 ns) + CELL(1.475 ns) = 1.475 ns; Loc. = PIN_47; Fanout = 51; PIN Node = 'rst_n'
        Info: 2: + IC(1.068 ns) + CELL(0.867 ns) = 3.410 ns; Loc. = LC_X17_Y8_N7; Fanout = 3; REG Node = 'clk1ms'
        Info: Total cell delay = 2.342 ns ( 68.68 % )
        Info: Total interconnect delay = 1.068 ns ( 31.32 % )
    Info: + Micro setup delay of destination is 0.037 ns
    Info: - Shortest clock path from clock "clkin" to destination register is 2.783 ns
        Info: 1: + IC(0.000 ns) + CELL(1.469 ns) = 1.469 ns; Loc. = PIN_16; Fanout = 33; CLK Node = 'clkin'
        Info: 2: + IC(0.603 ns) + CELL(0.711 ns) = 2.783 ns; Loc. = LC_X17_Y8_N7; Fanout = 3; REG Node = 'clk1ms'
        Info: Total cell delay = 2.180 ns ( 78.33 % )
        Info: Total interconnect delay = 0.603 ns ( 21.67 % )
Info: tco from clock "clkin" to destination pin "seg_out[2]" through register "cnt8[2]" is 18.606 ns
    Info: + Longest clock path from clock "clkin" to source register is 8.801 ns
        Info: 1: + IC(0.000 ns) + CELL(1.469 ns) = 1.469 ns; Loc. = PIN_16; Fanout = 33; CLK Node = 'clkin'
        Info: 2: + IC(0.603 ns) + CELL(0.935 ns) = 3.007 ns; Loc. = LC_X17_Y8_N7; Fanout = 3; REG Node = 'clk1ms'
        Info: 3: + IC(5.083 ns) + CELL(0.711 ns) = 8.801 ns; Loc. = LC_X22_Y12_N4; Fanout = 18; REG Node = 'cnt8[2]'
        Info: Total cell delay = 3.115 ns ( 35.39 % )
        Info: Total interconnect delay = 5.686 ns ( 64.61 % )
    Info: + Micro clock to output delay of source is 0.224 ns
    Info: + Longest register to pin delay is 9.581 ns
        Info: 1: + IC(0.000 ns) + CELL(0.000 ns) = 0.000 ns; Loc. = LC_X22_Y12_N4; Fanout = 18; REG Node = 'cnt8[2]'
        Info: 2: + IC(1.342 ns) + CELL(0.590 ns) = 1.932 ns; Loc. = LC_X21_Y8_N5; Fanout = 2; COMB Node = 'seg_out~19'
        Info: 3: + IC(1.207 ns) + CELL(0.114 ns) = 3.253 ns; Loc. = LC_X21_Y9_N8; Fanout = 1; COMB Node = 'seg_out~20'
        Info: 4: + IC(1.271 ns) + CELL(0.292 ns) = 4.816 ns; Loc. = LC_X20_Y7_N1; Fanout = 1; COMB Node = 'seg_out~22'
        Info: 5: + IC(2.657 ns) + CELL(2.108 ns) = 9.581 ns; Loc. = PIN_127; Fanout = 0; PIN Node = 'seg_out[2]'
        Info: Total cell delay = 3.104 ns ( 32.40 % )
        Info: Total interconnect delay = 6.477 ns ( 67.60 % )
Info: Longest tpd from source pin "Q5" to destination pin "seg_out[2]" is 37.887 ns
    Info: 1: + IC(0.000 ns) + CELL(1.475 ns) = 1.475 ns; Loc. = PIN_53; Fanout = 14; PIN Node = 'Q5'
    Info: 2: + IC(5.933 ns) + CELL(0.432 ns) = 7.840 ns; Loc. = LC_X16_Y4_N0; Fanout = 1; COMB Node = 'lpm_divide:Div0|lpm_divide_f5m:auto_generated|sign_div_unsign_bkh:divider|alt_u_div_6oe:divider|add_sub_6dc:add_sub_3|add_sub_cella[1]~COUTCOUT1_40'
    Info: 3: + IC(0.000 ns) + CELL(0.608 ns) = 8.448 ns; Loc. = LC_X16_Y4_N1; Fanout = 2; COMB Node = 'lpm_divide:Div0|lpm_divide_f5m:auto_generated|sign_div_unsign_bkh:divider|alt_u_div_6oe:divider|add_sub_6dc:add_sub_3|add_sub_cella[2]~27'
    Info: 4: + IC(0.427 ns) + CELL(0.575 ns) = 9.450 ns; Loc. = LC_X16_Y4_N5; Fanout = 2; COMB Node = 'lpm_divide:Div0|lpm_divide_f5m:auto_generated|sign_div_unsign_bkh:divider|alt_u_div_6oe:divider|add_sub_6dc:add_sub_3|add_sub_cella[2]~24COUT1_34'
    Info: 5: + IC(0.000 ns) + CELL(0.080 ns) = 9.530 ns; Loc. = LC_X16_Y4_N6; Fanout = 2; COMB Node = 'lpm_divide:Div0|lpm_divide_f5m:auto_generated|sign_div_unsign_bkh:divider|alt_u_div_6oe:divider|add_sub_6dc:add_sub_3|add_sub_cella[2]~22COUT1_36'
    Info: 6: + IC(0.000 ns) + CELL(0.080 ns) = 9.610 ns; Loc. = LC_X16_Y4_N7; Fanout = 1; COMB Node = 'lpm_divide:Div0|lpm_divide_f5m:auto_generated|sign_div_unsign_bkh:divider|alt_u_div_6oe:divider|add_sub_6dc:add_sub_3|add_sub_cella[2]~20COUT1_38'
    Info: 7: + IC(0.000 ns) + CELL(0.608 ns) = 10.218 ns; Loc. = LC_X16_Y4_N8; Fanout = 12; COMB Node = 'lpm_divide:Div0|lpm_divide_f5m:auto_generated|sign_div_unsign_bkh:divider|alt_u_div_6oe:divider|add_sub_6dc:add_sub_3|add_sub_cella[2]~17'
    Info: 8: + IC(0.426 ns) + CELL(0.442 ns) = 11.086 ns; Loc. = LC_X16_Y4_N3; Fanout = 2; COMB Node = 'lpm_divide:Div0|lpm_divide_f5m:auto_generated|sign_div_unsign_bkh:divider|alt_u_div_6oe:divider|StageOut[18]~46'
    Info: 9: + IC(0.717 ns) + CELL(0.575 ns) = 12.378 ns; Loc. = LC_X15_Y4_N3; Fanout = 1; COMB Node = 'lpm_divide:Div0|lpm_divide_f5m:auto_generated|sign_div_unsign_bkh:divider|alt_u_div_6oe:divider|add_sub_7dc:add_sub_4|add_sub_cella[2]~25COUT1_48'
    Info: 10: + IC(0.000 ns) + CELL(0.608 ns) = 12.986 ns; Loc. = LC_X15_Y4_N4; Fanout = 12; COMB Node = 'lpm_divide:Div0|lpm_divide_f5m:auto_generated|sign_div_unsign_bkh:divider|alt_u_div_6oe:divider|add_sub_7dc:add_sub_4|add_sub_cella[2]~22'
    Info: 11: + IC(1.260 ns) + CELL(0.292 ns) = 14.538 ns; Loc. = LC_X15_Y3_N4; Fanout = 3; COMB Node = 'lpm_divide:Div0|lpm_divide_f5m:auto_generated|sign_div_unsign_bkh:divider|alt_u_div_6oe:divider|StageOut[21]~33'
    Info: 12: + IC(1.224 ns) + CELL(0.575 ns) = 16.337 ns; Loc. = LC_X15_Y5_N6; Fanout = 2; COMB Node = 'lpm_divide:Div0|lpm_divide_f5m:auto_generated|sign_div_unsign_bkh:divider|alt_u_div_6oe:divider|add_sub_7dc:add_sub_5|add_sub_cella[2]~27COUT1_44'
    Info: 13: + IC(0.000 ns) + CELL(0.080 ns) = 16.417 ns; Loc. = LC_X15_Y5_N7; Fanout = 1; COMB Node = 'lpm_divide:Div0|lpm_divide_f5m:auto_generated|sign_div_unsign_bkh:divider|alt_u_div_6oe:divider|add_sub_7dc:add_sub_5|add_sub_cella[2]~29COUT1_46'
    Info: 14: + IC(0.000 ns) + CELL(0.080 ns) = 16.497 ns; Loc. = LC_X15_Y5_N8; Fanout = 1; COMB Node = 'lpm_divide:Div0|lpm_divide_f5m:auto_generated|sign_div_unsign_bkh:divider|alt_u_div_6oe:divider|add_sub_7dc:add_sub_5|add_sub_cella[2]~25COUT1_48'
    Info: 15: + IC(0.000 ns) + CELL(0.608 ns) = 17.105 ns; Loc. = LC_X15_Y5_N9; Fanout = 14; COMB Node = 'lpm_divide:Div0|lpm_divide_f5m:auto_generated|sign_div_unsign_bkh:divider|alt_u_div_6oe:divider|add_sub_7dc:add_sub_5|add_sub_cella[2]~22'
    Info: 16: + IC(1.307 ns) + CELL(0.590 ns) = 19.002 ns; Loc. = LC_X12_Y5_N0; Fanout = 3; COMB Node = 'lpm_divide:Div0|lpm_divide_f5m:auto_generated|sign_div_unsign_bkh:divider|alt_u_div_6oe:divider|StageOut[26]~28'
    Info: 17: + IC(0.747 ns) + CELL(0.575 ns) = 20.324 ns; Loc. = LC_X12_Y5_N6; Fanout = 2; COMB Node = 'lpm_divide:Div0|lpm_divide_f5m:auto_generated|sign_div_unsign_bkh:divider|alt_u_div_6oe:divider|add_sub_7dc:add_sub_6|add_sub_cella[2]~29COUT1_44'
    Info: 18: + IC(0.000 ns) + CELL(0.080 ns) = 20.404 ns; Loc. = LC_X12_Y5_N7; Fanout = 1; COMB Node = 'lpm_divide:Div0|lpm_divide_f5m:auto_generated|sign_div_unsign_bkh:divider|alt_u_div_6oe:divider|add_sub_7dc:add_sub_6|add_sub_cella[2]~27COUT1_46'
    Info: 19: + IC(0.000 ns) + CELL(0.080 ns) = 20.484 ns; Loc. = LC_X12_Y5_N8; Fanout = 1; COMB Node = 'lpm_divide:Div0|lpm_divide_f5m:auto_generated|sign_div_unsign_bkh:divider|alt_u_div_6oe:divider|add_sub_7dc:add_sub_6|add_sub_cella[2]~25COUT1_48'
    Info: 20: + IC(0.000 ns) + CELL(0.608 ns) = 21.092 ns; Loc. = LC_X12_Y5_N9; Fanout = 12; COMB Node = 'lpm_divide:Div0|lpm_divide_f5m:auto_generated|sign_div_unsign_bkh:divider|alt_u_div_6oe:divider|add_sub_7dc:add_sub_6|add_sub_cella[2]~22'
    Info: 21: + IC(1.275 ns) + CELL(0.575 ns) = 22.942 ns; Loc. = LC_X11_Y6_N3; Fanout = 1; COMB Node = 'lpm_divide:Mod1|lpm_divide_itl:auto_generated|sign_div_unsign_bkh:divider|alt_u_div_6oe:divider|add_sub_7dc:add_sub_7|add_sub_cella[1]~COUTCOUT1_50'
    Info: 22: + IC(0.000 ns) + CELL(0.608 ns) = 23.550 ns; Loc. = LC_X11_Y6_N4; Fanout = 2; COMB Node = 'lpm_divide:Mod1|lpm_divide_itl:auto_generated|sign_div_unsign_bkh:divider|alt_u_div_6oe:divider|add_sub_7dc:add_sub_7|add_sub_cella[2]~34'
    Info: 23: + IC(1.944 ns) + CELL(0.432 ns) = 25.926 ns; Loc. = LC_X16_Y5_N0; Fanout = 2; COMB Node = 'lpm_divide:Mod1|lpm_divide_itl:auto_generated|sign_div_unsign_bkh:divider|alt_u_div_6oe:divider|add_sub_7dc:add_sub_7|add_sub_cella[2]~31COUT1_42'
    Info: 24: + IC(0.000 ns) + CELL(0.080 ns) = 26.006 ns; Loc. = LC_X16_Y5_N1; Fanout = 2; COMB Node = 'lpm_divide:Mod1|lpm_divide_itl:auto_generated|sign_div_unsign_bkh:divider|alt_u_div_6oe:divider|add_sub_7dc:add_sub_7|add_sub_cella[2]~25COUT1_44'
    Info: 25: + IC(0.000 ns) + CELL(0.080 ns) = 26.086 ns; Loc. = LC_X16_Y5_N2; Fanout = 1; COMB Node = 'lpm_divide:Mod1|lpm_divide_itl:auto_generated|sign_div_unsign_bkh:divider|alt_u_div_6oe:divider|add_sub_7dc:add_sub_7|add_sub_cella[2]~27COUT1_46'
    Info: 26: + IC(0.000 ns) + CELL(0.080 ns) = 26.166 ns; Loc. = LC_X16_Y5_N3; Fanout = 1; COMB Node = 'lpm_divide:Mod1|lpm_divide_itl:auto_generated|sign_div_unsign_bkh:divider|alt_u_div_6oe:divider|add_sub_7dc:add_sub_7|add_sub_cella[2]~29COUT1_48'
    Info: 27: + IC(0.000 ns) + CELL(0.608 ns) = 26.774 ns; Loc. = LC_X16_Y5_N4; Fanout = 3; COMB Node = 'lpm_divide:Mod1|lpm_divide_itl:auto_generated|sign_div_unsign_bkh:divider|alt_u_div_6oe:divider|add_sub_7dc:add_sub_7|add_sub_cella[2]~22'
    Info: 28: + IC(0.426 ns) + CELL(0.442 ns) = 27.642 ns; Loc. = LC_X16_Y5_N8; Fanout = 7; COMB Node = 'lpm_divide:Mod1|lpm_divide_itl:auto_generated|sign_div_unsign_bkh:divider|alt_u_div_6oe:divider|StageOut[36]~80'
    Info: 29: + IC(1.694 ns) + CELL(0.590 ns) = 29.926 ns; Loc. = LC_X21_Y7_N6; Fanout = 1; COMB Node = 'WideOr11~0'
    Info: 30: + IC(1.191 ns) + CELL(0.442 ns) = 31.559 ns; Loc. = LC_X21_Y9_N8; Fanout = 1; COMB Node = 'seg_out~20'
    Info: 31: + IC(1.271 ns) + CELL(0.292 ns) = 33.122 ns; Loc. = LC_X20_Y7_N1; Fanout = 1; COMB Node = 'seg_out~22'
    Info: 32: + IC(2.657 ns) + CELL(2.108 ns) = 37.887 ns; Loc. = PIN_127; Fanout = 0; PIN Node = 'seg_out[2]'
    Info: Total cell delay = 15.388 ns ( 40.62 % )
    Info: Total interconnect delay = 22.499 ns ( 59.38 % )
Info: th for register "cnt8[0]" (data pin = "rst_n", clock pin = "clkin") is 6.012 ns
    Info: + Longest clock path from clock "clkin" to destination register is 8.801 ns
        Info: 1: + IC(0.000 ns) + CELL(1.469 ns) = 1.469 ns; Loc. = PIN_16; Fanout = 33; CLK Node = 'clkin'
        Info: 2: + IC(0.603 ns) + CELL(0.935 ns) = 3.007 ns; Loc. = LC_X17_Y8_N7; Fanout = 3; REG Node = 'clk1ms'
        Info: 3: + IC(5.083 ns) + CELL(0.711 ns) = 8.801 ns; Loc. = LC_X21_Y8_N2; Fanout = 22; REG Node = 'cnt8[0]'
        Info: Total cell delay = 3.115 ns ( 35.39 % )
        Info: Total interconnect delay = 5.686 ns ( 64.61 % )
    Info: + Micro hold delay of destination is 0.015 ns
    Info: - Shortest pin to register delay is 2.804 ns
        Info: 1: + IC(0.000 ns) + CELL(1.475 ns) = 1.475 ns; Loc. = PIN_47; Fanout = 51; PIN Node = 'rst_n'
        Info: 2: + IC(1.020 ns) + CELL(0.309 ns) = 2.804 ns; Loc. = LC_X21_Y8_N2; Fanout = 22; REG Node = 'cnt8[0]'
        Info: Total cell delay = 1.784 ns ( 63.62 % )
        Info: Total interconnect delay = 1.020 ns ( 36.38 % )
Info: Quartus II Classic Timing Analyzer was successful. 0 errors, 2 warnings
    Info: Peak virtual memory: 185 megabytes
    Info: Processing ended: Sat Dec 10 09:31:47 2022
    Info: Elapsed time: 00:00:00
    Info: Total CPU time (on all processors): 00:00:00


