Flow report for myTwoSeg7
Sat Dec 10 09:31:47 2022
Quartus II Version 9.0 Build 132 02/25/2009 SJ Full Version


---------------------
; Table of Contents ;
---------------------
  1. Legal Notice
  2. Flow Summary
  3. Flow Settings
  4. Flow Non-Default Global Settings
  5. Flow Elapsed Time
  6. Flow OS Summary
  7. Flow Log



----------------
; Legal Notice ;
----------------
Copyright (C) 1991-2009 Altera Corporation
Your use of Altera Corporation's design tools, logic functions 
and other software and tools, and its AMPP partner logic 
functions, and any output files from any of the foregoing 
(including device programming or simulation files), and any 
associated documentation or information are expressly subject 
to the terms and conditions of the Altera Program License 
Subscription Agreement, Altera MegaCore Function License 
Agreement, or other applicable license agreement, including, 
without limitation, that your use is for the sole purpose of 
programming logic devices manufactured by Altera and sold by 
Altera or its authorized distributors.  Please refer to the 
applicable agreement for further details.



+--------------------------------------------------------------------+
; Flow Summary                                                       ;
+-------------------------+------------------------------------------+
; Flow Status             ; Successful - Sat Dec 10 09:31:47 2022    ;
; Quartus II Version      ; 9.0 Build 132 02/25/2009 SJ Full Version ;
; Revision Name           ; myTwoSeg7                                ;
; Top-level Entity Name   ; myTwoSeg7                                ;
; Family                  ; Cyclone                                  ;
; Device                  ; EP1C3T144C8                              ;
; Timing Models           ; Final                                    ;
; Met timing requirements ; Yes                                      ;
; Total logic elements    ; 281 / 2,910 ( 10 % )                     ;
; Total pins              ; 26 / 104 ( 25 % )                        ;
; Total virtual pins      ; 0                                        ;
; Total memory bits       ; 0 / 59,904 ( 0 % )                       ;
; Total PLLs              ; 0 / 1 ( 0 % )                            ;
+-------------------------+------------------------------------------+


+-----------------------------------------+
; Flow Settings                           ;
+-------------------+---------------------+
; Option            ; Setting             ;
+-------------------+---------------------+
; Start date & time ; 12/10/2022 09:31:33 ;
; Main task         ; Compilation         ;
; Revision Name     ; myTwoSeg7           ;
+-------------------+---------------------+


+-------------------------------------------------------------------------------------------------------------------------------------------+
; Flow Non-Default Global Settings                                                                                                          ;
+------------------------------------+-------------------------------------------------------+---------------+-------------+----------------+
; Assignment Name                    ; Value                                                 ; Default Value ; Entity Name ; Section Id     ;
+------------------------------------+-------------------------------------------------------+---------------+-------------+----------------+
; COMPILER_SIGNATURE_ID              ; 345052807169.167063589319564                          ; --            ; --          ; --             ;
; MAX_CORE_JUNCTION_TEMP             ; 85                                                    ; --            ; --          ; --             ;
; MIN_CORE_JUNCTION_TEMP             ; 0                                                     ; --            ; --          ; --             ;
; MISC_FILE                          ; D:/˝˛Ňĺ/Ęý×ÖÂßĽ­/ĘµŃé/Verilog/myTwoSeg7/myTwoSeg7.dpf ; --            ; --          ; --             ;
; PARTITION_COLOR                    ; 16764057                                              ; --            ; --          ; Top            ;
; PARTITION_NETLIST_TYPE             ; SOURCE                                                ; --            ; --          ; Top            ;
; USE_GENERATED_PHYSICAL_CONSTRAINTS ; Off                                                   ; --            ; --          ; eda_blast_fpga ;
+------------------------------------+-------------------------------------------------------+---------------+-------------+----------------+


+-----------------------------------------------------------------------------------------------------------------------------+
; Flow Elapsed Time                                                                                                           ;
+-------------------------+--------------+-------------------------+---------------------+------------------------------------+
; Module Name             ; Elapsed Time ; Average Processors Used ; Peak Virtual Memory ; Total CPU Time (on all processors) ;
+-------------------------+--------------+-------------------------+---------------------+------------------------------------+
; Analysis & Synthesis    ; 00:00:04     ; 1.0                     ; 226 MB              ; 00:00:02                           ;
; Fitter                  ; 00:00:02     ; 1.0                     ; 270 MB              ; 00:00:01                           ;
; Assembler               ; 00:00:02     ; 1.0                     ; 203 MB              ; 00:00:01                           ;
; Classic Timing Analyzer ; 00:00:00     ; 1.0                     ; 172 MB              ; 00:00:00                           ;
; Total                   ; 00:00:08     ; --                      ; --                  ; 00:00:04                           ;
+-------------------------+--------------+-------------------------+---------------------+------------------------------------+


+------------------------------------------------------------------------------------------+
; Flow OS Summary                                                                          ;
+-------------------------+------------------+---------------+------------+----------------+
; Module Name             ; Machine Hostname ; OS Name       ; OS Version ; Processor type ;
+-------------------------+------------------+---------------+------------+----------------+
; Analysis & Synthesis    ; LAPTOP-ENN79HUA  ; Windows Vista ; 6.2        ; x86_64         ;
; Fitter                  ; LAPTOP-ENN79HUA  ; Windows Vista ; 6.2        ; x86_64         ;
; Assembler               ; LAPTOP-ENN79HUA  ; Windows Vista ; 6.2        ; x86_64         ;
; Classic Timing Analyzer ; LAPTOP-ENN79HUA  ; Windows Vista ; 6.2        ; x86_64         ;
+-------------------------+------------------+---------------+------------+----------------+


------------
; Flow Log ;
------------
quartus_map --read_settings_files=on --write_settings_files=off myTwoSeg7 -c myTwoSeg7
quartus_fit --read_settings_files=off --write_settings_files=off myTwoSeg7 -c myTwoSeg7
quartus_asm --read_settings_files=off --write_settings_files=off myTwoSeg7 -c myTwoSeg7
quartus_tan --read_settings_files=off --write_settings_files=off myTwoSeg7 -c myTwoSeg7 --timing_analysis_only



