Classic Timing Analyzer report for exp2_3
Fri Dec 02 11:30:56 2022
Quartus II Version 9.0 Build 132 02/25/2009 SJ Full Version


---------------------
; Table of Contents ;
---------------------
  1. Legal Notice
  2. Timing Analyzer Summary
  3. Timing Analyzer Settings
  4. Clock Settings Summary
  5. Parallel Compilation
  6. Clock Setup: 'CLK'
  7. tco
  8. Timing Analyzer Messages



----------------
; Legal Notice ;
----------------
Copyright (C) 1991-2009 Altera Corporation
Your use of Altera Corporation's design tools, logic functions 
and other software and tools, and its AMPP partner logic 
functions, and any output files from any of the foregoing 
(including device programming or simulation files), and any 
associated documentation or information are expressly subject 
to the terms and conditions of the Altera Program License 
Subscription Agreement, Altera MegaCore Function License 
Agreement, or other applicable license agreement, including, 
without limitation, that your use is for the sole purpose of 
programming logic devices manufactured by Altera and sold by 
Altera or its authorized distributors.  Please refer to the 
applicable agreement for further details.



+--------------------------------------------------------------------------------------------------------------------------------------------------------------------------------------+
; Timing Analyzer Summary                                                                                                                                                              ;
+------------------------------+-------+---------------+----------------------------------+--------------------------+--------------------------+------------+----------+--------------+
; Type                         ; Slack ; Required Time ; Actual Time                      ; From                     ; To                       ; From Clock ; To Clock ; Failed Paths ;
+------------------------------+-------+---------------+----------------------------------+--------------------------+--------------------------+------------+----------+--------------+
; Worst-case tco               ; N/A   ; None          ; 15.253 ns                        ; myD:inst8|q              ; T4                       ; CLK        ; --       ; 0            ;
; Clock Setup: 'CLK'           ; N/A   ; None          ; 134.57 MHz ( period = 7.431 ns ) ; Div100Hz:inst|cnt20M[25] ; Div100Hz:inst|cnt20M[16] ; CLK        ; CLK      ; 0            ;
; Total number of failed paths ;       ;               ;                                  ;                          ;                          ;            ;          ; 0            ;
+------------------------------+-------+---------------+----------------------------------+--------------------------+--------------------------+------------+----------+--------------+


+--------------------------------------------------------------------------------------------------------------------+
; Timing Analyzer Settings                                                                                           ;
+---------------------------------------------------------------------+--------------------+------+----+-------------+
; Option                                                              ; Setting            ; From ; To ; Entity Name ;
+---------------------------------------------------------------------+--------------------+------+----+-------------+
; Device Name                                                         ; EP1C3T144C8        ;      ;    ;             ;
; Timing Models                                                       ; Final              ;      ;    ;             ;
; Default hold multicycle                                             ; Same as Multicycle ;      ;    ;             ;
; Cut paths between unrelated clock domains                           ; On                 ;      ;    ;             ;
; Cut off read during write signal paths                              ; On                 ;      ;    ;             ;
; Cut off feedback from I/O pins                                      ; On                 ;      ;    ;             ;
; Report Combined Fast/Slow Timing                                    ; Off                ;      ;    ;             ;
; Ignore Clock Settings                                               ; Off                ;      ;    ;             ;
; Analyze latches as synchronous elements                             ; On                 ;      ;    ;             ;
; Enable Recovery/Removal analysis                                    ; Off                ;      ;    ;             ;
; Enable Clock Latency                                                ; Off                ;      ;    ;             ;
; Use TimeQuest Timing Analyzer                                       ; Off                ;      ;    ;             ;
; Minimum Core Junction Temperature                                   ; 0                  ;      ;    ;             ;
; Maximum Core Junction Temperature                                   ; 85                 ;      ;    ;             ;
; Number of source nodes to report per destination node               ; 10                 ;      ;    ;             ;
; Number of destination nodes to report                               ; 10                 ;      ;    ;             ;
; Number of paths to report                                           ; 200                ;      ;    ;             ;
; Report Minimum Timing Checks                                        ; Off                ;      ;    ;             ;
; Use Fast Timing Models                                              ; Off                ;      ;    ;             ;
; Report IO Paths Separately                                          ; Off                ;      ;    ;             ;
; Perform Multicorner Analysis                                        ; Off                ;      ;    ;             ;
; Reports the worst-case path for each clock domain and analysis      ; Off                ;      ;    ;             ;
; Removes common clock path pessimism (CCPP) during slack computation ; Off                ;      ;    ;             ;
; Output I/O Timing Endpoint                                          ; Near End           ;      ;    ;             ;
+---------------------------------------------------------------------+--------------------+------+----+-------------+


+------------------------------------------------------------------------------------------------------------------------------------------------------------------------------------+
; Clock Settings Summary                                                                                                                                                             ;
+-----------------+--------------------+----------+------------------+---------------+--------------+----------+-----------------------+---------------------+--------+--------------+
; Clock Node Name ; Clock Setting Name ; Type     ; Fmax Requirement ; Early Latency ; Late Latency ; Based on ; Multiply Base Fmax by ; Divide Base Fmax by ; Offset ; Phase offset ;
+-----------------+--------------------+----------+------------------+---------------+--------------+----------+-----------------------+---------------------+--------+--------------+
; CLK             ;                    ; User Pin ; None             ; 0.000 ns      ; 0.000 ns     ; --       ; N/A                   ; N/A                 ; N/A    ;              ;
+-----------------+--------------------+----------+------------------+---------------+--------------+----------+-----------------------+---------------------+--------+--------------+


+------------------------------------------+
; Parallel Compilation                     ;
+----------------------------+-------------+
; Processors                 ; Number      ;
+----------------------------+-------------+
; Number detected on machine ; 8           ;
; Maximum allowed            ; 4           ;
;                            ;             ;
; Average used               ; 1.00        ;
; Maximum used               ; 1           ;
;                            ;             ;
; Usage by Processor         ; % Time Used ;
;     1 processor            ; 100.0%      ;
;     2-8 processors         ;   0.0%      ;
+----------------------------+-------------+


+-----------------------------------------------------------------------------------------------------------------------------------------------------------------------------------------------------------------------------------------------------------------+
; Clock Setup: 'CLK'                                                                                                                                                                                                                                              ;
+-----------------------------------------+-----------------------------------------------------+--------------------------+--------------------------+------------+----------+-----------------------------+---------------------------+-------------------------+
; Slack                                   ; Actual fmax (period)                                ; From                     ; To                       ; From Clock ; To Clock ; Required Setup Relationship ; Required Longest P2P Time ; Actual Longest P2P Time ;
+-----------------------------------------+-----------------------------------------------------+--------------------------+--------------------------+------------+----------+-----------------------------+---------------------------+-------------------------+
; N/A                                     ; 134.57 MHz ( period = 7.431 ns )                    ; Div100Hz:inst|cnt20M[25] ; Div100Hz:inst|cnt20M[25] ; CLK        ; CLK      ; None                        ; None                      ; 7.170 ns                ;
; N/A                                     ; 134.57 MHz ( period = 7.431 ns )                    ; Div100Hz:inst|cnt20M[25] ; Div100Hz:inst|cnt20M[20] ; CLK        ; CLK      ; None                        ; None                      ; 7.170 ns                ;
; N/A                                     ; 134.57 MHz ( period = 7.431 ns )                    ; Div100Hz:inst|cnt20M[25] ; Div100Hz:inst|cnt20M[24] ; CLK        ; CLK      ; None                        ; None                      ; 7.170 ns                ;
; N/A                                     ; 134.57 MHz ( period = 7.431 ns )                    ; Div100Hz:inst|cnt20M[25] ; Div100Hz:inst|cnt20M[23] ; CLK        ; CLK      ; None                        ; None                      ; 7.170 ns                ;
; N/A                                     ; 134.57 MHz ( period = 7.431 ns )                    ; Div100Hz:inst|cnt20M[25] ; Div100Hz:inst|cnt20M[22] ; CLK        ; CLK      ; None                        ; None                      ; 7.170 ns                ;
; N/A                                     ; 134.57 MHz ( period = 7.431 ns )                    ; Div100Hz:inst|cnt20M[25] ; Div100Hz:inst|cnt20M[21] ; CLK        ; CLK      ; None                        ; None                      ; 7.170 ns                ;
; N/A                                     ; 134.57 MHz ( period = 7.431 ns )                    ; Div100Hz:inst|cnt20M[25] ; Div100Hz:inst|cnt20M[19] ; CLK        ; CLK      ; None                        ; None                      ; 7.170 ns                ;
; N/A                                     ; 134.57 MHz ( period = 7.431 ns )                    ; Div100Hz:inst|cnt20M[25] ; Div100Hz:inst|cnt20M[18] ; CLK        ; CLK      ; None                        ; None                      ; 7.170 ns                ;
; N/A                                     ; 134.57 MHz ( period = 7.431 ns )                    ; Div100Hz:inst|cnt20M[25] ; Div100Hz:inst|cnt20M[17] ; CLK        ; CLK      ; None                        ; None                      ; 7.170 ns                ;
; N/A                                     ; 134.57 MHz ( period = 7.431 ns )                    ; Div100Hz:inst|cnt20M[25] ; Div100Hz:inst|cnt20M[16] ; CLK        ; CLK      ; None                        ; None                      ; 7.170 ns                ;
; N/A                                     ; 134.61 MHz ( period = 7.429 ns )                    ; Div100Hz:inst|cnt20M[25] ; Div100Hz:inst|cnt20M[15] ; CLK        ; CLK      ; None                        ; None                      ; 7.168 ns                ;
; N/A                                     ; 134.61 MHz ( period = 7.429 ns )                    ; Div100Hz:inst|cnt20M[25] ; Div100Hz:inst|cnt20M[7]  ; CLK        ; CLK      ; None                        ; None                      ; 7.168 ns                ;
; N/A                                     ; 134.61 MHz ( period = 7.429 ns )                    ; Div100Hz:inst|cnt20M[25] ; Div100Hz:inst|cnt20M[6]  ; CLK        ; CLK      ; None                        ; None                      ; 7.168 ns                ;
; N/A                                     ; 134.61 MHz ( period = 7.429 ns )                    ; Div100Hz:inst|cnt20M[25] ; Div100Hz:inst|cnt20M[8]  ; CLK        ; CLK      ; None                        ; None                      ; 7.168 ns                ;
; N/A                                     ; 134.61 MHz ( period = 7.429 ns )                    ; Div100Hz:inst|cnt20M[25] ; Div100Hz:inst|cnt20M[9]  ; CLK        ; CLK      ; None                        ; None                      ; 7.168 ns                ;
; N/A                                     ; 134.61 MHz ( period = 7.429 ns )                    ; Div100Hz:inst|cnt20M[25] ; Div100Hz:inst|cnt20M[10] ; CLK        ; CLK      ; None                        ; None                      ; 7.168 ns                ;
; N/A                                     ; 134.61 MHz ( period = 7.429 ns )                    ; Div100Hz:inst|cnt20M[25] ; Div100Hz:inst|cnt20M[11] ; CLK        ; CLK      ; None                        ; None                      ; 7.168 ns                ;
; N/A                                     ; 134.61 MHz ( period = 7.429 ns )                    ; Div100Hz:inst|cnt20M[25] ; Div100Hz:inst|cnt20M[13] ; CLK        ; CLK      ; None                        ; None                      ; 7.168 ns                ;
; N/A                                     ; 134.61 MHz ( period = 7.429 ns )                    ; Div100Hz:inst|cnt20M[25] ; Div100Hz:inst|cnt20M[12] ; CLK        ; CLK      ; None                        ; None                      ; 7.168 ns                ;
; N/A                                     ; 134.61 MHz ( period = 7.429 ns )                    ; Div100Hz:inst|cnt20M[25] ; Div100Hz:inst|cnt20M[14] ; CLK        ; CLK      ; None                        ; None                      ; 7.168 ns                ;
; N/A                                     ; 134.81 MHz ( period = 7.418 ns )                    ; Div100Hz:inst|cnt20M[25] ; Div100Hz:inst|cnt20M[31] ; CLK        ; CLK      ; None                        ; None                      ; 7.157 ns                ;
; N/A                                     ; 134.81 MHz ( period = 7.418 ns )                    ; Div100Hz:inst|cnt20M[25] ; Div100Hz:inst|cnt20M[26] ; CLK        ; CLK      ; None                        ; None                      ; 7.157 ns                ;
; N/A                                     ; 134.81 MHz ( period = 7.418 ns )                    ; Div100Hz:inst|cnt20M[25] ; Div100Hz:inst|cnt20M[27] ; CLK        ; CLK      ; None                        ; None                      ; 7.157 ns                ;
; N/A                                     ; 134.81 MHz ( period = 7.418 ns )                    ; Div100Hz:inst|cnt20M[25] ; Div100Hz:inst|cnt20M[28] ; CLK        ; CLK      ; None                        ; None                      ; 7.157 ns                ;
; N/A                                     ; 134.81 MHz ( period = 7.418 ns )                    ; Div100Hz:inst|cnt20M[25] ; Div100Hz:inst|cnt20M[29] ; CLK        ; CLK      ; None                        ; None                      ; 7.157 ns                ;
; N/A                                     ; 134.81 MHz ( period = 7.418 ns )                    ; Div100Hz:inst|cnt20M[25] ; Div100Hz:inst|cnt20M[30] ; CLK        ; CLK      ; None                        ; None                      ; 7.157 ns                ;
; N/A                                     ; 135.87 MHz ( period = 7.360 ns )                    ; Div100Hz:inst|cnt20M[12] ; Div100Hz:inst|cnt20M[25] ; CLK        ; CLK      ; None                        ; None                      ; 7.099 ns                ;
; N/A                                     ; 135.87 MHz ( period = 7.360 ns )                    ; Div100Hz:inst|cnt20M[12] ; Div100Hz:inst|cnt20M[20] ; CLK        ; CLK      ; None                        ; None                      ; 7.099 ns                ;
; N/A                                     ; 135.87 MHz ( period = 7.360 ns )                    ; Div100Hz:inst|cnt20M[12] ; Div100Hz:inst|cnt20M[24] ; CLK        ; CLK      ; None                        ; None                      ; 7.099 ns                ;
; N/A                                     ; 135.87 MHz ( period = 7.360 ns )                    ; Div100Hz:inst|cnt20M[12] ; Div100Hz:inst|cnt20M[23] ; CLK        ; CLK      ; None                        ; None                      ; 7.099 ns                ;
; N/A                                     ; 135.87 MHz ( period = 7.360 ns )                    ; Div100Hz:inst|cnt20M[12] ; Div100Hz:inst|cnt20M[22] ; CLK        ; CLK      ; None                        ; None                      ; 7.099 ns                ;
; N/A                                     ; 135.87 MHz ( period = 7.360 ns )                    ; Div100Hz:inst|cnt20M[12] ; Div100Hz:inst|cnt20M[21] ; CLK        ; CLK      ; None                        ; None                      ; 7.099 ns                ;
; N/A                                     ; 135.87 MHz ( period = 7.360 ns )                    ; Div100Hz:inst|cnt20M[12] ; Div100Hz:inst|cnt20M[19] ; CLK        ; CLK      ; None                        ; None                      ; 7.099 ns                ;
; N/A                                     ; 135.87 MHz ( period = 7.360 ns )                    ; Div100Hz:inst|cnt20M[12] ; Div100Hz:inst|cnt20M[18] ; CLK        ; CLK      ; None                        ; None                      ; 7.099 ns                ;
; N/A                                     ; 135.87 MHz ( period = 7.360 ns )                    ; Div100Hz:inst|cnt20M[12] ; Div100Hz:inst|cnt20M[17] ; CLK        ; CLK      ; None                        ; None                      ; 7.099 ns                ;
; N/A                                     ; 135.87 MHz ( period = 7.360 ns )                    ; Div100Hz:inst|cnt20M[12] ; Div100Hz:inst|cnt20M[16] ; CLK        ; CLK      ; None                        ; None                      ; 7.099 ns                ;
; N/A                                     ; 135.91 MHz ( period = 7.358 ns )                    ; Div100Hz:inst|cnt20M[12] ; Div100Hz:inst|cnt20M[15] ; CLK        ; CLK      ; None                        ; None                      ; 7.097 ns                ;
; N/A                                     ; 135.91 MHz ( period = 7.358 ns )                    ; Div100Hz:inst|cnt20M[12] ; Div100Hz:inst|cnt20M[7]  ; CLK        ; CLK      ; None                        ; None                      ; 7.097 ns                ;
; N/A                                     ; 135.91 MHz ( period = 7.358 ns )                    ; Div100Hz:inst|cnt20M[12] ; Div100Hz:inst|cnt20M[6]  ; CLK        ; CLK      ; None                        ; None                      ; 7.097 ns                ;
; N/A                                     ; 135.91 MHz ( period = 7.358 ns )                    ; Div100Hz:inst|cnt20M[12] ; Div100Hz:inst|cnt20M[8]  ; CLK        ; CLK      ; None                        ; None                      ; 7.097 ns                ;
; N/A                                     ; 135.91 MHz ( period = 7.358 ns )                    ; Div100Hz:inst|cnt20M[12] ; Div100Hz:inst|cnt20M[9]  ; CLK        ; CLK      ; None                        ; None                      ; 7.097 ns                ;
; N/A                                     ; 135.91 MHz ( period = 7.358 ns )                    ; Div100Hz:inst|cnt20M[12] ; Div100Hz:inst|cnt20M[10] ; CLK        ; CLK      ; None                        ; None                      ; 7.097 ns                ;
; N/A                                     ; 135.91 MHz ( period = 7.358 ns )                    ; Div100Hz:inst|cnt20M[12] ; Div100Hz:inst|cnt20M[11] ; CLK        ; CLK      ; None                        ; None                      ; 7.097 ns                ;
; N/A                                     ; 135.91 MHz ( period = 7.358 ns )                    ; Div100Hz:inst|cnt20M[12] ; Div100Hz:inst|cnt20M[13] ; CLK        ; CLK      ; None                        ; None                      ; 7.097 ns                ;
; N/A                                     ; 135.91 MHz ( period = 7.358 ns )                    ; Div100Hz:inst|cnt20M[12] ; Div100Hz:inst|cnt20M[12] ; CLK        ; CLK      ; None                        ; None                      ; 7.097 ns                ;
; N/A                                     ; 135.91 MHz ( period = 7.358 ns )                    ; Div100Hz:inst|cnt20M[12] ; Div100Hz:inst|cnt20M[14] ; CLK        ; CLK      ; None                        ; None                      ; 7.097 ns                ;
; N/A                                     ; 136.11 MHz ( period = 7.347 ns )                    ; Div100Hz:inst|cnt20M[12] ; Div100Hz:inst|cnt20M[31] ; CLK        ; CLK      ; None                        ; None                      ; 7.086 ns                ;
; N/A                                     ; 136.11 MHz ( period = 7.347 ns )                    ; Div100Hz:inst|cnt20M[12] ; Div100Hz:inst|cnt20M[26] ; CLK        ; CLK      ; None                        ; None                      ; 7.086 ns                ;
; N/A                                     ; 136.11 MHz ( period = 7.347 ns )                    ; Div100Hz:inst|cnt20M[12] ; Div100Hz:inst|cnt20M[27] ; CLK        ; CLK      ; None                        ; None                      ; 7.086 ns                ;
; N/A                                     ; 136.11 MHz ( period = 7.347 ns )                    ; Div100Hz:inst|cnt20M[12] ; Div100Hz:inst|cnt20M[28] ; CLK        ; CLK      ; None                        ; None                      ; 7.086 ns                ;
; N/A                                     ; 136.11 MHz ( period = 7.347 ns )                    ; Div100Hz:inst|cnt20M[12] ; Div100Hz:inst|cnt20M[29] ; CLK        ; CLK      ; None                        ; None                      ; 7.086 ns                ;
; N/A                                     ; 136.11 MHz ( period = 7.347 ns )                    ; Div100Hz:inst|cnt20M[12] ; Div100Hz:inst|cnt20M[30] ; CLK        ; CLK      ; None                        ; None                      ; 7.086 ns                ;
; N/A                                     ; 138.95 MHz ( period = 7.197 ns )                    ; Div100Hz:inst|cnt20M[14] ; Div100Hz:inst|cnt20M[25] ; CLK        ; CLK      ; None                        ; None                      ; 6.936 ns                ;
; N/A                                     ; 138.95 MHz ( period = 7.197 ns )                    ; Div100Hz:inst|cnt20M[14] ; Div100Hz:inst|cnt20M[20] ; CLK        ; CLK      ; None                        ; None                      ; 6.936 ns                ;
; N/A                                     ; 138.95 MHz ( period = 7.197 ns )                    ; Div100Hz:inst|cnt20M[14] ; Div100Hz:inst|cnt20M[24] ; CLK        ; CLK      ; None                        ; None                      ; 6.936 ns                ;
; N/A                                     ; 138.95 MHz ( period = 7.197 ns )                    ; Div100Hz:inst|cnt20M[14] ; Div100Hz:inst|cnt20M[23] ; CLK        ; CLK      ; None                        ; None                      ; 6.936 ns                ;
; N/A                                     ; 138.95 MHz ( period = 7.197 ns )                    ; Div100Hz:inst|cnt20M[14] ; Div100Hz:inst|cnt20M[22] ; CLK        ; CLK      ; None                        ; None                      ; 6.936 ns                ;
; N/A                                     ; 138.95 MHz ( period = 7.197 ns )                    ; Div100Hz:inst|cnt20M[14] ; Div100Hz:inst|cnt20M[21] ; CLK        ; CLK      ; None                        ; None                      ; 6.936 ns                ;
; N/A                                     ; 138.95 MHz ( period = 7.197 ns )                    ; Div100Hz:inst|cnt20M[14] ; Div100Hz:inst|cnt20M[19] ; CLK        ; CLK      ; None                        ; None                      ; 6.936 ns                ;
; N/A                                     ; 138.95 MHz ( period = 7.197 ns )                    ; Div100Hz:inst|cnt20M[14] ; Div100Hz:inst|cnt20M[18] ; CLK        ; CLK      ; None                        ; None                      ; 6.936 ns                ;
; N/A                                     ; 138.95 MHz ( period = 7.197 ns )                    ; Div100Hz:inst|cnt20M[14] ; Div100Hz:inst|cnt20M[17] ; CLK        ; CLK      ; None                        ; None                      ; 6.936 ns                ;
; N/A                                     ; 138.95 MHz ( period = 7.197 ns )                    ; Div100Hz:inst|cnt20M[14] ; Div100Hz:inst|cnt20M[16] ; CLK        ; CLK      ; None                        ; None                      ; 6.936 ns                ;
; N/A                                     ; 138.99 MHz ( period = 7.195 ns )                    ; Div100Hz:inst|cnt20M[14] ; Div100Hz:inst|cnt20M[15] ; CLK        ; CLK      ; None                        ; None                      ; 6.934 ns                ;
; N/A                                     ; 138.99 MHz ( period = 7.195 ns )                    ; Div100Hz:inst|cnt20M[14] ; Div100Hz:inst|cnt20M[7]  ; CLK        ; CLK      ; None                        ; None                      ; 6.934 ns                ;
; N/A                                     ; 138.99 MHz ( period = 7.195 ns )                    ; Div100Hz:inst|cnt20M[14] ; Div100Hz:inst|cnt20M[6]  ; CLK        ; CLK      ; None                        ; None                      ; 6.934 ns                ;
; N/A                                     ; 138.99 MHz ( period = 7.195 ns )                    ; Div100Hz:inst|cnt20M[14] ; Div100Hz:inst|cnt20M[8]  ; CLK        ; CLK      ; None                        ; None                      ; 6.934 ns                ;
; N/A                                     ; 138.99 MHz ( period = 7.195 ns )                    ; Div100Hz:inst|cnt20M[14] ; Div100Hz:inst|cnt20M[9]  ; CLK        ; CLK      ; None                        ; None                      ; 6.934 ns                ;
; N/A                                     ; 138.99 MHz ( period = 7.195 ns )                    ; Div100Hz:inst|cnt20M[14] ; Div100Hz:inst|cnt20M[10] ; CLK        ; CLK      ; None                        ; None                      ; 6.934 ns                ;
; N/A                                     ; 138.99 MHz ( period = 7.195 ns )                    ; Div100Hz:inst|cnt20M[14] ; Div100Hz:inst|cnt20M[11] ; CLK        ; CLK      ; None                        ; None                      ; 6.934 ns                ;
; N/A                                     ; 138.99 MHz ( period = 7.195 ns )                    ; Div100Hz:inst|cnt20M[14] ; Div100Hz:inst|cnt20M[13] ; CLK        ; CLK      ; None                        ; None                      ; 6.934 ns                ;
; N/A                                     ; 138.99 MHz ( period = 7.195 ns )                    ; Div100Hz:inst|cnt20M[14] ; Div100Hz:inst|cnt20M[12] ; CLK        ; CLK      ; None                        ; None                      ; 6.934 ns                ;
; N/A                                     ; 138.99 MHz ( period = 7.195 ns )                    ; Div100Hz:inst|cnt20M[14] ; Div100Hz:inst|cnt20M[14] ; CLK        ; CLK      ; None                        ; None                      ; 6.934 ns                ;
; N/A                                     ; 139.06 MHz ( period = 7.191 ns )                    ; Div100Hz:inst|cnt20M[28] ; Div100Hz:inst|cnt20M[25] ; CLK        ; CLK      ; None                        ; None                      ; 6.930 ns                ;
; N/A                                     ; 139.06 MHz ( period = 7.191 ns )                    ; Div100Hz:inst|cnt20M[28] ; Div100Hz:inst|cnt20M[20] ; CLK        ; CLK      ; None                        ; None                      ; 6.930 ns                ;
; N/A                                     ; 139.06 MHz ( period = 7.191 ns )                    ; Div100Hz:inst|cnt20M[28] ; Div100Hz:inst|cnt20M[24] ; CLK        ; CLK      ; None                        ; None                      ; 6.930 ns                ;
; N/A                                     ; 139.06 MHz ( period = 7.191 ns )                    ; Div100Hz:inst|cnt20M[28] ; Div100Hz:inst|cnt20M[23] ; CLK        ; CLK      ; None                        ; None                      ; 6.930 ns                ;
; N/A                                     ; 139.06 MHz ( period = 7.191 ns )                    ; Div100Hz:inst|cnt20M[28] ; Div100Hz:inst|cnt20M[22] ; CLK        ; CLK      ; None                        ; None                      ; 6.930 ns                ;
; N/A                                     ; 139.06 MHz ( period = 7.191 ns )                    ; Div100Hz:inst|cnt20M[28] ; Div100Hz:inst|cnt20M[21] ; CLK        ; CLK      ; None                        ; None                      ; 6.930 ns                ;
; N/A                                     ; 139.06 MHz ( period = 7.191 ns )                    ; Div100Hz:inst|cnt20M[28] ; Div100Hz:inst|cnt20M[19] ; CLK        ; CLK      ; None                        ; None                      ; 6.930 ns                ;
; N/A                                     ; 139.06 MHz ( period = 7.191 ns )                    ; Div100Hz:inst|cnt20M[28] ; Div100Hz:inst|cnt20M[18] ; CLK        ; CLK      ; None                        ; None                      ; 6.930 ns                ;
; N/A                                     ; 139.06 MHz ( period = 7.191 ns )                    ; Div100Hz:inst|cnt20M[28] ; Div100Hz:inst|cnt20M[17] ; CLK        ; CLK      ; None                        ; None                      ; 6.930 ns                ;
; N/A                                     ; 139.06 MHz ( period = 7.191 ns )                    ; Div100Hz:inst|cnt20M[28] ; Div100Hz:inst|cnt20M[16] ; CLK        ; CLK      ; None                        ; None                      ; 6.930 ns                ;
; N/A                                     ; 139.10 MHz ( period = 7.189 ns )                    ; Div100Hz:inst|cnt20M[28] ; Div100Hz:inst|cnt20M[15] ; CLK        ; CLK      ; None                        ; None                      ; 6.928 ns                ;
; N/A                                     ; 139.10 MHz ( period = 7.189 ns )                    ; Div100Hz:inst|cnt20M[28] ; Div100Hz:inst|cnt20M[7]  ; CLK        ; CLK      ; None                        ; None                      ; 6.928 ns                ;
; N/A                                     ; 139.10 MHz ( period = 7.189 ns )                    ; Div100Hz:inst|cnt20M[28] ; Div100Hz:inst|cnt20M[6]  ; CLK        ; CLK      ; None                        ; None                      ; 6.928 ns                ;
; N/A                                     ; 139.10 MHz ( period = 7.189 ns )                    ; Div100Hz:inst|cnt20M[28] ; Div100Hz:inst|cnt20M[8]  ; CLK        ; CLK      ; None                        ; None                      ; 6.928 ns                ;
; N/A                                     ; 139.10 MHz ( period = 7.189 ns )                    ; Div100Hz:inst|cnt20M[28] ; Div100Hz:inst|cnt20M[9]  ; CLK        ; CLK      ; None                        ; None                      ; 6.928 ns                ;
; N/A                                     ; 139.10 MHz ( period = 7.189 ns )                    ; Div100Hz:inst|cnt20M[28] ; Div100Hz:inst|cnt20M[10] ; CLK        ; CLK      ; None                        ; None                      ; 6.928 ns                ;
; N/A                                     ; 139.10 MHz ( period = 7.189 ns )                    ; Div100Hz:inst|cnt20M[28] ; Div100Hz:inst|cnt20M[11] ; CLK        ; CLK      ; None                        ; None                      ; 6.928 ns                ;
; N/A                                     ; 139.10 MHz ( period = 7.189 ns )                    ; Div100Hz:inst|cnt20M[28] ; Div100Hz:inst|cnt20M[13] ; CLK        ; CLK      ; None                        ; None                      ; 6.928 ns                ;
; N/A                                     ; 139.10 MHz ( period = 7.189 ns )                    ; Div100Hz:inst|cnt20M[28] ; Div100Hz:inst|cnt20M[12] ; CLK        ; CLK      ; None                        ; None                      ; 6.928 ns                ;
; N/A                                     ; 139.10 MHz ( period = 7.189 ns )                    ; Div100Hz:inst|cnt20M[28] ; Div100Hz:inst|cnt20M[14] ; CLK        ; CLK      ; None                        ; None                      ; 6.928 ns                ;
; N/A                                     ; 139.20 MHz ( period = 7.184 ns )                    ; Div100Hz:inst|cnt20M[14] ; Div100Hz:inst|cnt20M[31] ; CLK        ; CLK      ; None                        ; None                      ; 6.923 ns                ;
; N/A                                     ; 139.20 MHz ( period = 7.184 ns )                    ; Div100Hz:inst|cnt20M[14] ; Div100Hz:inst|cnt20M[26] ; CLK        ; CLK      ; None                        ; None                      ; 6.923 ns                ;
; N/A                                     ; 139.20 MHz ( period = 7.184 ns )                    ; Div100Hz:inst|cnt20M[14] ; Div100Hz:inst|cnt20M[27] ; CLK        ; CLK      ; None                        ; None                      ; 6.923 ns                ;
; N/A                                     ; 139.20 MHz ( period = 7.184 ns )                    ; Div100Hz:inst|cnt20M[14] ; Div100Hz:inst|cnt20M[28] ; CLK        ; CLK      ; None                        ; None                      ; 6.923 ns                ;
; N/A                                     ; 139.20 MHz ( period = 7.184 ns )                    ; Div100Hz:inst|cnt20M[14] ; Div100Hz:inst|cnt20M[29] ; CLK        ; CLK      ; None                        ; None                      ; 6.923 ns                ;
; N/A                                     ; 139.20 MHz ( period = 7.184 ns )                    ; Div100Hz:inst|cnt20M[14] ; Div100Hz:inst|cnt20M[30] ; CLK        ; CLK      ; None                        ; None                      ; 6.923 ns                ;
; N/A                                     ; 139.31 MHz ( period = 7.178 ns )                    ; Div100Hz:inst|cnt20M[28] ; Div100Hz:inst|cnt20M[31] ; CLK        ; CLK      ; None                        ; None                      ; 6.917 ns                ;
; N/A                                     ; 139.31 MHz ( period = 7.178 ns )                    ; Div100Hz:inst|cnt20M[28] ; Div100Hz:inst|cnt20M[26] ; CLK        ; CLK      ; None                        ; None                      ; 6.917 ns                ;
; N/A                                     ; 139.31 MHz ( period = 7.178 ns )                    ; Div100Hz:inst|cnt20M[28] ; Div100Hz:inst|cnt20M[27] ; CLK        ; CLK      ; None                        ; None                      ; 6.917 ns                ;
; N/A                                     ; 139.31 MHz ( period = 7.178 ns )                    ; Div100Hz:inst|cnt20M[28] ; Div100Hz:inst|cnt20M[28] ; CLK        ; CLK      ; None                        ; None                      ; 6.917 ns                ;
; N/A                                     ; 139.31 MHz ( period = 7.178 ns )                    ; Div100Hz:inst|cnt20M[28] ; Div100Hz:inst|cnt20M[29] ; CLK        ; CLK      ; None                        ; None                      ; 6.917 ns                ;
; N/A                                     ; 139.31 MHz ( period = 7.178 ns )                    ; Div100Hz:inst|cnt20M[28] ; Div100Hz:inst|cnt20M[30] ; CLK        ; CLK      ; None                        ; None                      ; 6.917 ns                ;
; N/A                                     ; 140.35 MHz ( period = 7.125 ns )                    ; Div100Hz:inst|cnt20M[27] ; Div100Hz:inst|cnt20M[25] ; CLK        ; CLK      ; None                        ; None                      ; 6.864 ns                ;
; N/A                                     ; 140.35 MHz ( period = 7.125 ns )                    ; Div100Hz:inst|cnt20M[27] ; Div100Hz:inst|cnt20M[20] ; CLK        ; CLK      ; None                        ; None                      ; 6.864 ns                ;
; N/A                                     ; 140.35 MHz ( period = 7.125 ns )                    ; Div100Hz:inst|cnt20M[27] ; Div100Hz:inst|cnt20M[24] ; CLK        ; CLK      ; None                        ; None                      ; 6.864 ns                ;
; N/A                                     ; 140.35 MHz ( period = 7.125 ns )                    ; Div100Hz:inst|cnt20M[27] ; Div100Hz:inst|cnt20M[23] ; CLK        ; CLK      ; None                        ; None                      ; 6.864 ns                ;
; N/A                                     ; 140.35 MHz ( period = 7.125 ns )                    ; Div100Hz:inst|cnt20M[27] ; Div100Hz:inst|cnt20M[22] ; CLK        ; CLK      ; None                        ; None                      ; 6.864 ns                ;
; N/A                                     ; 140.35 MHz ( period = 7.125 ns )                    ; Div100Hz:inst|cnt20M[27] ; Div100Hz:inst|cnt20M[21] ; CLK        ; CLK      ; None                        ; None                      ; 6.864 ns                ;
; N/A                                     ; 140.35 MHz ( period = 7.125 ns )                    ; Div100Hz:inst|cnt20M[27] ; Div100Hz:inst|cnt20M[19] ; CLK        ; CLK      ; None                        ; None                      ; 6.864 ns                ;
; N/A                                     ; 140.35 MHz ( period = 7.125 ns )                    ; Div100Hz:inst|cnt20M[27] ; Div100Hz:inst|cnt20M[18] ; CLK        ; CLK      ; None                        ; None                      ; 6.864 ns                ;
; N/A                                     ; 140.35 MHz ( period = 7.125 ns )                    ; Div100Hz:inst|cnt20M[27] ; Div100Hz:inst|cnt20M[17] ; CLK        ; CLK      ; None                        ; None                      ; 6.864 ns                ;
; N/A                                     ; 140.35 MHz ( period = 7.125 ns )                    ; Div100Hz:inst|cnt20M[27] ; Div100Hz:inst|cnt20M[16] ; CLK        ; CLK      ; None                        ; None                      ; 6.864 ns                ;
; N/A                                     ; 140.39 MHz ( period = 7.123 ns )                    ; Div100Hz:inst|cnt20M[27] ; Div100Hz:inst|cnt20M[15] ; CLK        ; CLK      ; None                        ; None                      ; 6.862 ns                ;
; N/A                                     ; 140.39 MHz ( period = 7.123 ns )                    ; Div100Hz:inst|cnt20M[27] ; Div100Hz:inst|cnt20M[7]  ; CLK        ; CLK      ; None                        ; None                      ; 6.862 ns                ;
; N/A                                     ; 140.39 MHz ( period = 7.123 ns )                    ; Div100Hz:inst|cnt20M[27] ; Div100Hz:inst|cnt20M[6]  ; CLK        ; CLK      ; None                        ; None                      ; 6.862 ns                ;
; N/A                                     ; 140.39 MHz ( period = 7.123 ns )                    ; Div100Hz:inst|cnt20M[27] ; Div100Hz:inst|cnt20M[8]  ; CLK        ; CLK      ; None                        ; None                      ; 6.862 ns                ;
; N/A                                     ; 140.39 MHz ( period = 7.123 ns )                    ; Div100Hz:inst|cnt20M[27] ; Div100Hz:inst|cnt20M[9]  ; CLK        ; CLK      ; None                        ; None                      ; 6.862 ns                ;
; N/A                                     ; 140.39 MHz ( period = 7.123 ns )                    ; Div100Hz:inst|cnt20M[27] ; Div100Hz:inst|cnt20M[10] ; CLK        ; CLK      ; None                        ; None                      ; 6.862 ns                ;
; N/A                                     ; 140.39 MHz ( period = 7.123 ns )                    ; Div100Hz:inst|cnt20M[27] ; Div100Hz:inst|cnt20M[11] ; CLK        ; CLK      ; None                        ; None                      ; 6.862 ns                ;
; N/A                                     ; 140.39 MHz ( period = 7.123 ns )                    ; Div100Hz:inst|cnt20M[27] ; Div100Hz:inst|cnt20M[13] ; CLK        ; CLK      ; None                        ; None                      ; 6.862 ns                ;
; N/A                                     ; 140.39 MHz ( period = 7.123 ns )                    ; Div100Hz:inst|cnt20M[27] ; Div100Hz:inst|cnt20M[12] ; CLK        ; CLK      ; None                        ; None                      ; 6.862 ns                ;
; N/A                                     ; 140.39 MHz ( period = 7.123 ns )                    ; Div100Hz:inst|cnt20M[27] ; Div100Hz:inst|cnt20M[14] ; CLK        ; CLK      ; None                        ; None                      ; 6.862 ns                ;
; N/A                                     ; 140.61 MHz ( period = 7.112 ns )                    ; Div100Hz:inst|cnt20M[27] ; Div100Hz:inst|cnt20M[31] ; CLK        ; CLK      ; None                        ; None                      ; 6.851 ns                ;
; N/A                                     ; 140.61 MHz ( period = 7.112 ns )                    ; Div100Hz:inst|cnt20M[27] ; Div100Hz:inst|cnt20M[26] ; CLK        ; CLK      ; None                        ; None                      ; 6.851 ns                ;
; N/A                                     ; 140.61 MHz ( period = 7.112 ns )                    ; Div100Hz:inst|cnt20M[27] ; Div100Hz:inst|cnt20M[27] ; CLK        ; CLK      ; None                        ; None                      ; 6.851 ns                ;
; N/A                                     ; 140.61 MHz ( period = 7.112 ns )                    ; Div100Hz:inst|cnt20M[27] ; Div100Hz:inst|cnt20M[28] ; CLK        ; CLK      ; None                        ; None                      ; 6.851 ns                ;
; N/A                                     ; 140.61 MHz ( period = 7.112 ns )                    ; Div100Hz:inst|cnt20M[27] ; Div100Hz:inst|cnt20M[29] ; CLK        ; CLK      ; None                        ; None                      ; 6.851 ns                ;
; N/A                                     ; 140.61 MHz ( period = 7.112 ns )                    ; Div100Hz:inst|cnt20M[27] ; Div100Hz:inst|cnt20M[30] ; CLK        ; CLK      ; None                        ; None                      ; 6.851 ns                ;
; N/A                                     ; 141.64 MHz ( period = 7.060 ns )                    ; Div100Hz:inst|cnt20M[6]  ; Div100Hz:inst|cnt20M[25] ; CLK        ; CLK      ; None                        ; None                      ; 6.799 ns                ;
; N/A                                     ; 141.64 MHz ( period = 7.060 ns )                    ; Div100Hz:inst|cnt20M[6]  ; Div100Hz:inst|cnt20M[20] ; CLK        ; CLK      ; None                        ; None                      ; 6.799 ns                ;
; N/A                                     ; 141.64 MHz ( period = 7.060 ns )                    ; Div100Hz:inst|cnt20M[6]  ; Div100Hz:inst|cnt20M[24] ; CLK        ; CLK      ; None                        ; None                      ; 6.799 ns                ;
; N/A                                     ; 141.64 MHz ( period = 7.060 ns )                    ; Div100Hz:inst|cnt20M[6]  ; Div100Hz:inst|cnt20M[23] ; CLK        ; CLK      ; None                        ; None                      ; 6.799 ns                ;
; N/A                                     ; 141.64 MHz ( period = 7.060 ns )                    ; Div100Hz:inst|cnt20M[6]  ; Div100Hz:inst|cnt20M[22] ; CLK        ; CLK      ; None                        ; None                      ; 6.799 ns                ;
; N/A                                     ; 141.64 MHz ( period = 7.060 ns )                    ; Div100Hz:inst|cnt20M[6]  ; Div100Hz:inst|cnt20M[21] ; CLK        ; CLK      ; None                        ; None                      ; 6.799 ns                ;
; N/A                                     ; 141.64 MHz ( period = 7.060 ns )                    ; Div100Hz:inst|cnt20M[6]  ; Div100Hz:inst|cnt20M[19] ; CLK        ; CLK      ; None                        ; None                      ; 6.799 ns                ;
; N/A                                     ; 141.64 MHz ( period = 7.060 ns )                    ; Div100Hz:inst|cnt20M[6]  ; Div100Hz:inst|cnt20M[18] ; CLK        ; CLK      ; None                        ; None                      ; 6.799 ns                ;
; N/A                                     ; 141.64 MHz ( period = 7.060 ns )                    ; Div100Hz:inst|cnt20M[6]  ; Div100Hz:inst|cnt20M[17] ; CLK        ; CLK      ; None                        ; None                      ; 6.799 ns                ;
; N/A                                     ; 141.64 MHz ( period = 7.060 ns )                    ; Div100Hz:inst|cnt20M[6]  ; Div100Hz:inst|cnt20M[16] ; CLK        ; CLK      ; None                        ; None                      ; 6.799 ns                ;
; N/A                                     ; 141.68 MHz ( period = 7.058 ns )                    ; Div100Hz:inst|cnt20M[6]  ; Div100Hz:inst|cnt20M[15] ; CLK        ; CLK      ; None                        ; None                      ; 6.797 ns                ;
; N/A                                     ; 141.68 MHz ( period = 7.058 ns )                    ; Div100Hz:inst|cnt20M[6]  ; Div100Hz:inst|cnt20M[7]  ; CLK        ; CLK      ; None                        ; None                      ; 6.797 ns                ;
; N/A                                     ; 141.68 MHz ( period = 7.058 ns )                    ; Div100Hz:inst|cnt20M[6]  ; Div100Hz:inst|cnt20M[6]  ; CLK        ; CLK      ; None                        ; None                      ; 6.797 ns                ;
; N/A                                     ; 141.68 MHz ( period = 7.058 ns )                    ; Div100Hz:inst|cnt20M[6]  ; Div100Hz:inst|cnt20M[8]  ; CLK        ; CLK      ; None                        ; None                      ; 6.797 ns                ;
; N/A                                     ; 141.68 MHz ( period = 7.058 ns )                    ; Div100Hz:inst|cnt20M[6]  ; Div100Hz:inst|cnt20M[9]  ; CLK        ; CLK      ; None                        ; None                      ; 6.797 ns                ;
; N/A                                     ; 141.68 MHz ( period = 7.058 ns )                    ; Div100Hz:inst|cnt20M[6]  ; Div100Hz:inst|cnt20M[10] ; CLK        ; CLK      ; None                        ; None                      ; 6.797 ns                ;
; N/A                                     ; 141.68 MHz ( period = 7.058 ns )                    ; Div100Hz:inst|cnt20M[6]  ; Div100Hz:inst|cnt20M[11] ; CLK        ; CLK      ; None                        ; None                      ; 6.797 ns                ;
; N/A                                     ; 141.68 MHz ( period = 7.058 ns )                    ; Div100Hz:inst|cnt20M[6]  ; Div100Hz:inst|cnt20M[13] ; CLK        ; CLK      ; None                        ; None                      ; 6.797 ns                ;
; N/A                                     ; 141.68 MHz ( period = 7.058 ns )                    ; Div100Hz:inst|cnt20M[6]  ; Div100Hz:inst|cnt20M[12] ; CLK        ; CLK      ; None                        ; None                      ; 6.797 ns                ;
; N/A                                     ; 141.68 MHz ( period = 7.058 ns )                    ; Div100Hz:inst|cnt20M[6]  ; Div100Hz:inst|cnt20M[14] ; CLK        ; CLK      ; None                        ; None                      ; 6.797 ns                ;
; N/A                                     ; 141.90 MHz ( period = 7.047 ns )                    ; Div100Hz:inst|cnt20M[6]  ; Div100Hz:inst|cnt20M[31] ; CLK        ; CLK      ; None                        ; None                      ; 6.786 ns                ;
; N/A                                     ; 141.90 MHz ( period = 7.047 ns )                    ; Div100Hz:inst|cnt20M[6]  ; Div100Hz:inst|cnt20M[26] ; CLK        ; CLK      ; None                        ; None                      ; 6.786 ns                ;
; N/A                                     ; 141.90 MHz ( period = 7.047 ns )                    ; Div100Hz:inst|cnt20M[6]  ; Div100Hz:inst|cnt20M[27] ; CLK        ; CLK      ; None                        ; None                      ; 6.786 ns                ;
; N/A                                     ; 141.90 MHz ( period = 7.047 ns )                    ; Div100Hz:inst|cnt20M[6]  ; Div100Hz:inst|cnt20M[28] ; CLK        ; CLK      ; None                        ; None                      ; 6.786 ns                ;
; N/A                                     ; 141.90 MHz ( period = 7.047 ns )                    ; Div100Hz:inst|cnt20M[6]  ; Div100Hz:inst|cnt20M[29] ; CLK        ; CLK      ; None                        ; None                      ; 6.786 ns                ;
; N/A                                     ; 141.90 MHz ( period = 7.047 ns )                    ; Div100Hz:inst|cnt20M[6]  ; Div100Hz:inst|cnt20M[30] ; CLK        ; CLK      ; None                        ; None                      ; 6.786 ns                ;
; N/A                                     ; 142.13 MHz ( period = 7.036 ns )                    ; Div100Hz:inst|cnt20M[15] ; Div100Hz:inst|cnt20M[25] ; CLK        ; CLK      ; None                        ; None                      ; 6.775 ns                ;
; N/A                                     ; 142.13 MHz ( period = 7.036 ns )                    ; Div100Hz:inst|cnt20M[15] ; Div100Hz:inst|cnt20M[20] ; CLK        ; CLK      ; None                        ; None                      ; 6.775 ns                ;
; N/A                                     ; 142.13 MHz ( period = 7.036 ns )                    ; Div100Hz:inst|cnt20M[15] ; Div100Hz:inst|cnt20M[24] ; CLK        ; CLK      ; None                        ; None                      ; 6.775 ns                ;
; N/A                                     ; 142.13 MHz ( period = 7.036 ns )                    ; Div100Hz:inst|cnt20M[15] ; Div100Hz:inst|cnt20M[23] ; CLK        ; CLK      ; None                        ; None                      ; 6.775 ns                ;
; N/A                                     ; 142.13 MHz ( period = 7.036 ns )                    ; Div100Hz:inst|cnt20M[15] ; Div100Hz:inst|cnt20M[22] ; CLK        ; CLK      ; None                        ; None                      ; 6.775 ns                ;
; N/A                                     ; 142.13 MHz ( period = 7.036 ns )                    ; Div100Hz:inst|cnt20M[15] ; Div100Hz:inst|cnt20M[21] ; CLK        ; CLK      ; None                        ; None                      ; 6.775 ns                ;
; N/A                                     ; 142.13 MHz ( period = 7.036 ns )                    ; Div100Hz:inst|cnt20M[15] ; Div100Hz:inst|cnt20M[19] ; CLK        ; CLK      ; None                        ; None                      ; 6.775 ns                ;
; N/A                                     ; 142.13 MHz ( period = 7.036 ns )                    ; Div100Hz:inst|cnt20M[15] ; Div100Hz:inst|cnt20M[18] ; CLK        ; CLK      ; None                        ; None                      ; 6.775 ns                ;
; N/A                                     ; 142.13 MHz ( period = 7.036 ns )                    ; Div100Hz:inst|cnt20M[15] ; Div100Hz:inst|cnt20M[17] ; CLK        ; CLK      ; None                        ; None                      ; 6.775 ns                ;
; N/A                                     ; 142.13 MHz ( period = 7.036 ns )                    ; Div100Hz:inst|cnt20M[15] ; Div100Hz:inst|cnt20M[16] ; CLK        ; CLK      ; None                        ; None                      ; 6.775 ns                ;
; N/A                                     ; 142.17 MHz ( period = 7.034 ns )                    ; Div100Hz:inst|cnt20M[15] ; Div100Hz:inst|cnt20M[15] ; CLK        ; CLK      ; None                        ; None                      ; 6.773 ns                ;
; N/A                                     ; 142.17 MHz ( period = 7.034 ns )                    ; Div100Hz:inst|cnt20M[15] ; Div100Hz:inst|cnt20M[7]  ; CLK        ; CLK      ; None                        ; None                      ; 6.773 ns                ;
; N/A                                     ; 142.17 MHz ( period = 7.034 ns )                    ; Div100Hz:inst|cnt20M[15] ; Div100Hz:inst|cnt20M[6]  ; CLK        ; CLK      ; None                        ; None                      ; 6.773 ns                ;
; N/A                                     ; 142.17 MHz ( period = 7.034 ns )                    ; Div100Hz:inst|cnt20M[15] ; Div100Hz:inst|cnt20M[8]  ; CLK        ; CLK      ; None                        ; None                      ; 6.773 ns                ;
; N/A                                     ; 142.17 MHz ( period = 7.034 ns )                    ; Div100Hz:inst|cnt20M[15] ; Div100Hz:inst|cnt20M[9]  ; CLK        ; CLK      ; None                        ; None                      ; 6.773 ns                ;
; N/A                                     ; 142.17 MHz ( period = 7.034 ns )                    ; Div100Hz:inst|cnt20M[15] ; Div100Hz:inst|cnt20M[10] ; CLK        ; CLK      ; None                        ; None                      ; 6.773 ns                ;
; N/A                                     ; 142.17 MHz ( period = 7.034 ns )                    ; Div100Hz:inst|cnt20M[15] ; Div100Hz:inst|cnt20M[11] ; CLK        ; CLK      ; None                        ; None                      ; 6.773 ns                ;
; N/A                                     ; 142.17 MHz ( period = 7.034 ns )                    ; Div100Hz:inst|cnt20M[15] ; Div100Hz:inst|cnt20M[13] ; CLK        ; CLK      ; None                        ; None                      ; 6.773 ns                ;
; N/A                                     ; 142.17 MHz ( period = 7.034 ns )                    ; Div100Hz:inst|cnt20M[15] ; Div100Hz:inst|cnt20M[12] ; CLK        ; CLK      ; None                        ; None                      ; 6.773 ns                ;
; N/A                                     ; 142.17 MHz ( period = 7.034 ns )                    ; Div100Hz:inst|cnt20M[15] ; Div100Hz:inst|cnt20M[14] ; CLK        ; CLK      ; None                        ; None                      ; 6.773 ns                ;
; N/A                                     ; 142.39 MHz ( period = 7.023 ns )                    ; Div100Hz:inst|cnt20M[15] ; Div100Hz:inst|cnt20M[31] ; CLK        ; CLK      ; None                        ; None                      ; 6.762 ns                ;
; N/A                                     ; 142.39 MHz ( period = 7.023 ns )                    ; Div100Hz:inst|cnt20M[15] ; Div100Hz:inst|cnt20M[26] ; CLK        ; CLK      ; None                        ; None                      ; 6.762 ns                ;
; N/A                                     ; 142.39 MHz ( period = 7.023 ns )                    ; Div100Hz:inst|cnt20M[15] ; Div100Hz:inst|cnt20M[27] ; CLK        ; CLK      ; None                        ; None                      ; 6.762 ns                ;
; N/A                                     ; 142.39 MHz ( period = 7.023 ns )                    ; Div100Hz:inst|cnt20M[15] ; Div100Hz:inst|cnt20M[28] ; CLK        ; CLK      ; None                        ; None                      ; 6.762 ns                ;
; N/A                                     ; 142.39 MHz ( period = 7.023 ns )                    ; Div100Hz:inst|cnt20M[15] ; Div100Hz:inst|cnt20M[29] ; CLK        ; CLK      ; None                        ; None                      ; 6.762 ns                ;
; N/A                                     ; 142.39 MHz ( period = 7.023 ns )                    ; Div100Hz:inst|cnt20M[15] ; Div100Hz:inst|cnt20M[30] ; CLK        ; CLK      ; None                        ; None                      ; 6.762 ns                ;
; N/A                                     ; 142.57 MHz ( period = 7.014 ns )                    ; Div100Hz:inst|cnt20M[26] ; Div100Hz:inst|cnt20M[25] ; CLK        ; CLK      ; None                        ; None                      ; 6.753 ns                ;
; N/A                                     ; 142.57 MHz ( period = 7.014 ns )                    ; Div100Hz:inst|cnt20M[26] ; Div100Hz:inst|cnt20M[20] ; CLK        ; CLK      ; None                        ; None                      ; 6.753 ns                ;
; N/A                                     ; 142.57 MHz ( period = 7.014 ns )                    ; Div100Hz:inst|cnt20M[26] ; Div100Hz:inst|cnt20M[24] ; CLK        ; CLK      ; None                        ; None                      ; 6.753 ns                ;
; N/A                                     ; 142.57 MHz ( period = 7.014 ns )                    ; Div100Hz:inst|cnt20M[26] ; Div100Hz:inst|cnt20M[23] ; CLK        ; CLK      ; None                        ; None                      ; 6.753 ns                ;
; N/A                                     ; 142.57 MHz ( period = 7.014 ns )                    ; Div100Hz:inst|cnt20M[26] ; Div100Hz:inst|cnt20M[22] ; CLK        ; CLK      ; None                        ; None                      ; 6.753 ns                ;
; N/A                                     ; 142.57 MHz ( period = 7.014 ns )                    ; Div100Hz:inst|cnt20M[26] ; Div100Hz:inst|cnt20M[21] ; CLK        ; CLK      ; None                        ; None                      ; 6.753 ns                ;
; N/A                                     ; 142.57 MHz ( period = 7.014 ns )                    ; Div100Hz:inst|cnt20M[26] ; Div100Hz:inst|cnt20M[19] ; CLK        ; CLK      ; None                        ; None                      ; 6.753 ns                ;
; N/A                                     ; 142.57 MHz ( period = 7.014 ns )                    ; Div100Hz:inst|cnt20M[26] ; Div100Hz:inst|cnt20M[18] ; CLK        ; CLK      ; None                        ; None                      ; 6.753 ns                ;
; N/A                                     ; 142.57 MHz ( period = 7.014 ns )                    ; Div100Hz:inst|cnt20M[26] ; Div100Hz:inst|cnt20M[17] ; CLK        ; CLK      ; None                        ; None                      ; 6.753 ns                ;
; N/A                                     ; 142.57 MHz ( period = 7.014 ns )                    ; Div100Hz:inst|cnt20M[26] ; Div100Hz:inst|cnt20M[16] ; CLK        ; CLK      ; None                        ; None                      ; 6.753 ns                ;
; N/A                                     ; 142.61 MHz ( period = 7.012 ns )                    ; Div100Hz:inst|cnt20M[26] ; Div100Hz:inst|cnt20M[7]  ; CLK        ; CLK      ; None                        ; None                      ; 6.751 ns                ;
; N/A                                     ; 142.61 MHz ( period = 7.012 ns )                    ; Div100Hz:inst|cnt20M[26] ; Div100Hz:inst|cnt20M[6]  ; CLK        ; CLK      ; None                        ; None                      ; 6.751 ns                ;
; N/A                                     ; 142.61 MHz ( period = 7.012 ns )                    ; Div100Hz:inst|cnt20M[26] ; Div100Hz:inst|cnt20M[8]  ; CLK        ; CLK      ; None                        ; None                      ; 6.751 ns                ;
; N/A                                     ; 142.61 MHz ( period = 7.012 ns )                    ; Div100Hz:inst|cnt20M[26] ; Div100Hz:inst|cnt20M[9]  ; CLK        ; CLK      ; None                        ; None                      ; 6.751 ns                ;
; N/A                                     ; 142.61 MHz ( period = 7.012 ns )                    ; Div100Hz:inst|cnt20M[26] ; Div100Hz:inst|cnt20M[10] ; CLK        ; CLK      ; None                        ; None                      ; 6.751 ns                ;
; N/A                                     ; 142.61 MHz ( period = 7.012 ns )                    ; Div100Hz:inst|cnt20M[26] ; Div100Hz:inst|cnt20M[11] ; CLK        ; CLK      ; None                        ; None                      ; 6.751 ns                ;
; N/A                                     ; 142.61 MHz ( period = 7.012 ns )                    ; Div100Hz:inst|cnt20M[26] ; Div100Hz:inst|cnt20M[13] ; CLK        ; CLK      ; None                        ; None                      ; 6.751 ns                ;
; N/A                                     ; 142.61 MHz ( period = 7.012 ns )                    ; Div100Hz:inst|cnt20M[26] ; Div100Hz:inst|cnt20M[12] ; CLK        ; CLK      ; None                        ; None                      ; 6.751 ns                ;
; Timing analysis restricted to 200 rows. ; To change the limit use Settings (Assignments menu) ;                          ;                          ;            ;          ;                             ;                           ;                         ;
+-----------------------------------------+-----------------------------------------------------+--------------------------+--------------------------+------------+----------+-----------------------------+---------------------------+-------------------------+


+--------------------------------------------------------------------+
; tco                                                                ;
+-------+--------------+------------+--------------+----+------------+
; Slack ; Required tco ; Actual tco ; From         ; To ; From Clock ;
+-------+--------------+------------+--------------+----+------------+
; N/A   ; None         ; 15.253 ns  ; myD:inst8|q  ; T4 ; CLK        ;
; N/A   ; None         ; 14.997 ns  ; myD:inst12|q ; T5 ; CLK        ;
; N/A   ; None         ; 14.685 ns  ; myD:inst5|q  ; T2 ; CLK        ;
; N/A   ; None         ; 14.684 ns  ; myD:inst3|q  ; T1 ; CLK        ;
; N/A   ; None         ; 14.678 ns  ; myD:inst7|q  ; T3 ; CLK        ;
+-------+--------------+------------+--------------+----+------------+


+--------------------------+
; Timing Analyzer Messages ;
+--------------------------+
Info: *******************************************************************
Info: Running Quartus II Classic Timing Analyzer
    Info: Version 9.0 Build 132 02/25/2009 SJ Full Version
    Info: Processing started: Fri Dec 02 11:30:56 2022
Info: Command: quartus_tan --read_settings_files=off --write_settings_files=off exp2_3 -c exp2_3 --timing_analysis_only
Info: Parallel compilation is enabled and will use 4 of the 8 processors detected
Warning: Found pins functioning as undefined clocks and/or memory enables
    Info: Assuming node "CLK" is an undefined clock
Warning: Found 3 node(s) in clock paths which may be acting as ripple and/or gated clocks -- node(s) analyzed as buffer(s) resulting in clock skew
    Info: Detected ripple clock "myD:inst12|q" as buffer
    Info: Detected ripple clock "Div100Hz:inst|clkout" as buffer
    Info: Detected gated clock "inst2" as buffer
Info: Clock "CLK" has Internal fmax of 134.57 MHz between source register "Div100Hz:inst|cnt20M[25]" and destination register "Div100Hz:inst|cnt20M[25]" (period= 7.431 ns)
    Info: + Longest register to register delay is 7.170 ns
        Info: 1: + IC(0.000 ns) + CELL(0.000 ns) = 0.000 ns; Loc. = LC_X20_Y8_N9; Fanout = 3; REG Node = 'Div100Hz:inst|cnt20M[25]'
        Info: 2: + IC(1.259 ns) + CELL(0.114 ns) = 1.373 ns; Loc. = LC_X20_Y7_N8; Fanout = 1; COMB Node = 'Div100Hz:inst|LessThan1~0'
        Info: 3: + IC(0.182 ns) + CELL(0.114 ns) = 1.669 ns; Loc. = LC_X20_Y7_N9; Fanout = 4; COMB Node = 'Div100Hz:inst|LessThan1~1'
        Info: 4: + IC(0.449 ns) + CELL(0.292 ns) = 2.410 ns; Loc. = LC_X20_Y7_N6; Fanout = 2; COMB Node = 'Div100Hz:inst|LessThan0~2'
        Info: 5: + IC(1.235 ns) + CELL(0.292 ns) = 3.937 ns; Loc. = LC_X20_Y10_N0; Fanout = 1; COMB Node = 'Div100Hz:inst|LessThan0~13'
        Info: 6: + IC(0.412 ns) + CELL(0.442 ns) = 4.791 ns; Loc. = LC_X20_Y10_N3; Fanout = 32; COMB Node = 'Div100Hz:inst|LessThan0~12'
        Info: 7: + IC(1.267 ns) + CELL(1.112 ns) = 7.170 ns; Loc. = LC_X20_Y8_N9; Fanout = 3; REG Node = 'Div100Hz:inst|cnt20M[25]'
        Info: Total cell delay = 2.366 ns ( 33.00 % )
        Info: Total interconnect delay = 4.804 ns ( 67.00 % )
    Info: - Smallest clock skew is 0.000 ns
        Info: + Shortest clock path from clock "CLK" to destination register is 2.782 ns
            Info: 1: + IC(0.000 ns) + CELL(1.469 ns) = 1.469 ns; Loc. = PIN_16; Fanout = 33; CLK Node = 'CLK'
            Info: 2: + IC(0.602 ns) + CELL(0.711 ns) = 2.782 ns; Loc. = LC_X20_Y8_N9; Fanout = 3; REG Node = 'Div100Hz:inst|cnt20M[25]'
            Info: Total cell delay = 2.180 ns ( 78.36 % )
            Info: Total interconnect delay = 0.602 ns ( 21.64 % )
        Info: - Longest clock path from clock "CLK" to source register is 2.782 ns
            Info: 1: + IC(0.000 ns) + CELL(1.469 ns) = 1.469 ns; Loc. = PIN_16; Fanout = 33; CLK Node = 'CLK'
            Info: 2: + IC(0.602 ns) + CELL(0.711 ns) = 2.782 ns; Loc. = LC_X20_Y8_N9; Fanout = 3; REG Node = 'Div100Hz:inst|cnt20M[25]'
            Info: Total cell delay = 2.180 ns ( 78.36 % )
            Info: Total interconnect delay = 0.602 ns ( 21.64 % )
    Info: + Micro clock to output delay of source is 0.224 ns
    Info: + Micro setup delay of destination is 0.037 ns
Info: tco from clock "CLK" to destination pin "T4" through register "myD:inst8|q" is 15.253 ns
    Info: + Longest clock path from clock "CLK" to source register is 9.521 ns
        Info: 1: + IC(0.000 ns) + CELL(1.469 ns) = 1.469 ns; Loc. = PIN_16; Fanout = 33; CLK Node = 'CLK'
        Info: 2: + IC(0.602 ns) + CELL(0.935 ns) = 3.006 ns; Loc. = LC_X21_Y11_N3; Fanout = 1; REG Node = 'Div100Hz:inst|clkout'
        Info: 3: + IC(0.522 ns) + CELL(0.114 ns) = 3.642 ns; Loc. = LC_X21_Y11_N4; Fanout = 5; COMB Node = 'inst2'
        Info: 4: + IC(5.168 ns) + CELL(0.711 ns) = 9.521 ns; Loc. = LC_X21_Y11_N6; Fanout = 3; REG Node = 'myD:inst8|q'
        Info: Total cell delay = 3.229 ns ( 33.91 % )
        Info: Total interconnect delay = 6.292 ns ( 66.09 % )
    Info: + Micro clock to output delay of source is 0.224 ns
    Info: + Longest register to pin delay is 5.508 ns
        Info: 1: + IC(0.000 ns) + CELL(0.000 ns) = 0.000 ns; Loc. = LC_X21_Y11_N6; Fanout = 3; REG Node = 'myD:inst8|q'
        Info: 2: + IC(3.400 ns) + CELL(2.108 ns) = 5.508 ns; Loc. = PIN_142; Fanout = 0; PIN Node = 'T4'
        Info: Total cell delay = 2.108 ns ( 38.27 % )
        Info: Total interconnect delay = 3.400 ns ( 61.73 % )
Info: Quartus II Classic Timing Analyzer was successful. 0 errors, 2 warnings
    Info: Peak virtual memory: 203 megabytes
    Info: Processing ended: Fri Dec 02 11:30:56 2022
    Info: Elapsed time: 00:00:00
    Info: Total CPU time (on all processors): 00:00:00


